RPM Package building for Sony CE Linux 11.0
Building target platforms: arm-sony-linux
Building for target arm-sony-linux
Executing(%prep): /bin/sh -e /home/rpmuser/rpm/tmp/rpm-tmp.ecpikq
Patch #0 (gdbm-1.8.3-Makefile.patch):
Executing(%build): /bin/sh -e /home/rpmuser/rpm/tmp/rpm-tmp.9KtIDo
checking for arm-sony-linux-gnueabi-gcc... arm-sony-linux-gnueabi-gcc -tarmv7a
checking for C compiler default output... a.out
checking whether the C compiler works... yes
checking whether we are cross compiling... yes
checking for suffix of executables... 
checking for suffix of object files... o
checking whether we are using the GNU C compiler... yes
checking whether arm-sony-linux-gnueabi-gcc -tarmv7a accepts -g... yes
checking for arm-sony-linux-gnueabi-gcc -tarmv7a option to accept ANSI C... none needed
checking how to run the C preprocessor... arm-sony-linux-gnueabi-cpp -tarmv7a
checking for a BSD-compatible install... /usr/bin/install -c
checking build system type... x86_64-unknown-linux-gnu
checking host system type... arm-sony-linux-gnueabi
checking for ld used by GCC... arm-sony-linux-gnueabi-ld
checking if the linker (arm-sony-linux-gnueabi-ld) is GNU ld... yes
checking for arm-sony-linux-gnueabi-ld option to reload object files... -r
checking for BSD-compatible nm... arm-sony-linux-gnueabi-nm
checking whether ln -s works... yes
checking how to recognise dependant libraries... file_magic ELF [0-9][0-9]*-bit [LM]SB (shared object|dynamic lib )
checking command to parse arm-sony-linux-gnueabi-nm output... ok
checking for egrep... grep -E
checking for ANSI C header files... yes
checking for sys/types.h... yes
checking for sys/stat.h... yes
checking for stdlib.h... yes
checking for string.h... yes
checking for memory.h... yes
checking for strings.h... yes
checking for inttypes.h... yes
checking for stdint.h... yes
checking for unistd.h... yes
checking dlfcn.h usability... yes
checking dlfcn.h presence... yes
checking for dlfcn.h... yes
checking for arm-sony-linux-gnueabi-file... no
checking for file... /usr/bin/file
checking for arm-sony-linux-gnueabi-ranlib... arm-sony-linux-gnueabi-ranlib
checking for arm-sony-linux-gnueabi-strip... true
checking for objdir... .libs
checking for arm-sony-linux-gnueabi-gcc option to produce PIC... -fPIC
checking if arm-sony-linux-gnueabi-gcc PIC flag -fPIC works... yes
checking if arm-sony-linux-gnueabi-gcc static flag -static works... yes
checking if arm-sony-linux-gnueabi-gcc supports -c -o file.o... yes
checking if arm-sony-linux-gnueabi-gcc supports -c -o file.lo... yes
checking if arm-sony-linux-gnueabi-gcc supports -fno-rtti -fno-exceptions... yes
checking whether the linker (arm-sony-linux-gnueabi-ld) supports shared libraries... yes
checking how to hardcode library paths into programs... immediate
checking whether stripping libraries is possible... no
checking dynamic linker characteristics... GNU/Linux ld.so
checking if libtool supports shared libraries... yes
checking whether to build shared libraries... yes
checking whether to build static libraries... yes
checking whether -lc should be explicitly linked in... no
creating libtool
checking for an ANSI C-conforming const... yes
checking for stdlib.h... (cached) yes
checking for string.h... (cached) yes
checking sys/file.h usability... yes
checking sys/file.h presence... yes
checking for sys/file.h... yes
checking for unistd.h... (cached) yes
checking fcntl.h usability... yes
checking fcntl.h presence... yes
checking for fcntl.h... yes
checking for sys/types.h... (cached) yes
checking memory.y usability... no
checking memory.y presence... no
checking for memory.y... no
checking for main in -ldbm... yes
checking for main in -lndbm... no
checking for rename... yes
checking for ftruncate... yes
checking for flock... yes
checking for bcopy... yes
checking for fsync... yes
checking for getopt... yes
checking for off_t... yes
checking for struct stat.st_blksize... yes
configure: creating ./config.status
config.status: creating Makefile
config.status: creating autoconf.h
/bin/sh ./libtool --mode=compile arm-sony-linux-gnueabi-gcc -tarmv7a -c   -I. -I../ -O2 -fPIC -D_REENTRANT ../gdbmopen.c
mkdir .libs
arm-sony-linux-gnueabi-gcc -tarmv7a -c -I. -I../ -O2 -fPIC -D_REENTRANT ../gdbmopen.c  -fPIC -DPIC -o .libs/gdbmopen.lo
arm-sony-linux-gnueabi-gcc -tarmv7a -c -I. -I../ -O2 -fPIC -D_REENTRANT ../gdbmopen.c -o gdbmopen.o >/dev/null 2>&1
mv -f .libs/gdbmopen.lo gdbmopen.lo
/bin/sh ./libtool --mode=compile arm-sony-linux-gnueabi-gcc -tarmv7a -c   -I. -I../ -O2 -fPIC -D_REENTRANT ../gdbmdelete.c
rm -f .libs/gdbmdelete.lo
arm-sony-linux-gnueabi-gcc -tarmv7a -c -I. -I../ -O2 -fPIC -D_REENTRANT ../gdbmdelete.c  -fPIC -DPIC -o .libs/gdbmdelete.lo
arm-sony-linux-gnueabi-gcc -tarmv7a -c -I. -I../ -O2 -fPIC -D_REENTRANT ../gdbmdelete.c -o gdbmdelete.o >/dev/null 2>&1
mv -f .libs/gdbmdelete.lo gdbmdelete.lo
/bin/sh ./libtool --mode=compile arm-sony-linux-gnueabi-gcc -tarmv7a -c   -I. -I../ -O2 -fPIC -D_REENTRANT ../gdbmfetch.c
rm -f .libs/gdbmfetch.lo
arm-sony-linux-gnueabi-gcc -tarmv7a -c -I. -I../ -O2 -fPIC -D_REENTRANT ../gdbmfetch.c  -fPIC -DPIC -o .libs/gdbmfetch.lo
arm-sony-linux-gnueabi-gcc -tarmv7a -c -I. -I../ -O2 -fPIC -D_REENTRANT ../gdbmfetch.c -o gdbmfetch.o >/dev/null 2>&1
mv -f .libs/gdbmfetch.lo gdbmfetch.lo
/bin/sh ./libtool --mode=compile arm-sony-linux-gnueabi-gcc -tarmv7a -c   -I. -I../ -O2 -fPIC -D_REENTRANT ../gdbmstore.c
rm -f .libs/gdbmstore.lo
arm-sony-linux-gnueabi-gcc -tarmv7a -c -I. -I../ -O2 -fPIC -D_REENTRANT ../gdbmstore.c  -fPIC -DPIC -o .libs/gdbmstore.lo
arm-sony-linux-gnueabi-gcc -tarmv7a -c -I. -I../ -O2 -fPIC -D_REENTRANT ../gdbmstore.c -o gdbmstore.o >/dev/null 2>&1
mv -f .libs/gdbmstore.lo gdbmstore.lo
/bin/sh ./libtool --mode=compile arm-sony-linux-gnueabi-gcc -tarmv7a -c   -I. -I../ -O2 -fPIC -D_REENTRANT ../gdbmclose.c
rm -f .libs/gdbmclose.lo
arm-sony-linux-gnueabi-gcc -tarmv7a -c -I. -I../ -O2 -fPIC -D_REENTRANT ../gdbmclose.c  -fPIC -DPIC -o .libs/gdbmclose.lo
arm-sony-linux-gnueabi-gcc -tarmv7a -c -I. -I../ -O2 -fPIC -D_REENTRANT ../gdbmclose.c -o gdbmclose.o >/dev/null 2>&1
mv -f .libs/gdbmclose.lo gdbmclose.lo
/bin/sh ./libtool --mode=compile arm-sony-linux-gnueabi-gcc -tarmv7a -c   -I. -I../ -O2 -fPIC -D_REENTRANT ../gdbmreorg.c
rm -f .libs/gdbmreorg.lo
arm-sony-linux-gnueabi-gcc -tarmv7a -c -I. -I../ -O2 -fPIC -D_REENTRANT ../gdbmreorg.c  -fPIC -DPIC -o .libs/gdbmreorg.lo
arm-sony-linux-gnueabi-gcc -tarmv7a -c -I. -I../ -O2 -fPIC -D_REENTRANT ../gdbmreorg.c -o gdbmreorg.o >/dev/null 2>&1
mv -f .libs/gdbmreorg.lo gdbmreorg.lo
/bin/sh ./libtool --mode=compile arm-sony-linux-gnueabi-gcc -tarmv7a -c   -I. -I../ -O2 -fPIC -D_REENTRANT ../gdbmseq.c
rm -f .libs/gdbmseq.lo
arm-sony-linux-gnueabi-gcc -tarmv7a -c -I. -I../ -O2 -fPIC -D_REENTRANT ../gdbmseq.c  -fPIC -DPIC -o .libs/gdbmseq.lo
arm-sony-linux-gnueabi-gcc -tarmv7a -c -I. -I../ -O2 -fPIC -D_REENTRANT ../gdbmseq.c -o gdbmseq.o >/dev/null 2>&1
mv -f .libs/gdbmseq.lo gdbmseq.lo
/bin/sh ./libtool --mode=compile arm-sony-linux-gnueabi-gcc -tarmv7a -c   -I. -I../ -O2 -fPIC -D_REENTRANT ../gdbmsync.c
rm -f .libs/gdbmsync.lo
arm-sony-linux-gnueabi-gcc -tarmv7a -c -I. -I../ -O2 -fPIC -D_REENTRANT ../gdbmsync.c  -fPIC -DPIC -o .libs/gdbmsync.lo
arm-sony-linux-gnueabi-gcc -tarmv7a -c -I. -I../ -O2 -fPIC -D_REENTRANT ../gdbmsync.c -o gdbmsync.o >/dev/null 2>&1
mv -f .libs/gdbmsync.lo gdbmsync.lo
/bin/sh ./libtool --mode=compile arm-sony-linux-gnueabi-gcc -tarmv7a -c   -I. -I../ -O2 -fPIC -D_REENTRANT ../gdbmerrno.c
rm -f .libs/gdbmerrno.lo
arm-sony-linux-gnueabi-gcc -tarmv7a -c -I. -I../ -O2 -fPIC -D_REENTRANT ../gdbmerrno.c  -fPIC -DPIC -o .libs/gdbmerrno.lo
arm-sony-linux-gnueabi-gcc -tarmv7a -c -I. -I../ -O2 -fPIC -D_REENTRANT ../gdbmerrno.c -o gdbmerrno.o >/dev/null 2>&1
mv -f .libs/gdbmerrno.lo gdbmerrno.lo
/bin/sh ./libtool --mode=compile arm-sony-linux-gnueabi-gcc -tarmv7a -c   -I. -I../ -O2 -fPIC -D_REENTRANT ../gdbmexists.c
rm -f .libs/gdbmexists.lo
arm-sony-linux-gnueabi-gcc -tarmv7a -c -I. -I../ -O2 -fPIC -D_REENTRANT ../gdbmexists.c  -fPIC -DPIC -o .libs/gdbmexists.lo
arm-sony-linux-gnueabi-gcc -tarmv7a -c -I. -I../ -O2 -fPIC -D_REENTRANT ../gdbmexists.c -o gdbmexists.o >/dev/null 2>&1
mv -f .libs/gdbmexists.lo gdbmexists.lo
/bin/sh ./libtool --mode=compile arm-sony-linux-gnueabi-gcc -tarmv7a -c   -I. -I../ -O2 -fPIC -D_REENTRANT ../gdbmfdesc.c
rm -f .libs/gdbmfdesc.lo
arm-sony-linux-gnueabi-gcc -tarmv7a -c -I. -I../ -O2 -fPIC -D_REENTRANT ../gdbmfdesc.c  -fPIC -DPIC -o .libs/gdbmfdesc.lo
arm-sony-linux-gnueabi-gcc -tarmv7a -c -I. -I../ -O2 -fPIC -D_REENTRANT ../gdbmfdesc.c -o gdbmfdesc.o >/dev/null 2>&1
mv -f .libs/gdbmfdesc.lo gdbmfdesc.lo
/bin/sh ./libtool --mode=compile arm-sony-linux-gnueabi-gcc -tarmv7a -c   -I. -I../ -O2 -fPIC -D_REENTRANT ../gdbmsetopt.c
rm -f .libs/gdbmsetopt.lo
arm-sony-linux-gnueabi-gcc -tarmv7a -c -I. -I../ -O2 -fPIC -D_REENTRANT ../gdbmsetopt.c  -fPIC -DPIC -o .libs/gdbmsetopt.lo
arm-sony-linux-gnueabi-gcc -tarmv7a -c -I. -I../ -O2 -fPIC -D_REENTRANT ../gdbmsetopt.c -o gdbmsetopt.o >/dev/null 2>&1
mv -f .libs/gdbmsetopt.lo gdbmsetopt.lo
/bin/sh ./libtool --mode=compile arm-sony-linux-gnueabi-gcc -tarmv7a -c   -I. -I../ -O2 -fPIC -D_REENTRANT ../bucket.c
rm -f .libs/bucket.lo
arm-sony-linux-gnueabi-gcc -tarmv7a -c -I. -I../ -O2 -fPIC -D_REENTRANT ../bucket.c  -fPIC -DPIC -o .libs/bucket.lo
arm-sony-linux-gnueabi-gcc -tarmv7a -c -I. -I../ -O2 -fPIC -D_REENTRANT ../bucket.c -o bucket.o >/dev/null 2>&1
mv -f .libs/bucket.lo bucket.lo
/bin/sh ./libtool --mode=compile arm-sony-linux-gnueabi-gcc -tarmv7a -c   -I. -I../ -O2 -fPIC -D_REENTRANT ../falloc.c
rm -f .libs/falloc.lo
arm-sony-linux-gnueabi-gcc -tarmv7a -c -I. -I../ -O2 -fPIC -D_REENTRANT ../falloc.c  -fPIC -DPIC -o .libs/falloc.lo
arm-sony-linux-gnueabi-gcc -tarmv7a -c -I. -I../ -O2 -fPIC -D_REENTRANT ../falloc.c -o falloc.o >/dev/null 2>&1
mv -f .libs/falloc.lo falloc.lo
/bin/sh ./libtool --mode=compile arm-sony-linux-gnueabi-gcc -tarmv7a -c   -I. -I../ -O2 -fPIC -D_REENTRANT ../findkey.c
rm -f .libs/findkey.lo
arm-sony-linux-gnueabi-gcc -tarmv7a -c -I. -I../ -O2 -fPIC -D_REENTRANT ../findkey.c  -fPIC -DPIC -o .libs/findkey.lo
arm-sony-linux-gnueabi-gcc -tarmv7a -c -I. -I../ -O2 -fPIC -D_REENTRANT ../findkey.c -o findkey.o >/dev/null 2>&1
mv -f .libs/findkey.lo findkey.lo
/bin/sh ./libtool --mode=compile arm-sony-linux-gnueabi-gcc -tarmv7a -c   -I. -I../ -O2 -fPIC -D_REENTRANT ../global.c
rm -f .libs/global.lo
arm-sony-linux-gnueabi-gcc -tarmv7a -c -I. -I../ -O2 -fPIC -D_REENTRANT ../global.c  -fPIC -DPIC -o .libs/global.lo
arm-sony-linux-gnueabi-gcc -tarmv7a -c -I. -I../ -O2 -fPIC -D_REENTRANT ../global.c -o global.o >/dev/null 2>&1
mv -f .libs/global.lo global.lo
/bin/sh ./libtool --mode=compile arm-sony-linux-gnueabi-gcc -tarmv7a -c   -I. -I../ -O2 -fPIC -D_REENTRANT ../hash.c
rm -f .libs/hash.lo
arm-sony-linux-gnueabi-gcc -tarmv7a -c -I. -I../ -O2 -fPIC -D_REENTRANT ../hash.c  -fPIC -DPIC -o .libs/hash.lo
arm-sony-linux-gnueabi-gcc -tarmv7a -c -I. -I../ -O2 -fPIC -D_REENTRANT ../hash.c -o hash.o >/dev/null 2>&1
mv -f .libs/hash.lo hash.lo
/bin/sh ./libtool --mode=compile arm-sony-linux-gnueabi-gcc -tarmv7a -c   -I. -I../ -O2 -fPIC -D_REENTRANT ../update.c
rm -f .libs/update.lo
arm-sony-linux-gnueabi-gcc -tarmv7a -c -I. -I../ -O2 -fPIC -D_REENTRANT ../update.c  -fPIC -DPIC -o .libs/update.lo
arm-sony-linux-gnueabi-gcc -tarmv7a -c -I. -I../ -O2 -fPIC -D_REENTRANT ../update.c -o update.o >/dev/null 2>&1
mv -f .libs/update.lo update.lo
/bin/sh ./libtool --mode=compile arm-sony-linux-gnueabi-gcc -tarmv7a -c   -I. -I../ -O2 -fPIC -D_REENTRANT ../version.c
rm -f .libs/version.lo
arm-sony-linux-gnueabi-gcc -tarmv7a -c -I. -I../ -O2 -fPIC -D_REENTRANT ../version.c  -fPIC -DPIC -o .libs/version.lo
arm-sony-linux-gnueabi-gcc -tarmv7a -c -I. -I../ -O2 -fPIC -D_REENTRANT ../version.c -o version.o >/dev/null 2>&1
mv -f .libs/version.lo version.lo
rm -f gdbm.h
cp ..//gdbm.proto gdbm.h
chmod +w gdbm.h
grep _ ..//gdbmerrno.h >> gdbm.h
cat ..//gdbm.proto2 >> gdbm.h
chmod -w gdbm.h
rm -f libgdbm.la
/bin/sh ./libtool --mode=link arm-sony-linux-gnueabi-gcc -tarmv7a -o libgdbm.la -rpath /usr/lib \
		-version-info 3 0 0 gdbmopen.lo gdbmdelete.lo gdbmfetch.lo  gdbmstore.lo gdbmclose.lo gdbmreorg.lo gdbmseq.lo gdbmsync.lo gdbmerrno.lo gdbmexists.lo gdbmfdesc.lo gdbmsetopt.lo bucket.lo falloc.lo findkey.lo global.lo hash.lo update.lo version.lo
rm -fr .libs/libgdbm.la .libs/libgdbm.* .libs/libgdbm.*
arm-sony-linux-gnueabi-gcc -tarmv7a -shared  gdbmopen.lo gdbmdelete.lo gdbmfetch.lo gdbmstore.lo gdbmclose.lo gdbmreorg.lo gdbmseq.lo gdbmsync.lo gdbmerrno.lo gdbmexists.lo gdbmfdesc.lo gdbmsetopt.lo bucket.lo falloc.lo findkey.lo global.lo hash.lo update.lo version.lo   -Wl,-soname -Wl,libgdbm.so.3 -o .libs/libgdbm.so.3.0.0
(cd .libs && rm -f libgdbm.so.3 && ln -s libgdbm.so.3.0.0 libgdbm.so.3)
(cd .libs && rm -f libgdbm.so && ln -s libgdbm.so.3.0.0 libgdbm.so)
arm-sony-linux-gnueabi-ar cru .libs/libgdbm.a  gdbmopen.o gdbmdelete.o gdbmfetch.o gdbmstore.o gdbmclose.o gdbmreorg.o gdbmseq.o gdbmsync.o gdbmerrno.o gdbmexists.o gdbmfdesc.o gdbmsetopt.o bucket.o falloc.o findkey.o global.o hash.o update.o version.o 
arm-sony-linux-gnueabi-ranlib .libs/libgdbm.a
creating libgdbm.la
(cd .libs && rm -f libgdbm.la && ln -s ../libgdbm.la libgdbm.la)
/bin/sh ./libtool --mode=compile arm-sony-linux-gnueabi-gcc -tarmv7a -c   -I. -I../ -O2 -fPIC -D_REENTRANT ../dbminit.c
rm -f .libs/dbminit.lo
arm-sony-linux-gnueabi-gcc -tarmv7a -c -I. -I../ -O2 -fPIC -D_REENTRANT ../dbminit.c  -fPIC -DPIC -o .libs/dbminit.lo
arm-sony-linux-gnueabi-gcc -tarmv7a -c -I. -I../ -O2 -fPIC -D_REENTRANT ../dbminit.c -o dbminit.o >/dev/null 2>&1
mv -f .libs/dbminit.lo dbminit.lo
/bin/sh ./libtool --mode=compile arm-sony-linux-gnueabi-gcc -tarmv7a -c   -I. -I../ -O2 -fPIC -D_REENTRANT ../delete.c
rm -f .libs/delete.lo
arm-sony-linux-gnueabi-gcc -tarmv7a -c -I. -I../ -O2 -fPIC -D_REENTRANT ../delete.c  -fPIC -DPIC -o .libs/delete.lo
arm-sony-linux-gnueabi-gcc -tarmv7a -c -I. -I../ -O2 -fPIC -D_REENTRANT ../delete.c -o delete.o >/dev/null 2>&1
mv -f .libs/delete.lo delete.lo
/bin/sh ./libtool --mode=compile arm-sony-linux-gnueabi-gcc -tarmv7a -c   -I. -I../ -O2 -fPIC -D_REENTRANT ../fetch.c
rm -f .libs/fetch.lo
arm-sony-linux-gnueabi-gcc -tarmv7a -c -I. -I../ -O2 -fPIC -D_REENTRANT ../fetch.c  -fPIC -DPIC -o .libs/fetch.lo
arm-sony-linux-gnueabi-gcc -tarmv7a -c -I. -I../ -O2 -fPIC -D_REENTRANT ../fetch.c -o fetch.o >/dev/null 2>&1
mv -f .libs/fetch.lo fetch.lo
/bin/sh ./libtool --mode=compile arm-sony-linux-gnueabi-gcc -tarmv7a -c   -I. -I../ -O2 -fPIC -D_REENTRANT ../store.c
rm -f .libs/store.lo
arm-sony-linux-gnueabi-gcc -tarmv7a -c -I. -I../ -O2 -fPIC -D_REENTRANT ../store.c  -fPIC -DPIC -o .libs/store.lo
arm-sony-linux-gnueabi-gcc -tarmv7a -c -I. -I../ -O2 -fPIC -D_REENTRANT ../store.c -o store.o >/dev/null 2>&1
mv -f .libs/store.lo store.lo
/bin/sh ./libtool --mode=compile arm-sony-linux-gnueabi-gcc -tarmv7a -c   -I. -I../ -O2 -fPIC -D_REENTRANT ../seq.c
rm -f .libs/seq.lo
arm-sony-linux-gnueabi-gcc -tarmv7a -c -I. -I../ -O2 -fPIC -D_REENTRANT ../seq.c  -fPIC -DPIC -o .libs/seq.lo
arm-sony-linux-gnueabi-gcc -tarmv7a -c -I. -I../ -O2 -fPIC -D_REENTRANT ../seq.c -o seq.o >/dev/null 2>&1
mv -f .libs/seq.lo seq.lo
/bin/sh ./libtool --mode=compile arm-sony-linux-gnueabi-gcc -tarmv7a -c   -I. -I../ -O2 -fPIC -D_REENTRANT ../close.c
rm -f .libs/close.lo
arm-sony-linux-gnueabi-gcc -tarmv7a -c -I. -I../ -O2 -fPIC -D_REENTRANT ../close.c  -fPIC -DPIC -o .libs/close.lo
arm-sony-linux-gnueabi-gcc -tarmv7a -c -I. -I../ -O2 -fPIC -D_REENTRANT ../close.c -o close.o >/dev/null 2>&1
mv -f .libs/close.lo close.lo
/bin/sh ./libtool --mode=compile arm-sony-linux-gnueabi-gcc -tarmv7a -c   -I. -I../ -O2 -fPIC -D_REENTRANT ../dbmopen.c
rm -f .libs/dbmopen.lo
arm-sony-linux-gnueabi-gcc -tarmv7a -c -I. -I../ -O2 -fPIC -D_REENTRANT ../dbmopen.c  -fPIC -DPIC -o .libs/dbmopen.lo
arm-sony-linux-gnueabi-gcc -tarmv7a -c -I. -I../ -O2 -fPIC -D_REENTRANT ../dbmopen.c -o dbmopen.o >/dev/null 2>&1
mv -f .libs/dbmopen.lo dbmopen.lo
/bin/sh ./libtool --mode=compile arm-sony-linux-gnueabi-gcc -tarmv7a -c   -I. -I../ -O2 -fPIC -D_REENTRANT ../dbmdelete.c
rm -f .libs/dbmdelete.lo
arm-sony-linux-gnueabi-gcc -tarmv7a -c -I. -I../ -O2 -fPIC -D_REENTRANT ../dbmdelete.c  -fPIC -DPIC -o .libs/dbmdelete.lo
arm-sony-linux-gnueabi-gcc -tarmv7a -c -I. -I../ -O2 -fPIC -D_REENTRANT ../dbmdelete.c -o dbmdelete.o >/dev/null 2>&1
mv -f .libs/dbmdelete.lo dbmdelete.lo
/bin/sh ./libtool --mode=compile arm-sony-linux-gnueabi-gcc -tarmv7a -c   -I. -I../ -O2 -fPIC -D_REENTRANT ../dbmfetch.c
rm -f .libs/dbmfetch.lo
arm-sony-linux-gnueabi-gcc -tarmv7a -c -I. -I../ -O2 -fPIC -D_REENTRANT ../dbmfetch.c  -fPIC -DPIC -o .libs/dbmfetch.lo
arm-sony-linux-gnueabi-gcc -tarmv7a -c -I. -I../ -O2 -fPIC -D_REENTRANT ../dbmfetch.c -o dbmfetch.o >/dev/null 2>&1
mv -f .libs/dbmfetch.lo dbmfetch.lo
/bin/sh ./libtool --mode=compile arm-sony-linux-gnueabi-gcc -tarmv7a -c   -I. -I../ -O2 -fPIC -D_REENTRANT ../dbmstore.c
rm -f .libs/dbmstore.lo
arm-sony-linux-gnueabi-gcc -tarmv7a -c -I. -I../ -O2 -fPIC -D_REENTRANT ../dbmstore.c  -fPIC -DPIC -o .libs/dbmstore.lo
arm-sony-linux-gnueabi-gcc -tarmv7a -c -I. -I../ -O2 -fPIC -D_REENTRANT ../dbmstore.c -o dbmstore.o >/dev/null 2>&1
mv -f .libs/dbmstore.lo dbmstore.lo
/bin/sh ./libtool --mode=compile arm-sony-linux-gnueabi-gcc -tarmv7a -c   -I. -I../ -O2 -fPIC -D_REENTRANT ../dbmseq.c
rm -f .libs/dbmseq.lo
arm-sony-linux-gnueabi-gcc -tarmv7a -c -I. -I../ -O2 -fPIC -D_REENTRANT ../dbmseq.c  -fPIC -DPIC -o .libs/dbmseq.lo
arm-sony-linux-gnueabi-gcc -tarmv7a -c -I. -I../ -O2 -fPIC -D_REENTRANT ../dbmseq.c -o dbmseq.o >/dev/null 2>&1
mv -f .libs/dbmseq.lo dbmseq.lo
/bin/sh ./libtool --mode=compile arm-sony-linux-gnueabi-gcc -tarmv7a -c   -I. -I../ -O2 -fPIC -D_REENTRANT ../dbmclose.c
rm -f .libs/dbmclose.lo
arm-sony-linux-gnueabi-gcc -tarmv7a -c -I. -I../ -O2 -fPIC -D_REENTRANT ../dbmclose.c  -fPIC -DPIC -o .libs/dbmclose.lo
arm-sony-linux-gnueabi-gcc -tarmv7a -c -I. -I../ -O2 -fPIC -D_REENTRANT ../dbmclose.c -o dbmclose.o >/dev/null 2>&1
mv -f .libs/dbmclose.lo dbmclose.lo
/bin/sh ./libtool --mode=compile arm-sony-linux-gnueabi-gcc -tarmv7a -c   -I. -I../ -O2 -fPIC -D_REENTRANT ../dbmdirfno.c
rm -f .libs/dbmdirfno.lo
arm-sony-linux-gnueabi-gcc -tarmv7a -c -I. -I../ -O2 -fPIC -D_REENTRANT ../dbmdirfno.c  -fPIC -DPIC -o .libs/dbmdirfno.lo
arm-sony-linux-gnueabi-gcc -tarmv7a -c -I. -I../ -O2 -fPIC -D_REENTRANT ../dbmdirfno.c -o dbmdirfno.o >/dev/null 2>&1
mv -f .libs/dbmdirfno.lo dbmdirfno.lo
/bin/sh ./libtool --mode=compile arm-sony-linux-gnueabi-gcc -tarmv7a -c   -I. -I../ -O2 -fPIC -D_REENTRANT ../dbmpagfno.c
rm -f .libs/dbmpagfno.lo
arm-sony-linux-gnueabi-gcc -tarmv7a -c -I. -I../ -O2 -fPIC -D_REENTRANT ../dbmpagfno.c  -fPIC -DPIC -o .libs/dbmpagfno.lo
arm-sony-linux-gnueabi-gcc -tarmv7a -c -I. -I../ -O2 -fPIC -D_REENTRANT ../dbmpagfno.c -o dbmpagfno.o >/dev/null 2>&1
mv -f .libs/dbmpagfno.lo dbmpagfno.lo
/bin/sh ./libtool --mode=compile arm-sony-linux-gnueabi-gcc -tarmv7a -c   -I. -I../ -O2 -fPIC -D_REENTRANT ../dbmrdonly.c
rm -f .libs/dbmrdonly.lo
arm-sony-linux-gnueabi-gcc -tarmv7a -c -I. -I../ -O2 -fPIC -D_REENTRANT ../dbmrdonly.c  -fPIC -DPIC -o .libs/dbmrdonly.lo
arm-sony-linux-gnueabi-gcc -tarmv7a -c -I. -I../ -O2 -fPIC -D_REENTRANT ../dbmrdonly.c -o dbmrdonly.o >/dev/null 2>&1
mv -f .libs/dbmrdonly.lo dbmrdonly.lo
rm -f libgdbm_compat.la
/bin/sh ./libtool --mode=link arm-sony-linux-gnueabi-gcc -tarmv7a -o libgdbm_compat.la -rpath /usr/lib \
		-version-info 3 0 0 dbminit.lo delete.lo fetch.lo store.lo seq.lo close.lo dbmopen.lo dbmdelete.lo dbmfetch.lo dbmstore.lo dbmseq.lo dbmclose.lo dbmdirfno.lo dbmpagfno.lo dbmrdonly.lo
rm -fr .libs/libgdbm_compat.la .libs/libgdbm_compat.* .libs/libgdbm_compat.*
arm-sony-linux-gnueabi-gcc -tarmv7a -shared  dbminit.lo delete.lo fetch.lo store.lo seq.lo close.lo dbmopen.lo dbmdelete.lo dbmfetch.lo dbmstore.lo dbmseq.lo dbmclose.lo dbmdirfno.lo dbmpagfno.lo dbmrdonly.lo   -Wl,-soname -Wl,libgdbm_compat.so.3 -o .libs/libgdbm_compat.so.3.0.0
(cd .libs && rm -f libgdbm_compat.so.3 && ln -s libgdbm_compat.so.3.0.0 libgdbm_compat.so.3)
(cd .libs && rm -f libgdbm_compat.so && ln -s libgdbm_compat.so.3.0.0 libgdbm_compat.so)
arm-sony-linux-gnueabi-ar cru .libs/libgdbm_compat.a  dbminit.o delete.o fetch.o store.o seq.o close.o dbmopen.o dbmdelete.o dbmfetch.o dbmstore.o dbmseq.o dbmclose.o dbmdirfno.o dbmpagfno.o dbmrdonly.o 
arm-sony-linux-gnueabi-ranlib .libs/libgdbm_compat.a
creating libgdbm_compat.la
(cd .libs && rm -f libgdbm_compat.la && ln -s ../libgdbm_compat.la libgdbm_compat.la)
/bin/sh ./libtool --mode=compile arm-sony-linux-gnueabi-gcc -tarmv7a -c   -I. -I.. -O2 -D_REENTRANT ../gdbmopen.c
mkdir .libs
arm-sony-linux-gnueabi-gcc -tarmv7a -c -I. -I.. -O2 -D_REENTRANT ../gdbmopen.c  -fPIC -DPIC -o .libs/gdbmopen.lo
arm-sony-linux-gnueabi-gcc -tarmv7a -c -I. -I.. -O2 -D_REENTRANT ../gdbmopen.c -o gdbmopen.o >/dev/null 2>&1
mv -f .libs/gdbmopen.lo gdbmopen.lo
/bin/sh ./libtool --mode=compile arm-sony-linux-gnueabi-gcc -tarmv7a -c   -I. -I.. -O2 -D_REENTRANT ../gdbmdelete.c
rm -f .libs/gdbmdelete.lo
arm-sony-linux-gnueabi-gcc -tarmv7a -c -I. -I.. -O2 -D_REENTRANT ../gdbmdelete.c  -fPIC -DPIC -o .libs/gdbmdelete.lo
arm-sony-linux-gnueabi-gcc -tarmv7a -c -I. -I.. -O2 -D_REENTRANT ../gdbmdelete.c -o gdbmdelete.o >/dev/null 2>&1
mv -f .libs/gdbmdelete.lo gdbmdelete.lo
/bin/sh ./libtool --mode=compile arm-sony-linux-gnueabi-gcc -tarmv7a -c   -I. -I.. -O2 -D_REENTRANT ../gdbmfetch.c
rm -f .libs/gdbmfetch.lo
arm-sony-linux-gnueabi-gcc -tarmv7a -c -I. -I.. -O2 -D_REENTRANT ../gdbmfetch.c  -fPIC -DPIC -o .libs/gdbmfetch.lo
arm-sony-linux-gnueabi-gcc -tarmv7a -c -I. -I.. -O2 -D_REENTRANT ../gdbmfetch.c -o gdbmfetch.o >/dev/null 2>&1
mv -f .libs/gdbmfetch.lo gdbmfetch.lo
/bin/sh ./libtool --mode=compile arm-sony-linux-gnueabi-gcc -tarmv7a -c   -I. -I.. -O2 -D_REENTRANT ../gdbmstore.c
rm -f .libs/gdbmstore.lo
arm-sony-linux-gnueabi-gcc -tarmv7a -c -I. -I.. -O2 -D_REENTRANT ../gdbmstore.c  -fPIC -DPIC -o .libs/gdbmstore.lo
arm-sony-linux-gnueabi-gcc -tarmv7a -c -I. -I.. -O2 -D_REENTRANT ../gdbmstore.c -o gdbmstore.o >/dev/null 2>&1
mv -f .libs/gdbmstore.lo gdbmstore.lo
/bin/sh ./libtool --mode=compile arm-sony-linux-gnueabi-gcc -tarmv7a -c   -I. -I.. -O2 -D_REENTRANT ../gdbmclose.c
rm -f .libs/gdbmclose.lo
arm-sony-linux-gnueabi-gcc -tarmv7a -c -I. -I.. -O2 -D_REENTRANT ../gdbmclose.c  -fPIC -DPIC -o .libs/gdbmclose.lo
arm-sony-linux-gnueabi-gcc -tarmv7a -c -I. -I.. -O2 -D_REENTRANT ../gdbmclose.c -o gdbmclose.o >/dev/null 2>&1
mv -f .libs/gdbmclose.lo gdbmclose.lo
/bin/sh ./libtool --mode=compile arm-sony-linux-gnueabi-gcc -tarmv7a -c   -I. -I.. -O2 -D_REENTRANT ../gdbmreorg.c
rm -f .libs/gdbmreorg.lo
arm-sony-linux-gnueabi-gcc -tarmv7a -c -I. -I.. -O2 -D_REENTRANT ../gdbmreorg.c  -fPIC -DPIC -o .libs/gdbmreorg.lo
arm-sony-linux-gnueabi-gcc -tarmv7a -c -I. -I.. -O2 -D_REENTRANT ../gdbmreorg.c -o gdbmreorg.o >/dev/null 2>&1
mv -f .libs/gdbmreorg.lo gdbmreorg.lo
/bin/sh ./libtool --mode=compile arm-sony-linux-gnueabi-gcc -tarmv7a -c   -I. -I.. -O2 -D_REENTRANT ../gdbmseq.c
rm -f .libs/gdbmseq.lo
arm-sony-linux-gnueabi-gcc -tarmv7a -c -I. -I.. -O2 -D_REENTRANT ../gdbmseq.c  -fPIC -DPIC -o .libs/gdbmseq.lo
arm-sony-linux-gnueabi-gcc -tarmv7a -c -I. -I.. -O2 -D_REENTRANT ../gdbmseq.c -o gdbmseq.o >/dev/null 2>&1
mv -f .libs/gdbmseq.lo gdbmseq.lo
/bin/sh ./libtool --mode=compile arm-sony-linux-gnueabi-gcc -tarmv7a -c   -I. -I.. -O2 -D_REENTRANT ../gdbmsync.c
rm -f .libs/gdbmsync.lo
arm-sony-linux-gnueabi-gcc -tarmv7a -c -I. -I.. -O2 -D_REENTRANT ../gdbmsync.c  -fPIC -DPIC -o .libs/gdbmsync.lo
arm-sony-linux-gnueabi-gcc -tarmv7a -c -I. -I.. -O2 -D_REENTRANT ../gdbmsync.c -o gdbmsync.o >/dev/null 2>&1
mv -f .libs/gdbmsync.lo gdbmsync.lo
/bin/sh ./libtool --mode=compile arm-sony-linux-gnueabi-gcc -tarmv7a -c   -I. -I.. -O2 -D_REENTRANT ../gdbmerrno.c
rm -f .libs/gdbmerrno.lo
arm-sony-linux-gnueabi-gcc -tarmv7a -c -I. -I.. -O2 -D_REENTRANT ../gdbmerrno.c  -fPIC -DPIC -o .libs/gdbmerrno.lo
arm-sony-linux-gnueabi-gcc -tarmv7a -c -I. -I.. -O2 -D_REENTRANT ../gdbmerrno.c -o gdbmerrno.o >/dev/null 2>&1
mv -f .libs/gdbmerrno.lo gdbmerrno.lo
/bin/sh ./libtool --mode=compile arm-sony-linux-gnueabi-gcc -tarmv7a -c   -I. -I.. -O2 -D_REENTRANT ../gdbmexists.c
rm -f .libs/gdbmexists.lo
arm-sony-linux-gnueabi-gcc -tarmv7a -c -I. -I.. -O2 -D_REENTRANT ../gdbmexists.c  -fPIC -DPIC -o .libs/gdbmexists.lo
arm-sony-linux-gnueabi-gcc -tarmv7a -c -I. -I.. -O2 -D_REENTRANT ../gdbmexists.c -o gdbmexists.o >/dev/null 2>&1
mv -f .libs/gdbmexists.lo gdbmexists.lo
/bin/sh ./libtool --mode=compile arm-sony-linux-gnueabi-gcc -tarmv7a -c   -I. -I.. -O2 -D_REENTRANT ../gdbmfdesc.c
rm -f .libs/gdbmfdesc.lo
arm-sony-linux-gnueabi-gcc -tarmv7a -c -I. -I.. -O2 -D_REENTRANT ../gdbmfdesc.c  -fPIC -DPIC -o .libs/gdbmfdesc.lo
arm-sony-linux-gnueabi-gcc -tarmv7a -c -I. -I.. -O2 -D_REENTRANT ../gdbmfdesc.c -o gdbmfdesc.o >/dev/null 2>&1
mv -f .libs/gdbmfdesc.lo gdbmfdesc.lo
/bin/sh ./libtool --mode=compile arm-sony-linux-gnueabi-gcc -tarmv7a -c   -I. -I.. -O2 -D_REENTRANT ../gdbmsetopt.c
rm -f .libs/gdbmsetopt.lo
arm-sony-linux-gnueabi-gcc -tarmv7a -c -I. -I.. -O2 -D_REENTRANT ../gdbmsetopt.c  -fPIC -DPIC -o .libs/gdbmsetopt.lo
arm-sony-linux-gnueabi-gcc -tarmv7a -c -I. -I.. -O2 -D_REENTRANT ../gdbmsetopt.c -o gdbmsetopt.o >/dev/null 2>&1
mv -f .libs/gdbmsetopt.lo gdbmsetopt.lo
/bin/sh ./libtool --mode=compile arm-sony-linux-gnueabi-gcc -tarmv7a -c   -I. -I.. -O2 -D_REENTRANT ../bucket.c
rm -f .libs/bucket.lo
arm-sony-linux-gnueabi-gcc -tarmv7a -c -I. -I.. -O2 -D_REENTRANT ../bucket.c  -fPIC -DPIC -o .libs/bucket.lo
arm-sony-linux-gnueabi-gcc -tarmv7a -c -I. -I.. -O2 -D_REENTRANT ../bucket.c -o bucket.o >/dev/null 2>&1
mv -f .libs/bucket.lo bucket.lo
/bin/sh ./libtool --mode=compile arm-sony-linux-gnueabi-gcc -tarmv7a -c   -I. -I.. -O2 -D_REENTRANT ../falloc.c
rm -f .libs/falloc.lo
arm-sony-linux-gnueabi-gcc -tarmv7a -c -I. -I.. -O2 -D_REENTRANT ../falloc.c  -fPIC -DPIC -o .libs/falloc.lo
arm-sony-linux-gnueabi-gcc -tarmv7a -c -I. -I.. -O2 -D_REENTRANT ../falloc.c -o falloc.o >/dev/null 2>&1
mv -f .libs/falloc.lo falloc.lo
/bin/sh ./libtool --mode=compile arm-sony-linux-gnueabi-gcc -tarmv7a -c   -I. -I.. -O2 -D_REENTRANT ../findkey.c
rm -f .libs/findkey.lo
arm-sony-linux-gnueabi-gcc -tarmv7a -c -I. -I.. -O2 -D_REENTRANT ../findkey.c  -fPIC -DPIC -o .libs/findkey.lo
arm-sony-linux-gnueabi-gcc -tarmv7a -c -I. -I.. -O2 -D_REENTRANT ../findkey.c -o findkey.o >/dev/null 2>&1
mv -f .libs/findkey.lo findkey.lo
/bin/sh ./libtool --mode=compile arm-sony-linux-gnueabi-gcc -tarmv7a -c   -I. -I.. -O2 -D_REENTRANT ../global.c
rm -f .libs/global.lo
arm-sony-linux-gnueabi-gcc -tarmv7a -c -I. -I.. -O2 -D_REENTRANT ../global.c  -fPIC -DPIC -o .libs/global.lo
arm-sony-linux-gnueabi-gcc -tarmv7a -c -I. -I.. -O2 -D_REENTRANT ../global.c -o global.o >/dev/null 2>&1
mv -f .libs/global.lo global.lo
/bin/sh ./libtool --mode=compile arm-sony-linux-gnueabi-gcc -tarmv7a -c   -I. -I.. -O2 -D_REENTRANT ../hash.c
rm -f .libs/hash.lo
arm-sony-linux-gnueabi-gcc -tarmv7a -c -I. -I.. -O2 -D_REENTRANT ../hash.c  -fPIC -DPIC -o .libs/hash.lo
arm-sony-linux-gnueabi-gcc -tarmv7a -c -I. -I.. -O2 -D_REENTRANT ../hash.c -o hash.o >/dev/null 2>&1
mv -f .libs/hash.lo hash.lo
/bin/sh ./libtool --mode=compile arm-sony-linux-gnueabi-gcc -tarmv7a -c   -I. -I.. -O2 -D_REENTRANT ../update.c
rm -f .libs/update.lo
arm-sony-linux-gnueabi-gcc -tarmv7a -c -I. -I.. -O2 -D_REENTRANT ../update.c  -fPIC -DPIC -o .libs/update.lo
arm-sony-linux-gnueabi-gcc -tarmv7a -c -I. -I.. -O2 -D_REENTRANT ../update.c -o update.o >/dev/null 2>&1
mv -f .libs/update.lo update.lo
/bin/sh ./libtool --mode=compile arm-sony-linux-gnueabi-gcc -tarmv7a -c   -I. -I.. -O2 -D_REENTRANT ../version.c
rm -f .libs/version.lo
arm-sony-linux-gnueabi-gcc -tarmv7a -c -I. -I.. -O2 -D_REENTRANT ../version.c  -fPIC -DPIC -o .libs/version.lo
arm-sony-linux-gnueabi-gcc -tarmv7a -c -I. -I.. -O2 -D_REENTRANT ../version.c -o version.o >/dev/null 2>&1
mv -f .libs/version.lo version.lo
rm -f gdbm.h
cp ../gdbm.proto gdbm.h
chmod +w gdbm.h
grep _ ../gdbmerrno.h >> gdbm.h
cat ../gdbm.proto2 >> gdbm.h
chmod -w gdbm.h
rm -f libgdbm.la
/bin/sh ./libtool --mode=link arm-sony-linux-gnueabi-gcc -tarmv7a -o libgdbm.la -rpath /usr/lib \
		-version-info 3 0 0 gdbmopen.lo gdbmdelete.lo gdbmfetch.lo  gdbmstore.lo gdbmclose.lo gdbmreorg.lo gdbmseq.lo gdbmsync.lo gdbmerrno.lo gdbmexists.lo gdbmfdesc.lo gdbmsetopt.lo bucket.lo falloc.lo findkey.lo global.lo hash.lo update.lo version.lo
rm -fr .libs/libgdbm.la .libs/libgdbm.* .libs/libgdbm.*
arm-sony-linux-gnueabi-gcc -tarmv7a -shared  gdbmopen.lo gdbmdelete.lo gdbmfetch.lo gdbmstore.lo gdbmclose.lo gdbmreorg.lo gdbmseq.lo gdbmsync.lo gdbmerrno.lo gdbmexists.lo gdbmfdesc.lo gdbmsetopt.lo bucket.lo falloc.lo findkey.lo global.lo hash.lo update.lo version.lo   -Wl,-soname -Wl,libgdbm.so.3 -o .libs/libgdbm.so.3.0.0
(cd .libs && rm -f libgdbm.so.3 && ln -s libgdbm.so.3.0.0 libgdbm.so.3)
(cd .libs && rm -f libgdbm.so && ln -s libgdbm.so.3.0.0 libgdbm.so)
arm-sony-linux-gnueabi-ar cru .libs/libgdbm.a  gdbmopen.o gdbmdelete.o gdbmfetch.o gdbmstore.o gdbmclose.o gdbmreorg.o gdbmseq.o gdbmsync.o gdbmerrno.o gdbmexists.o gdbmfdesc.o gdbmsetopt.o bucket.o falloc.o findkey.o global.o hash.o update.o version.o 
arm-sony-linux-gnueabi-ranlib .libs/libgdbm.a
creating libgdbm.la
(cd .libs && rm -f libgdbm.la && ln -s ../libgdbm.la libgdbm.la)
/bin/sh ./libtool --mode=compile arm-sony-linux-gnueabi-gcc -tarmv7a -c   -I. -I.. -O2 -D_REENTRANT ../dbminit.c
rm -f .libs/dbminit.lo
arm-sony-linux-gnueabi-gcc -tarmv7a -c -I. -I.. -O2 -D_REENTRANT ../dbminit.c  -fPIC -DPIC -o .libs/dbminit.lo
arm-sony-linux-gnueabi-gcc -tarmv7a -c -I. -I.. -O2 -D_REENTRANT ../dbminit.c -o dbminit.o >/dev/null 2>&1
mv -f .libs/dbminit.lo dbminit.lo
/bin/sh ./libtool --mode=compile arm-sony-linux-gnueabi-gcc -tarmv7a -c   -I. -I.. -O2 -D_REENTRANT ../delete.c
rm -f .libs/delete.lo
arm-sony-linux-gnueabi-gcc -tarmv7a -c -I. -I.. -O2 -D_REENTRANT ../delete.c  -fPIC -DPIC -o .libs/delete.lo
arm-sony-linux-gnueabi-gcc -tarmv7a -c -I. -I.. -O2 -D_REENTRANT ../delete.c -o delete.o >/dev/null 2>&1
mv -f .libs/delete.lo delete.lo
/bin/sh ./libtool --mode=compile arm-sony-linux-gnueabi-gcc -tarmv7a -c   -I. -I.. -O2 -D_REENTRANT ../fetch.c
rm -f .libs/fetch.lo
arm-sony-linux-gnueabi-gcc -tarmv7a -c -I. -I.. -O2 -D_REENTRANT ../fetch.c  -fPIC -DPIC -o .libs/fetch.lo
arm-sony-linux-gnueabi-gcc -tarmv7a -c -I. -I.. -O2 -D_REENTRANT ../fetch.c -o fetch.o >/dev/null 2>&1
mv -f .libs/fetch.lo fetch.lo
/bin/sh ./libtool --mode=compile arm-sony-linux-gnueabi-gcc -tarmv7a -c   -I. -I.. -O2 -D_REENTRANT ../store.c
rm -f .libs/store.lo
arm-sony-linux-gnueabi-gcc -tarmv7a -c -I. -I.. -O2 -D_REENTRANT ../store.c  -fPIC -DPIC -o .libs/store.lo
arm-sony-linux-gnueabi-gcc -tarmv7a -c -I. -I.. -O2 -D_REENTRANT ../store.c -o store.o >/dev/null 2>&1
mv -f .libs/store.lo store.lo
/bin/sh ./libtool --mode=compile arm-sony-linux-gnueabi-gcc -tarmv7a -c   -I. -I.. -O2 -D_REENTRANT ../seq.c
rm -f .libs/seq.lo
arm-sony-linux-gnueabi-gcc -tarmv7a -c -I. -I.. -O2 -D_REENTRANT ../seq.c  -fPIC -DPIC -o .libs/seq.lo
arm-sony-linux-gnueabi-gcc -tarmv7a -c -I. -I.. -O2 -D_REENTRANT ../seq.c -o seq.o >/dev/null 2>&1
mv -f .libs/seq.lo seq.lo
/bin/sh ./libtool --mode=compile arm-sony-linux-gnueabi-gcc -tarmv7a -c   -I. -I.. -O2 -D_REENTRANT ../close.c
rm -f .libs/close.lo
arm-sony-linux-gnueabi-gcc -tarmv7a -c -I. -I.. -O2 -D_REENTRANT ../close.c  -fPIC -DPIC -o .libs/close.lo
arm-sony-linux-gnueabi-gcc -tarmv7a -c -I. -I.. -O2 -D_REENTRANT ../close.c -o close.o >/dev/null 2>&1
mv -f .libs/close.lo close.lo
/bin/sh ./libtool --mode=compile arm-sony-linux-gnueabi-gcc -tarmv7a -c   -I. -I.. -O2 -D_REENTRANT ../dbmopen.c
rm -f .libs/dbmopen.lo
arm-sony-linux-gnueabi-gcc -tarmv7a -c -I. -I.. -O2 -D_REENTRANT ../dbmopen.c  -fPIC -DPIC -o .libs/dbmopen.lo
arm-sony-linux-gnueabi-gcc -tarmv7a -c -I. -I.. -O2 -D_REENTRANT ../dbmopen.c -o dbmopen.o >/dev/null 2>&1
mv -f .libs/dbmopen.lo dbmopen.lo
/bin/sh ./libtool --mode=compile arm-sony-linux-gnueabi-gcc -tarmv7a -c   -I. -I.. -O2 -D_REENTRANT ../dbmdelete.c
rm -f .libs/dbmdelete.lo
arm-sony-linux-gnueabi-gcc -tarmv7a -c -I. -I.. -O2 -D_REENTRANT ../dbmdelete.c  -fPIC -DPIC -o .libs/dbmdelete.lo
arm-sony-linux-gnueabi-gcc -tarmv7a -c -I. -I.. -O2 -D_REENTRANT ../dbmdelete.c -o dbmdelete.o >/dev/null 2>&1
mv -f .libs/dbmdelete.lo dbmdelete.lo
/bin/sh ./libtool --mode=compile arm-sony-linux-gnueabi-gcc -tarmv7a -c   -I. -I.. -O2 -D_REENTRANT ../dbmfetch.c
rm -f .libs/dbmfetch.lo
arm-sony-linux-gnueabi-gcc -tarmv7a -c -I. -I.. -O2 -D_REENTRANT ../dbmfetch.c  -fPIC -DPIC -o .libs/dbmfetch.lo
arm-sony-linux-gnueabi-gcc -tarmv7a -c -I. -I.. -O2 -D_REENTRANT ../dbmfetch.c -o dbmfetch.o >/dev/null 2>&1
mv -f .libs/dbmfetch.lo dbmfetch.lo
/bin/sh ./libtool --mode=compile arm-sony-linux-gnueabi-gcc -tarmv7a -c   -I. -I.. -O2 -D_REENTRANT ../dbmstore.c
rm -f .libs/dbmstore.lo
arm-sony-linux-gnueabi-gcc -tarmv7a -c -I. -I.. -O2 -D_REENTRANT ../dbmstore.c  -fPIC -DPIC -o .libs/dbmstore.lo
arm-sony-linux-gnueabi-gcc -tarmv7a -c -I. -I.. -O2 -D_REENTRANT ../dbmstore.c -o dbmstore.o >/dev/null 2>&1
mv -f .libs/dbmstore.lo dbmstore.lo
/bin/sh ./libtool --mode=compile arm-sony-linux-gnueabi-gcc -tarmv7a -c   -I. -I.. -O2 -D_REENTRANT ../dbmseq.c
rm -f .libs/dbmseq.lo
arm-sony-linux-gnueabi-gcc -tarmv7a -c -I. -I.. -O2 -D_REENTRANT ../dbmseq.c  -fPIC -DPIC -o .libs/dbmseq.lo
arm-sony-linux-gnueabi-gcc -tarmv7a -c -I. -I.. -O2 -D_REENTRANT ../dbmseq.c -o dbmseq.o >/dev/null 2>&1
mv -f .libs/dbmseq.lo dbmseq.lo
/bin/sh ./libtool --mode=compile arm-sony-linux-gnueabi-gcc -tarmv7a -c   -I. -I.. -O2 -D_REENTRANT ../dbmclose.c
rm -f .libs/dbmclose.lo
arm-sony-linux-gnueabi-gcc -tarmv7a -c -I. -I.. -O2 -D_REENTRANT ../dbmclose.c  -fPIC -DPIC -o .libs/dbmclose.lo
arm-sony-linux-gnueabi-gcc -tarmv7a -c -I. -I.. -O2 -D_REENTRANT ../dbmclose.c -o dbmclose.o >/dev/null 2>&1
mv -f .libs/dbmclose.lo dbmclose.lo
/bin/sh ./libtool --mode=compile arm-sony-linux-gnueabi-gcc -tarmv7a -c   -I. -I.. -O2 -D_REENTRANT ../dbmdirfno.c
rm -f .libs/dbmdirfno.lo
arm-sony-linux-gnueabi-gcc -tarmv7a -c -I. -I.. -O2 -D_REENTRANT ../dbmdirfno.c  -fPIC -DPIC -o .libs/dbmdirfno.lo
arm-sony-linux-gnueabi-gcc -tarmv7a -c -I. -I.. -O2 -D_REENTRANT ../dbmdirfno.c -o dbmdirfno.o >/dev/null 2>&1
mv -f .libs/dbmdirfno.lo dbmdirfno.lo
/bin/sh ./libtool --mode=compile arm-sony-linux-gnueabi-gcc -tarmv7a -c   -I. -I.. -O2 -D_REENTRANT ../dbmpagfno.c
rm -f .libs/dbmpagfno.lo
arm-sony-linux-gnueabi-gcc -tarmv7a -c -I. -I.. -O2 -D_REENTRANT ../dbmpagfno.c  -fPIC -DPIC -o .libs/dbmpagfno.lo
arm-sony-linux-gnueabi-gcc -tarmv7a -c -I. -I.. -O2 -D_REENTRANT ../dbmpagfno.c -o dbmpagfno.o >/dev/null 2>&1
mv -f .libs/dbmpagfno.lo dbmpagfno.lo
/bin/sh ./libtool --mode=compile arm-sony-linux-gnueabi-gcc -tarmv7a -c   -I. -I.. -O2 -D_REENTRANT ../dbmrdonly.c
rm -f .libs/dbmrdonly.lo
arm-sony-linux-gnueabi-gcc -tarmv7a -c -I. -I.. -O2 -D_REENTRANT ../dbmrdonly.c  -fPIC -DPIC -o .libs/dbmrdonly.lo
arm-sony-linux-gnueabi-gcc -tarmv7a -c -I. -I.. -O2 -D_REENTRANT ../dbmrdonly.c -o dbmrdonly.o >/dev/null 2>&1
mv -f .libs/dbmrdonly.lo dbmrdonly.lo
rm -f libgdbm_compat.la
/bin/sh ./libtool --mode=link arm-sony-linux-gnueabi-gcc -tarmv7a -o libgdbm_compat.la -rpath /usr/lib \
		-version-info 3 0 0 dbminit.lo delete.lo fetch.lo store.lo seq.lo close.lo dbmopen.lo dbmdelete.lo dbmfetch.lo dbmstore.lo dbmseq.lo dbmclose.lo dbmdirfno.lo dbmpagfno.lo dbmrdonly.lo
rm -fr .libs/libgdbm_compat.la .libs/libgdbm_compat.* .libs/libgdbm_compat.*
arm-sony-linux-gnueabi-gcc -tarmv7a -shared  dbminit.lo delete.lo fetch.lo store.lo seq.lo close.lo dbmopen.lo dbmdelete.lo dbmfetch.lo dbmstore.lo dbmseq.lo dbmclose.lo dbmdirfno.lo dbmpagfno.lo dbmrdonly.lo   -Wl,-soname -Wl,libgdbm_compat.so.3 -o .libs/libgdbm_compat.so.3.0.0
(cd .libs && rm -f libgdbm_compat.so.3 && ln -s libgdbm_compat.so.3.0.0 libgdbm_compat.so.3)
(cd .libs && rm -f libgdbm_compat.so && ln -s libgdbm_compat.so.3.0.0 libgdbm_compat.so)
arm-sony-linux-gnueabi-ar cru .libs/libgdbm_compat.a  dbminit.o delete.o fetch.o store.o seq.o close.o dbmopen.o dbmdelete.o dbmfetch.o dbmstore.o dbmseq.o dbmclose.o dbmdirfno.o dbmpagfno.o dbmrdonly.o 
arm-sony-linux-gnueabi-ranlib .libs/libgdbm_compat.a
creating libgdbm_compat.la
(cd .libs && rm -f libgdbm_compat.la && ln -s ../libgdbm_compat.la libgdbm_compat.la)
make: `gdbm.info' is up to date.
Executing(%install): /bin/sh -e /home/rpmuser/rpm/tmp/rpm-tmp.xW8hH3
~/rpm/BUILDROOT/sony-target-dev-gdbm-1.8.3-11000001.x86_64/usr/local/arm-sony-linux-gnueabi/target/armv7a/usr/man/man3 ~/rpm/BUILD/gdbm-1.8.3
~/rpm/BUILD/gdbm-1.8.3
Preparing libtool libraries for cross-compilation: /home/rpmuser/rpm/BUILDROOT/sony-target-dev-gdbm-1.8.3-11000001.x86_64/usr/local/arm-sony-linux-gnueabi/target/armv7a/usr/lib/libgdbm.la ... complete.
Processing files: arm-sony-linux-gnueabi-armv7a-dev-gdbm-1.8.3-11000001.arm
Checking for unpackaged file(s): /usr/lib/rpm/check-files /home/rpmuser/rpm/BUILDROOT/sony-target-dev-gdbm-1.8.3-11000001.x86_64
Wrote: /home/rpmuser/rpm/SRPMS/sony-target-dev-gdbm-1.8.3-11000001.src.rpm
Wrote: /home/rpmuser/rpm/RPMS/arm/arm-sony-linux-gnueabi-armv7a-dev-gdbm-1.8.3-11000001.arm.rpm
Executing(%clean): /bin/sh -e /home/rpmuser/rpm/tmp/rpm-tmp.Jr2OV3
