RPM Package building for Sony CE Linux 11.0
Building target platforms: arm-sony-linux
Building for target arm-sony-linux
Executing(%prep): /bin/sh -e /home/rpmuser/rpm/tmp/rpm-tmp.NBWKhY
Patch (less-416-diff):
Patch #1 (less-install-416.patch):
Executing(%build): /bin/sh -e /home/rpmuser/rpm/tmp/rpm-tmp.QMIUMw
checking for arm-sony-linux-gnueabi-gcc... arm-sony-linux-gnueabi-gcc -tarmv7a
checking for C compiler default output file name... a.out
checking whether the C compiler works... yes
checking whether we are cross compiling... yes
checking for suffix of executables... 
checking for suffix of object files... o
checking whether we are using the GNU C compiler... yes
checking whether arm-sony-linux-gnueabi-gcc -tarmv7a accepts -g... yes
checking for arm-sony-linux-gnueabi-gcc -tarmv7a option to accept ISO C89... none needed
checking for library containing strerror... none required
checking how to run the C preprocessor... arm-sony-linux-gnueabi-cpp -tarmv7a
checking for grep that handles long lines and -e... /bin/grep
checking for egrep... /bin/grep -E
checking whether arm-sony-linux-gnueabi-gcc -tarmv7a needs -traditional... no
checking for a BSD-compatible install... /usr/bin/install -c
checking for special C compiler options needed for large files... no
checking for _FILE_OFFSET_BITS value needed for large files... 64
checking for tgoto in -ltinfo... no
checking for initscr in -lxcurses... no
checking for initscr in -lncursesw... no
checking for initscr in -lncurses... yes
checking for initscr in -lcurses... yes
checking for tgetent in -ltermcap... no
checking for tgetent in -ltermlib... no
checking for regcmp in -lgen... no
checking for regcmp in -lintl... no
checking for regcmp in -lPW... no
checking for working terminal libraries... using -lncurses
checking for ANSI C header files... yes
checking for sys/types.h... yes
checking for sys/stat.h... yes
checking for stdlib.h... yes
checking for string.h... yes
checking for memory.h... yes
checking for strings.h... yes
checking for inttypes.h... yes
checking for stdint.h... yes
checking for unistd.h... yes
checking ctype.h usability... yes
checking ctype.h presence... yes
checking for ctype.h... yes
checking errno.h usability... yes
checking errno.h presence... yes
checking for errno.h... yes
checking fcntl.h usability... yes
checking fcntl.h presence... yes
checking for fcntl.h... yes
checking limits.h usability... yes
checking limits.h presence... yes
checking for limits.h... yes
checking stdio.h usability... yes
checking stdio.h presence... yes
checking for stdio.h... yes
checking for stdlib.h... (cached) yes
checking for string.h... (cached) yes
checking termcap.h usability... yes
checking termcap.h presence... yes
checking for termcap.h... yes
checking termio.h usability... yes
checking termio.h presence... yes
checking for termio.h... yes
checking termios.h usability... yes
checking termios.h presence... yes
checking for termios.h... yes
checking time.h usability... yes
checking time.h presence... yes
checking for time.h... yes
checking for unistd.h... (cached) yes
checking values.h usability... yes
checking values.h presence... yes
checking for values.h... yes
checking sys/ioctl.h usability... yes
checking sys/ioctl.h presence... yes
checking for sys/ioctl.h... yes
checking sys/stream.h usability... no
checking sys/stream.h presence... no
checking for sys/stream.h... no
checking wctype.h usability... yes
checking wctype.h presence... yes
checking for wctype.h... yes
checking whether stat file-mode macros are broken... no
checking for an ANSI C-conforming const... yes
checking for off_t... yes
checking for size_t... yes
checking whether time.h and sys/time.h may both be included... yes
checking for off_t... (cached) yes
checking for void... yes
checking for const... yes
checking for time_t... yes
checking for st_ino in struct stat... yes
checking return type of signal handlers... void
checking for fsync... yes
checking for popen... yes
checking for _setjmp... yes
checking for sigprocmask... yes
checking for sigsetmask... yes
checking for snprintf... yes
checking for stat... yes
checking for system... yes
checking for fchmod... yes
checking for memcpy... yes
checking for strchr... yes
checking for strstr... yes
checking for tcgetattr... yes
checking for fileno... yes
checking for strerror... yes
checking for sys_errlist... yes
checking for sigset_t... yes
checking for sigemptyset... yes
checking for errno... yes - in errno.h
checking for locale... yes
checking for ctype functions... yes
checking for wctype functions... yes
checking termcap for ospeed... yes - in termcap.h
checking for regcomp... using POSIX regcomp
configure: creating ./config.status
config.status: creating Makefile
config.status: creating defines.h
test ! -f stamp-h || CONFIG_FILES= CONFIG_HEADERS=defines.h ./config.status
touch stamp-h
arm-sony-linux-gnueabi-gcc -tarmv7a -I. -c -DBINDIR=\"//usr/bin\" -DSYSDIR=\"//usr/etc\"  -O2 ../main.c
arm-sony-linux-gnueabi-gcc -tarmv7a -I. -c -DBINDIR=\"//usr/bin\" -DSYSDIR=\"//usr/etc\"  -O2 ../screen.c
arm-sony-linux-gnueabi-gcc -tarmv7a -I. -c -DBINDIR=\"//usr/bin\" -DSYSDIR=\"//usr/etc\"  -O2 ../brac.c
arm-sony-linux-gnueabi-gcc -tarmv7a -I. -c -DBINDIR=\"//usr/bin\" -DSYSDIR=\"//usr/etc\"  -O2 ../ch.c
arm-sony-linux-gnueabi-gcc -tarmv7a -I. -c -DBINDIR=\"//usr/bin\" -DSYSDIR=\"//usr/etc\"  -O2 ../charset.c
arm-sony-linux-gnueabi-gcc -tarmv7a -I. -c -DBINDIR=\"//usr/bin\" -DSYSDIR=\"//usr/etc\"  -O2 ../cmdbuf.c
arm-sony-linux-gnueabi-gcc -tarmv7a -I. -c -DBINDIR=\"//usr/bin\" -DSYSDIR=\"//usr/etc\"  -O2 ../command.c
arm-sony-linux-gnueabi-gcc -tarmv7a -I. -c -DBINDIR=\"//usr/bin\" -DSYSDIR=\"//usr/etc\"  -O2 ../decode.c
arm-sony-linux-gnueabi-gcc -tarmv7a -I. -c -DBINDIR=\"//usr/bin\" -DSYSDIR=\"//usr/etc\"  -O2 ../edit.c
arm-sony-linux-gnueabi-gcc -tarmv7a -I. -c -DBINDIR=\"//usr/bin\" -DSYSDIR=\"//usr/etc\"  -O2 ../filename.c
arm-sony-linux-gnueabi-gcc -tarmv7a -I. -c -DBINDIR=\"//usr/bin\" -DSYSDIR=\"//usr/etc\"  -O2 ../forwback.c
arm-sony-linux-gnueabi-gcc -tarmv7a -I. -c -DBINDIR=\"//usr/bin\" -DSYSDIR=\"//usr/etc\"  -O2 ../help.c
arm-sony-linux-gnueabi-gcc -tarmv7a -I. -c -DBINDIR=\"//usr/bin\" -DSYSDIR=\"//usr/etc\"  -O2 ../ifile.c
arm-sony-linux-gnueabi-gcc -tarmv7a -I. -c -DBINDIR=\"//usr/bin\" -DSYSDIR=\"//usr/etc\"  -O2 ../input.c
arm-sony-linux-gnueabi-gcc -tarmv7a -I. -c -DBINDIR=\"//usr/bin\" -DSYSDIR=\"//usr/etc\"  -O2 ../jump.c
arm-sony-linux-gnueabi-gcc -tarmv7a -I. -c -DBINDIR=\"//usr/bin\" -DSYSDIR=\"//usr/etc\"  -O2 ../line.c
arm-sony-linux-gnueabi-gcc -tarmv7a -I. -c -DBINDIR=\"//usr/bin\" -DSYSDIR=\"//usr/etc\"  -O2 ../linenum.c
arm-sony-linux-gnueabi-gcc -tarmv7a -I. -c -DBINDIR=\"//usr/bin\" -DSYSDIR=\"//usr/etc\"  -O2 ../lsystem.c
arm-sony-linux-gnueabi-gcc -tarmv7a -I. -c -DBINDIR=\"//usr/bin\" -DSYSDIR=\"//usr/etc\"  -O2 ../mark.c
arm-sony-linux-gnueabi-gcc -tarmv7a -I. -c -DBINDIR=\"//usr/bin\" -DSYSDIR=\"//usr/etc\"  -O2 ../optfunc.c
arm-sony-linux-gnueabi-gcc -tarmv7a -I. -c -DBINDIR=\"//usr/bin\" -DSYSDIR=\"//usr/etc\"  -O2 ../option.c
arm-sony-linux-gnueabi-gcc -tarmv7a -I. -c -DBINDIR=\"//usr/bin\" -DSYSDIR=\"//usr/etc\"  -O2 ../opttbl.c
arm-sony-linux-gnueabi-gcc -tarmv7a -I. -c -DBINDIR=\"//usr/bin\" -DSYSDIR=\"//usr/etc\"  -O2 ../os.c
arm-sony-linux-gnueabi-gcc -tarmv7a -I. -c -DBINDIR=\"//usr/bin\" -DSYSDIR=\"//usr/etc\"  -O2 ../output.c
arm-sony-linux-gnueabi-gcc -tarmv7a -I. -c -DBINDIR=\"//usr/bin\" -DSYSDIR=\"//usr/etc\"  -O2 ../position.c
arm-sony-linux-gnueabi-gcc -tarmv7a -I. -c -DBINDIR=\"//usr/bin\" -DSYSDIR=\"//usr/etc\"  -O2 ../prompt.c
arm-sony-linux-gnueabi-gcc -tarmv7a -I. -c -DBINDIR=\"//usr/bin\" -DSYSDIR=\"//usr/etc\"  -O2 ../search.c
arm-sony-linux-gnueabi-gcc -tarmv7a -I. -c -DBINDIR=\"//usr/bin\" -DSYSDIR=\"//usr/etc\"  -O2 ../signal.c
arm-sony-linux-gnueabi-gcc -tarmv7a -I. -c -DBINDIR=\"//usr/bin\" -DSYSDIR=\"//usr/etc\"  -O2 ../tags.c
arm-sony-linux-gnueabi-gcc -tarmv7a -I. -c -DBINDIR=\"//usr/bin\" -DSYSDIR=\"//usr/etc\"  -O2 ../ttyin.c
arm-sony-linux-gnueabi-gcc -tarmv7a -I. -c -DBINDIR=\"//usr/bin\" -DSYSDIR=\"//usr/etc\"  -O2 ../version.c
arm-sony-linux-gnueabi-gcc -tarmv7a  -o less main.o screen.o brac.o ch.o charset.o cmdbuf.o command.o decode.o edit.o filename.o forwback.o help.o ifile.o input.o jump.o line.o linenum.o lsystem.o mark.o optfunc.o option.o opttbl.o os.o output.o position.o prompt.o search.o signal.o tags.o ttyin.o version.o   -lncurses
arm-sony-linux-gnueabi-gcc -tarmv7a -I. -c -DBINDIR=\"//usr/bin\" -DSYSDIR=\"//usr/etc\"  -O2 ../lesskey.c
arm-sony-linux-gnueabi-gcc -tarmv7a  -o lesskey lesskey.o version.o
arm-sony-linux-gnueabi-gcc -tarmv7a -I. -c -DBINDIR=\"//usr/bin\" -DSYSDIR=\"//usr/etc\"  -O2 ../lessecho.c
arm-sony-linux-gnueabi-gcc -tarmv7a  -o lessecho lessecho.o version.o
Executing(%install): /bin/sh -e /home/rpmuser/rpm/tmp/rpm-tmp.Z59nBw
../mkinstalldirs /home/rpmuser/rpm/BUILDROOT/sony-target-dev-less-416-11000001.x86_64/usr/local/arm-sony-linux-gnueabi/target/armv7a/home/rpmuser/rpm/BUILDROOT/sony-target-dev-less-416-11000001.x86_64/usr/local/arm-sony-linux-gnueabi/target/armv7a//usr/bin /home/rpmuser/rpm/BUILDROOT/sony-target-dev-less-416-11000001.x86_64/usr/local/arm-sony-linux-gnueabi/target/armv7a/home/rpmuser/rpm/BUILDROOT/sony-target-dev-less-416-11000001.x86_64/usr/local/arm-sony-linux-gnueabi/target/armv7a//usr/share/man/man1
/usr/bin/install -c less /home/rpmuser/rpm/BUILDROOT/sony-target-dev-less-416-11000001.x86_64/usr/local/arm-sony-linux-gnueabi/target/armv7a/home/rpmuser/rpm/BUILDROOT/sony-target-dev-less-416-11000001.x86_64/usr/local/arm-sony-linux-gnueabi/target/armv7a//usr/bin/less
/usr/bin/install -c lesskey /home/rpmuser/rpm/BUILDROOT/sony-target-dev-less-416-11000001.x86_64/usr/local/arm-sony-linux-gnueabi/target/armv7a/home/rpmuser/rpm/BUILDROOT/sony-target-dev-less-416-11000001.x86_64/usr/local/arm-sony-linux-gnueabi/target/armv7a//usr/bin/lesskey
/usr/bin/install -c lessecho /home/rpmuser/rpm/BUILDROOT/sony-target-dev-less-416-11000001.x86_64/usr/local/arm-sony-linux-gnueabi/target/armv7a/home/rpmuser/rpm/BUILDROOT/sony-target-dev-less-416-11000001.x86_64/usr/local/arm-sony-linux-gnueabi/target/armv7a//usr/bin/lessecho
/usr/bin/install -c -m 644 ../less.nro /home/rpmuser/rpm/BUILDROOT/sony-target-dev-less-416-11000001.x86_64/usr/local/arm-sony-linux-gnueabi/target/armv7a/home/rpmuser/rpm/BUILDROOT/sony-target-dev-less-416-11000001.x86_64/usr/local/arm-sony-linux-gnueabi/target/armv7a//usr/share/man/man1/less.1
/usr/bin/install -c -m 644 ../lesskey.nro /home/rpmuser/rpm/BUILDROOT/sony-target-dev-less-416-11000001.x86_64/usr/local/arm-sony-linux-gnueabi/target/armv7a/home/rpmuser/rpm/BUILDROOT/sony-target-dev-less-416-11000001.x86_64/usr/local/arm-sony-linux-gnueabi/target/armv7a//usr/share/man/man1/lesskey.1
/usr/bin/install -c -m 644 ../lessecho.nro /home/rpmuser/rpm/BUILDROOT/sony-target-dev-less-416-11000001.x86_64/usr/local/arm-sony-linux-gnueabi/target/armv7a/home/rpmuser/rpm/BUILDROOT/sony-target-dev-less-416-11000001.x86_64/usr/local/arm-sony-linux-gnueabi/target/armv7a//usr/share/man/man1/lessecho.1
Processing files: arm-sony-linux-gnueabi-armv7a-dev-less-416-11000001.arm
Checking for unpackaged file(s): /usr/lib/rpm/check-files /home/rpmuser/rpm/BUILDROOT/sony-target-dev-less-416-11000001.x86_64
Wrote: /home/rpmuser/rpm/SRPMS/sony-target-dev-less-416-11000001.src.rpm
Wrote: /home/rpmuser/rpm/RPMS/arm/arm-sony-linux-gnueabi-armv7a-dev-less-416-11000001.arm.rpm
Executing(%clean): /bin/sh -e /home/rpmuser/rpm/tmp/rpm-tmp.U0LAQw
