RPM Package building for Sony CE Linux 11.0
Building target platforms: arm-sony-linux
Building for target arm-sony-linux
Executing(%prep): /bin/sh -e /home/rpmuser/rpm/tmp/rpm-tmp.YDRPXY
Patch (tcp-wrappers_7.6-ipv6.1-3.diff.gz):
Patch #1 (tcp_wrappers_7.6-ipv6.4-update.patch):
Executing(%build): /bin/sh -e /home/rpmuser/rpm/tmp/rpm-tmp.Rqplsu
make[1]: Entering directory `/home/rpmuser/rpm/BUILD/tcp_wrappers_7.6-ipv6.1'
arm-sony-linux-gnueabi-gcc -tarmv7a -O2 -g -DFACILITY=LOG_DAEMON	 -DHOSTS_ACCESS  -DNETGROUP    -DDAEMON_UMASK=022 -DREAL_DAEMON_DIR=\"/usr/sbin\" -DPROCESS_OPTIONS -DKILL_IP_OPTIONS -DSEVERITY=LOG_INFO	 -DRFC931_TIMEOUT=10  -DHOSTS_DENY=\"/etc/hosts.deny\" -DHOSTS_ALLOW=\"/etc/hosts.allow\"   -DHAVE_STRERROR -DHAVE_WEAKSYMS -D_REENTRANT    -DHAVE_IPV6 -DUSE_GETHOSTBYNAME2 -o tcpd.o -c tcpd.c
arm-sony-linux-gnueabi-gcc -tarmv7a -O2 -g -DFACILITY=LOG_DAEMON	 -DHOSTS_ACCESS  -DNETGROUP    -DDAEMON_UMASK=022 -DREAL_DAEMON_DIR=\"/usr/sbin\" -DPROCESS_OPTIONS -DKILL_IP_OPTIONS -DSEVERITY=LOG_INFO	 -DRFC931_TIMEOUT=10  -DHOSTS_DENY=\"/etc/hosts.deny\" -DHOSTS_ALLOW=\"/etc/hosts.allow\"   -DHAVE_STRERROR -DHAVE_WEAKSYMS -D_REENTRANT    -DHAVE_IPV6 -DUSE_GETHOSTBYNAME2 -fPIC -shared -D_REENTRANT -c hosts_access.c -o shared/hosts_access.o
arm-sony-linux-gnueabi-gcc -tarmv7a -O2 -g -DFACILITY=LOG_DAEMON	 -DHOSTS_ACCESS  -DNETGROUP    -DDAEMON_UMASK=022 -DREAL_DAEMON_DIR=\"/usr/sbin\" -DPROCESS_OPTIONS -DKILL_IP_OPTIONS -DSEVERITY=LOG_INFO	 -DRFC931_TIMEOUT=10  -DHOSTS_DENY=\"/etc/hosts.deny\" -DHOSTS_ALLOW=\"/etc/hosts.allow\"   -DHAVE_STRERROR -DHAVE_WEAKSYMS -D_REENTRANT    -DHAVE_IPV6 -DUSE_GETHOSTBYNAME2 -fPIC -shared -D_REENTRANT -c options.c -o shared/options.o
arm-sony-linux-gnueabi-gcc -tarmv7a -O2 -g -DFACILITY=LOG_DAEMON	 -DHOSTS_ACCESS  -DNETGROUP    -DDAEMON_UMASK=022 -DREAL_DAEMON_DIR=\"/usr/sbin\" -DPROCESS_OPTIONS -DKILL_IP_OPTIONS -DSEVERITY=LOG_INFO	 -DRFC931_TIMEOUT=10  -DHOSTS_DENY=\"/etc/hosts.deny\" -DHOSTS_ALLOW=\"/etc/hosts.allow\"   -DHAVE_STRERROR -DHAVE_WEAKSYMS -D_REENTRANT    -DHAVE_IPV6 -DUSE_GETHOSTBYNAME2 -fPIC -shared -D_REENTRANT -c shell_cmd.c -o shared/shell_cmd.o
arm-sony-linux-gnueabi-gcc -tarmv7a -O2 -g -DFACILITY=LOG_DAEMON	 -DHOSTS_ACCESS  -DNETGROUP    -DDAEMON_UMASK=022 -DREAL_DAEMON_DIR=\"/usr/sbin\" -DPROCESS_OPTIONS -DKILL_IP_OPTIONS -DSEVERITY=LOG_INFO	 -DRFC931_TIMEOUT=10  -DHOSTS_DENY=\"/etc/hosts.deny\" -DHOSTS_ALLOW=\"/etc/hosts.allow\"   -DHAVE_STRERROR -DHAVE_WEAKSYMS -D_REENTRANT    -DHAVE_IPV6 -DUSE_GETHOSTBYNAME2 -fPIC -shared -D_REENTRANT -c rfc931.c -o shared/rfc931.o
arm-sony-linux-gnueabi-gcc -tarmv7a -O2 -g -DFACILITY=LOG_DAEMON	 -DHOSTS_ACCESS  -DNETGROUP    -DDAEMON_UMASK=022 -DREAL_DAEMON_DIR=\"/usr/sbin\" -DPROCESS_OPTIONS -DKILL_IP_OPTIONS -DSEVERITY=LOG_INFO	 -DRFC931_TIMEOUT=10  -DHOSTS_DENY=\"/etc/hosts.deny\" -DHOSTS_ALLOW=\"/etc/hosts.allow\"   -DHAVE_STRERROR -DHAVE_WEAKSYMS -D_REENTRANT    -DHAVE_IPV6 -DUSE_GETHOSTBYNAME2 -fPIC -shared -D_REENTRANT -c eval.c -o shared/eval.o
arm-sony-linux-gnueabi-gcc -tarmv7a -O2 -g -DFACILITY=LOG_DAEMON	 -DHOSTS_ACCESS  -DNETGROUP    -DDAEMON_UMASK=022 -DREAL_DAEMON_DIR=\"/usr/sbin\" -DPROCESS_OPTIONS -DKILL_IP_OPTIONS -DSEVERITY=LOG_INFO	 -DRFC931_TIMEOUT=10  -DHOSTS_DENY=\"/etc/hosts.deny\" -DHOSTS_ALLOW=\"/etc/hosts.allow\"   -DHAVE_STRERROR -DHAVE_WEAKSYMS -D_REENTRANT    -DHAVE_IPV6 -DUSE_GETHOSTBYNAME2 -fPIC -shared -D_REENTRANT -c hosts_ctl.c -o shared/hosts_ctl.o
arm-sony-linux-gnueabi-gcc -tarmv7a -O2 -g -DFACILITY=LOG_DAEMON	 -DHOSTS_ACCESS  -DNETGROUP    -DDAEMON_UMASK=022 -DREAL_DAEMON_DIR=\"/usr/sbin\" -DPROCESS_OPTIONS -DKILL_IP_OPTIONS -DSEVERITY=LOG_INFO	 -DRFC931_TIMEOUT=10  -DHOSTS_DENY=\"/etc/hosts.deny\" -DHOSTS_ALLOW=\"/etc/hosts.allow\"   -DHAVE_STRERROR -DHAVE_WEAKSYMS -D_REENTRANT    -DHAVE_IPV6 -DUSE_GETHOSTBYNAME2 -fPIC -shared -D_REENTRANT -c refuse.c -o shared/refuse.o
arm-sony-linux-gnueabi-gcc -tarmv7a -O2 -g -DFACILITY=LOG_DAEMON	 -DHOSTS_ACCESS  -DNETGROUP    -DDAEMON_UMASK=022 -DREAL_DAEMON_DIR=\"/usr/sbin\" -DPROCESS_OPTIONS -DKILL_IP_OPTIONS -DSEVERITY=LOG_INFO	 -DRFC931_TIMEOUT=10  -DHOSTS_DENY=\"/etc/hosts.deny\" -DHOSTS_ALLOW=\"/etc/hosts.allow\"   -DHAVE_STRERROR -DHAVE_WEAKSYMS -D_REENTRANT    -DHAVE_IPV6 -DUSE_GETHOSTBYNAME2 -fPIC -shared -D_REENTRANT -c percent_x.c -o shared/percent_x.o
arm-sony-linux-gnueabi-gcc -tarmv7a -O2 -g -DFACILITY=LOG_DAEMON	 -DHOSTS_ACCESS  -DNETGROUP    -DDAEMON_UMASK=022 -DREAL_DAEMON_DIR=\"/usr/sbin\" -DPROCESS_OPTIONS -DKILL_IP_OPTIONS -DSEVERITY=LOG_INFO	 -DRFC931_TIMEOUT=10  -DHOSTS_DENY=\"/etc/hosts.deny\" -DHOSTS_ALLOW=\"/etc/hosts.allow\"   -DHAVE_STRERROR -DHAVE_WEAKSYMS -D_REENTRANT    -DHAVE_IPV6 -DUSE_GETHOSTBYNAME2 -fPIC -shared -D_REENTRANT -c clean_exit.c -o shared/clean_exit.o
arm-sony-linux-gnueabi-gcc -tarmv7a -O2 -g -DFACILITY=LOG_DAEMON	 -DHOSTS_ACCESS  -DNETGROUP    -DDAEMON_UMASK=022 -DREAL_DAEMON_DIR=\"/usr/sbin\" -DPROCESS_OPTIONS -DKILL_IP_OPTIONS -DSEVERITY=LOG_INFO	 -DRFC931_TIMEOUT=10  -DHOSTS_DENY=\"/etc/hosts.deny\" -DHOSTS_ALLOW=\"/etc/hosts.allow\"   -DHAVE_STRERROR -DHAVE_WEAKSYMS -D_REENTRANT    -DHAVE_IPV6 -DUSE_GETHOSTBYNAME2 -fPIC -shared -D_REENTRANT -c weak_symbols.c -o shared/weak_symbols.o
arm-sony-linux-gnueabi-gcc -tarmv7a -O2 -g -DFACILITY=LOG_DAEMON	 -DHOSTS_ACCESS  -DNETGROUP    -DDAEMON_UMASK=022 -DREAL_DAEMON_DIR=\"/usr/sbin\" -DPROCESS_OPTIONS -DKILL_IP_OPTIONS -DSEVERITY=LOG_INFO	 -DRFC931_TIMEOUT=10  -DHOSTS_DENY=\"/etc/hosts.deny\" -DHOSTS_ALLOW=\"/etc/hosts.allow\"   -DHAVE_STRERROR -DHAVE_WEAKSYMS -D_REENTRANT    -DHAVE_IPV6 -DUSE_GETHOSTBYNAME2 -fPIC -shared -D_REENTRANT -c fromhost.c -o shared/fromhost.o
arm-sony-linux-gnueabi-gcc -tarmv7a -O2 -g -DFACILITY=LOG_DAEMON	 -DHOSTS_ACCESS  -DNETGROUP    -DDAEMON_UMASK=022 -DREAL_DAEMON_DIR=\"/usr/sbin\" -DPROCESS_OPTIONS -DKILL_IP_OPTIONS -DSEVERITY=LOG_INFO	 -DRFC931_TIMEOUT=10  -DHOSTS_DENY=\"/etc/hosts.deny\" -DHOSTS_ALLOW=\"/etc/hosts.allow\"   -DHAVE_STRERROR -DHAVE_WEAKSYMS -D_REENTRANT    -DHAVE_IPV6 -DUSE_GETHOSTBYNAME2 -fPIC -shared -D_REENTRANT -c fix_options.c -o shared/fix_options.o
arm-sony-linux-gnueabi-gcc -tarmv7a -O2 -g -DFACILITY=LOG_DAEMON	 -DHOSTS_ACCESS  -DNETGROUP    -DDAEMON_UMASK=022 -DREAL_DAEMON_DIR=\"/usr/sbin\" -DPROCESS_OPTIONS -DKILL_IP_OPTIONS -DSEVERITY=LOG_INFO	 -DRFC931_TIMEOUT=10  -DHOSTS_DENY=\"/etc/hosts.deny\" -DHOSTS_ALLOW=\"/etc/hosts.allow\"   -DHAVE_STRERROR -DHAVE_WEAKSYMS -D_REENTRANT    -DHAVE_IPV6 -DUSE_GETHOSTBYNAME2 -fPIC -shared -D_REENTRANT -c socket.c -o shared/socket.o
arm-sony-linux-gnueabi-gcc -tarmv7a -O2 -g -DFACILITY=LOG_DAEMON	 -DHOSTS_ACCESS  -DNETGROUP    -DDAEMON_UMASK=022 -DREAL_DAEMON_DIR=\"/usr/sbin\" -DPROCESS_OPTIONS -DKILL_IP_OPTIONS -DSEVERITY=LOG_INFO	 -DRFC931_TIMEOUT=10  -DHOSTS_DENY=\"/etc/hosts.deny\" -DHOSTS_ALLOW=\"/etc/hosts.allow\"   -DHAVE_STRERROR -DHAVE_WEAKSYMS -D_REENTRANT    -DHAVE_IPV6 -DUSE_GETHOSTBYNAME2 -fPIC -shared -D_REENTRANT -c tli.c -o shared/tli.o
arm-sony-linux-gnueabi-gcc -tarmv7a -O2 -g -DFACILITY=LOG_DAEMON	 -DHOSTS_ACCESS  -DNETGROUP    -DDAEMON_UMASK=022 -DREAL_DAEMON_DIR=\"/usr/sbin\" -DPROCESS_OPTIONS -DKILL_IP_OPTIONS -DSEVERITY=LOG_INFO	 -DRFC931_TIMEOUT=10  -DHOSTS_DENY=\"/etc/hosts.deny\" -DHOSTS_ALLOW=\"/etc/hosts.allow\"   -DHAVE_STRERROR -DHAVE_WEAKSYMS -D_REENTRANT    -DHAVE_IPV6 -DUSE_GETHOSTBYNAME2 -fPIC -shared -D_REENTRANT -c workarounds.c -o shared/workarounds.o
arm-sony-linux-gnueabi-gcc -tarmv7a -O2 -g -DFACILITY=LOG_DAEMON	 -DHOSTS_ACCESS  -DNETGROUP    -DDAEMON_UMASK=022 -DREAL_DAEMON_DIR=\"/usr/sbin\" -DPROCESS_OPTIONS -DKILL_IP_OPTIONS -DSEVERITY=LOG_INFO	 -DRFC931_TIMEOUT=10  -DHOSTS_DENY=\"/etc/hosts.deny\" -DHOSTS_ALLOW=\"/etc/hosts.allow\"   -DHAVE_STRERROR -DHAVE_WEAKSYMS -D_REENTRANT    -DHAVE_IPV6 -DUSE_GETHOSTBYNAME2 -fPIC -shared -D_REENTRANT -c update.c -o shared/update.o
arm-sony-linux-gnueabi-gcc -tarmv7a -O2 -g -DFACILITY=LOG_DAEMON	 -DHOSTS_ACCESS  -DNETGROUP    -DDAEMON_UMASK=022 -DREAL_DAEMON_DIR=\"/usr/sbin\" -DPROCESS_OPTIONS -DKILL_IP_OPTIONS -DSEVERITY=LOG_INFO	 -DRFC931_TIMEOUT=10  -DHOSTS_DENY=\"/etc/hosts.deny\" -DHOSTS_ALLOW=\"/etc/hosts.allow\"   -DHAVE_STRERROR -DHAVE_WEAKSYMS -D_REENTRANT    -DHAVE_IPV6 -DUSE_GETHOSTBYNAME2 -fPIC -shared -D_REENTRANT -c misc.c -o shared/misc.o
arm-sony-linux-gnueabi-gcc -tarmv7a -O2 -g -DFACILITY=LOG_DAEMON	 -DHOSTS_ACCESS  -DNETGROUP    -DDAEMON_UMASK=022 -DREAL_DAEMON_DIR=\"/usr/sbin\" -DPROCESS_OPTIONS -DKILL_IP_OPTIONS -DSEVERITY=LOG_INFO	 -DRFC931_TIMEOUT=10  -DHOSTS_DENY=\"/etc/hosts.deny\" -DHOSTS_ALLOW=\"/etc/hosts.allow\"   -DHAVE_STRERROR -DHAVE_WEAKSYMS -D_REENTRANT    -DHAVE_IPV6 -DUSE_GETHOSTBYNAME2 -fPIC -shared -D_REENTRANT -c diag.c -o shared/diag.o
arm-sony-linux-gnueabi-gcc -tarmv7a -O2 -g -DFACILITY=LOG_DAEMON	 -DHOSTS_ACCESS  -DNETGROUP    -DDAEMON_UMASK=022 -DREAL_DAEMON_DIR=\"/usr/sbin\" -DPROCESS_OPTIONS -DKILL_IP_OPTIONS -DSEVERITY=LOG_INFO	 -DRFC931_TIMEOUT=10  -DHOSTS_DENY=\"/etc/hosts.deny\" -DHOSTS_ALLOW=\"/etc/hosts.allow\"   -DHAVE_STRERROR -DHAVE_WEAKSYMS -D_REENTRANT    -DHAVE_IPV6 -DUSE_GETHOSTBYNAME2 -fPIC -shared -D_REENTRANT -c percent_m.c -o shared/percent_m.o
arm-sony-linux-gnueabi-gcc -tarmv7a -O2 -g -DFACILITY=LOG_DAEMON	 -DHOSTS_ACCESS  -DNETGROUP    -DDAEMON_UMASK=022 -DREAL_DAEMON_DIR=\"/usr/sbin\" -DPROCESS_OPTIONS -DKILL_IP_OPTIONS -DSEVERITY=LOG_INFO	 -DRFC931_TIMEOUT=10  -DHOSTS_DENY=\"/etc/hosts.deny\" -DHOSTS_ALLOW=\"/etc/hosts.allow\"   -DHAVE_STRERROR -DHAVE_WEAKSYMS -D_REENTRANT    -DHAVE_IPV6 -DUSE_GETHOSTBYNAME2 -fPIC -shared -D_REENTRANT -c myvsyslog.c -o shared/myvsyslog.o
rm -f shared/libwrap.so.0.7.6
arm-sony-linux-gnueabi-gcc -tarmv7a -o shared/libwrap.so.0.7.6 -shared -Xlinker -soname -Xlinker libwrap.so.0 -lc -lnsl shared/hosts_access.o shared/options.o shared/shell_cmd.o shared/rfc931.o shared/eval.o shared/hosts_ctl.o shared/refuse.o shared/percent_x.o shared/clean_exit.o shared/weak_symbols.o shared/fromhost.o shared/fix_options.o shared/socket.o shared/tli.o shared/workarounds.o shared/update.o shared/misc.o shared/diag.o shared/percent_m.o shared/myvsyslog.o;
ln -sff libwrap.so.0.7.6 shared/libwrap.so.0
ln -sff libwrap.so.0 shared/libwrap.so
arm-sony-linux-gnueabi-gcc -tarmv7a -O2 -g -DFACILITY=LOG_DAEMON	 -DHOSTS_ACCESS  -DNETGROUP    -DDAEMON_UMASK=022 -DREAL_DAEMON_DIR=\"/usr/sbin\" -DPROCESS_OPTIONS -DKILL_IP_OPTIONS -DSEVERITY=LOG_INFO	 -DRFC931_TIMEOUT=10  -DHOSTS_DENY=\"/etc/hosts.deny\" -DHOSTS_ALLOW=\"/etc/hosts.allow\"   -DHAVE_STRERROR -DHAVE_WEAKSYMS -D_REENTRANT    -DHAVE_IPV6 -DUSE_GETHOSTBYNAME2 -o tcpd tcpd.o -Lshared -lwrap
arm-sony-linux-gnueabi-gcc -tarmv7a -O2 -g -DFACILITY=LOG_DAEMON	 -DHOSTS_ACCESS  -DNETGROUP    -DDAEMON_UMASK=022 -DREAL_DAEMON_DIR=\"/usr/sbin\" -DPROCESS_OPTIONS -DKILL_IP_OPTIONS -DSEVERITY=LOG_INFO	 -DRFC931_TIMEOUT=10  -DHOSTS_DENY=\"/etc/hosts.deny\" -DHOSTS_ALLOW=\"/etc/hosts.allow\"   -DHAVE_STRERROR -DHAVE_WEAKSYMS -D_REENTRANT    -DHAVE_IPV6 -DUSE_GETHOSTBYNAME2 -o tcpdmatch.o -c tcpdmatch.c
arm-sony-linux-gnueabi-gcc -tarmv7a -O2 -g -DFACILITY=LOG_DAEMON	 -DHOSTS_ACCESS  -DNETGROUP    -DDAEMON_UMASK=022 -DREAL_DAEMON_DIR=\"/usr/sbin\" -DPROCESS_OPTIONS -DKILL_IP_OPTIONS -DSEVERITY=LOG_INFO	 -DRFC931_TIMEOUT=10  -DHOSTS_DENY=\"/etc/hosts.deny\" -DHOSTS_ALLOW=\"/etc/hosts.allow\"   -DHAVE_STRERROR -DHAVE_WEAKSYMS -D_REENTRANT    -DHAVE_IPV6 -DUSE_GETHOSTBYNAME2 -o fakelog.o -c fakelog.c
arm-sony-linux-gnueabi-gcc -tarmv7a -O2 -g -DFACILITY=LOG_DAEMON	 -DHOSTS_ACCESS  -DNETGROUP    -DDAEMON_UMASK=022 -DREAL_DAEMON_DIR=\"/usr/sbin\" -DPROCESS_OPTIONS -DKILL_IP_OPTIONS -DSEVERITY=LOG_INFO	 -DRFC931_TIMEOUT=10  -DHOSTS_DENY=\"/etc/hosts.deny\" -DHOSTS_ALLOW=\"/etc/hosts.allow\"   -DHAVE_STRERROR -DHAVE_WEAKSYMS -D_REENTRANT    -DHAVE_IPV6 -DUSE_GETHOSTBYNAME2 -o inetcf.o -c inetcf.c
arm-sony-linux-gnueabi-gcc -tarmv7a -O2 -g -DFACILITY=LOG_DAEMON	 -DHOSTS_ACCESS  -DNETGROUP    -DDAEMON_UMASK=022 -DREAL_DAEMON_DIR=\"/usr/sbin\" -DPROCESS_OPTIONS -DKILL_IP_OPTIONS -DSEVERITY=LOG_INFO	 -DRFC931_TIMEOUT=10  -DHOSTS_DENY=\"/etc/hosts.deny\" -DHOSTS_ALLOW=\"/etc/hosts.allow\"   -DHAVE_STRERROR -DHAVE_WEAKSYMS -D_REENTRANT    -DHAVE_IPV6 -DUSE_GETHOSTBYNAME2 -o scaffold.o -c scaffold.c
arm-sony-linux-gnueabi-gcc -tarmv7a -O2 -g -DFACILITY=LOG_DAEMON	 -DHOSTS_ACCESS  -DNETGROUP    -DDAEMON_UMASK=022 -DREAL_DAEMON_DIR=\"/usr/sbin\" -DPROCESS_OPTIONS -DKILL_IP_OPTIONS -DSEVERITY=LOG_INFO	 -DRFC931_TIMEOUT=10  -DHOSTS_DENY=\"/etc/hosts.deny\" -DHOSTS_ALLOW=\"/etc/hosts.allow\"   -DHAVE_STRERROR -DHAVE_WEAKSYMS -D_REENTRANT    -DHAVE_IPV6 -DUSE_GETHOSTBYNAME2 -o tcpdmatch tcpdmatch.o fakelog.o inetcf.o scaffold.o -Lshared -lwrap
arm-sony-linux-gnueabi-gcc -tarmv7a -O2 -g -DFACILITY=LOG_DAEMON	 -DHOSTS_ACCESS  -DNETGROUP    -DDAEMON_UMASK=022 -DREAL_DAEMON_DIR=\"/usr/sbin\" -DPROCESS_OPTIONS -DKILL_IP_OPTIONS -DSEVERITY=LOG_INFO	 -DRFC931_TIMEOUT=10  -DHOSTS_DENY=\"/etc/hosts.deny\" -DHOSTS_ALLOW=\"/etc/hosts.allow\"   -DHAVE_STRERROR -DHAVE_WEAKSYMS -D_REENTRANT    -DHAVE_IPV6 -DUSE_GETHOSTBYNAME2 -o try-from.o -c try-from.c
arm-sony-linux-gnueabi-gcc -tarmv7a -O2 -g -DFACILITY=LOG_DAEMON	 -DHOSTS_ACCESS  -DNETGROUP    -DDAEMON_UMASK=022 -DREAL_DAEMON_DIR=\"/usr/sbin\" -DPROCESS_OPTIONS -DKILL_IP_OPTIONS -DSEVERITY=LOG_INFO	 -DRFC931_TIMEOUT=10  -DHOSTS_DENY=\"/etc/hosts.deny\" -DHOSTS_ALLOW=\"/etc/hosts.allow\"   -DHAVE_STRERROR -DHAVE_WEAKSYMS -D_REENTRANT    -DHAVE_IPV6 -DUSE_GETHOSTBYNAME2 -o try-from try-from.o fakelog.o -Lshared -lwrap
arm-sony-linux-gnueabi-gcc -tarmv7a -O2 -g -DFACILITY=LOG_DAEMON	 -DHOSTS_ACCESS  -DNETGROUP    -DDAEMON_UMASK=022 -DREAL_DAEMON_DIR=\"/usr/sbin\" -DPROCESS_OPTIONS -DKILL_IP_OPTIONS -DSEVERITY=LOG_INFO	 -DRFC931_TIMEOUT=10  -DHOSTS_DENY=\"/etc/hosts.deny\" -DHOSTS_ALLOW=\"/etc/hosts.allow\"   -DHAVE_STRERROR -DHAVE_WEAKSYMS -D_REENTRANT    -DHAVE_IPV6 -DUSE_GETHOSTBYNAME2 -o safe_finger.o -c safe_finger.c
arm-sony-linux-gnueabi-gcc -tarmv7a -O2 -g -DFACILITY=LOG_DAEMON	 -DHOSTS_ACCESS  -DNETGROUP    -DDAEMON_UMASK=022 -DREAL_DAEMON_DIR=\"/usr/sbin\" -DPROCESS_OPTIONS -DKILL_IP_OPTIONS -DSEVERITY=LOG_INFO	 -DRFC931_TIMEOUT=10  -DHOSTS_DENY=\"/etc/hosts.deny\" -DHOSTS_ALLOW=\"/etc/hosts.allow\"   -DHAVE_STRERROR -DHAVE_WEAKSYMS -D_REENTRANT    -DHAVE_IPV6 -DUSE_GETHOSTBYNAME2 -o safe_finger safe_finger.o -Lshared -lwrap
arm-sony-linux-gnueabi-gcc -tarmv7a -O2 -g -DFACILITY=LOG_DAEMON	 -DHOSTS_ACCESS  -DNETGROUP    -DDAEMON_UMASK=022 -DREAL_DAEMON_DIR=\"/usr/sbin\" -DPROCESS_OPTIONS -DKILL_IP_OPTIONS -DSEVERITY=LOG_INFO	 -DRFC931_TIMEOUT=10  -DHOSTS_DENY=\"/etc/hosts.deny\" -DHOSTS_ALLOW=\"/etc/hosts.allow\"   -DHAVE_STRERROR -DHAVE_WEAKSYMS -D_REENTRANT    -DHAVE_IPV6 -DUSE_GETHOSTBYNAME2 -o tcpdchk.o -c tcpdchk.c
arm-sony-linux-gnueabi-gcc -tarmv7a -O2 -g -DFACILITY=LOG_DAEMON	 -DHOSTS_ACCESS  -DNETGROUP    -DDAEMON_UMASK=022 -DREAL_DAEMON_DIR=\"/usr/sbin\" -DPROCESS_OPTIONS -DKILL_IP_OPTIONS -DSEVERITY=LOG_INFO	 -DRFC931_TIMEOUT=10  -DHOSTS_DENY=\"/etc/hosts.deny\" -DHOSTS_ALLOW=\"/etc/hosts.allow\"   -DHAVE_STRERROR -DHAVE_WEAKSYMS -D_REENTRANT    -DHAVE_IPV6 -DUSE_GETHOSTBYNAME2 -o tcpdchk tcpdchk.o fakelog.o inetcf.o scaffold.o -Lshared -lwrap
arm-sony-linux-gnueabi-gcc -tarmv7a -O2 -g -DFACILITY=LOG_DAEMON	 -DHOSTS_ACCESS  -DNETGROUP    -DDAEMON_UMASK=022 -DREAL_DAEMON_DIR=\"/usr/sbin\" -DPROCESS_OPTIONS -DKILL_IP_OPTIONS -DSEVERITY=LOG_INFO	 -DRFC931_TIMEOUT=10  -DHOSTS_DENY=\"/etc/hosts.deny\" -DHOSTS_ALLOW=\"/etc/hosts.allow\"   -DHAVE_STRERROR -DHAVE_WEAKSYMS -D_REENTRANT    -DHAVE_IPV6 -DUSE_GETHOSTBYNAME2 -o hosts_access.o -c hosts_access.c
arm-sony-linux-gnueabi-gcc -tarmv7a -O2 -g -DFACILITY=LOG_DAEMON	 -DHOSTS_ACCESS  -DNETGROUP    -DDAEMON_UMASK=022 -DREAL_DAEMON_DIR=\"/usr/sbin\" -DPROCESS_OPTIONS -DKILL_IP_OPTIONS -DSEVERITY=LOG_INFO	 -DRFC931_TIMEOUT=10  -DHOSTS_DENY=\"/etc/hosts.deny\" -DHOSTS_ALLOW=\"/etc/hosts.allow\"   -DHAVE_STRERROR -DHAVE_WEAKSYMS -D_REENTRANT    -DHAVE_IPV6 -DUSE_GETHOSTBYNAME2 -o options.o -c options.c
arm-sony-linux-gnueabi-gcc -tarmv7a -O2 -g -DFACILITY=LOG_DAEMON	 -DHOSTS_ACCESS  -DNETGROUP    -DDAEMON_UMASK=022 -DREAL_DAEMON_DIR=\"/usr/sbin\" -DPROCESS_OPTIONS -DKILL_IP_OPTIONS -DSEVERITY=LOG_INFO	 -DRFC931_TIMEOUT=10  -DHOSTS_DENY=\"/etc/hosts.deny\" -DHOSTS_ALLOW=\"/etc/hosts.allow\"   -DHAVE_STRERROR -DHAVE_WEAKSYMS -D_REENTRANT    -DHAVE_IPV6 -DUSE_GETHOSTBYNAME2 -o shell_cmd.o -c shell_cmd.c
arm-sony-linux-gnueabi-gcc -tarmv7a -O2 -g -DFACILITY=LOG_DAEMON	 -DHOSTS_ACCESS  -DNETGROUP    -DDAEMON_UMASK=022 -DREAL_DAEMON_DIR=\"/usr/sbin\" -DPROCESS_OPTIONS -DKILL_IP_OPTIONS -DSEVERITY=LOG_INFO	 -DRFC931_TIMEOUT=10  -DHOSTS_DENY=\"/etc/hosts.deny\" -DHOSTS_ALLOW=\"/etc/hosts.allow\"   -DHAVE_STRERROR -DHAVE_WEAKSYMS -D_REENTRANT    -DHAVE_IPV6 -DUSE_GETHOSTBYNAME2 -o rfc931.o -c rfc931.c
arm-sony-linux-gnueabi-gcc -tarmv7a -O2 -g -DFACILITY=LOG_DAEMON	 -DHOSTS_ACCESS  -DNETGROUP    -DDAEMON_UMASK=022 -DREAL_DAEMON_DIR=\"/usr/sbin\" -DPROCESS_OPTIONS -DKILL_IP_OPTIONS -DSEVERITY=LOG_INFO	 -DRFC931_TIMEOUT=10  -DHOSTS_DENY=\"/etc/hosts.deny\" -DHOSTS_ALLOW=\"/etc/hosts.allow\"   -DHAVE_STRERROR -DHAVE_WEAKSYMS -D_REENTRANT    -DHAVE_IPV6 -DUSE_GETHOSTBYNAME2 -o eval.o -c eval.c
arm-sony-linux-gnueabi-gcc -tarmv7a -O2 -g -DFACILITY=LOG_DAEMON	 -DHOSTS_ACCESS  -DNETGROUP    -DDAEMON_UMASK=022 -DREAL_DAEMON_DIR=\"/usr/sbin\" -DPROCESS_OPTIONS -DKILL_IP_OPTIONS -DSEVERITY=LOG_INFO	 -DRFC931_TIMEOUT=10  -DHOSTS_DENY=\"/etc/hosts.deny\" -DHOSTS_ALLOW=\"/etc/hosts.allow\"   -DHAVE_STRERROR -DHAVE_WEAKSYMS -D_REENTRANT    -DHAVE_IPV6 -DUSE_GETHOSTBYNAME2 -o hosts_ctl.o -c hosts_ctl.c
arm-sony-linux-gnueabi-gcc -tarmv7a -O2 -g -DFACILITY=LOG_DAEMON	 -DHOSTS_ACCESS  -DNETGROUP    -DDAEMON_UMASK=022 -DREAL_DAEMON_DIR=\"/usr/sbin\" -DPROCESS_OPTIONS -DKILL_IP_OPTIONS -DSEVERITY=LOG_INFO	 -DRFC931_TIMEOUT=10  -DHOSTS_DENY=\"/etc/hosts.deny\" -DHOSTS_ALLOW=\"/etc/hosts.allow\"   -DHAVE_STRERROR -DHAVE_WEAKSYMS -D_REENTRANT    -DHAVE_IPV6 -DUSE_GETHOSTBYNAME2 -o refuse.o -c refuse.c
arm-sony-linux-gnueabi-gcc -tarmv7a -O2 -g -DFACILITY=LOG_DAEMON	 -DHOSTS_ACCESS  -DNETGROUP    -DDAEMON_UMASK=022 -DREAL_DAEMON_DIR=\"/usr/sbin\" -DPROCESS_OPTIONS -DKILL_IP_OPTIONS -DSEVERITY=LOG_INFO	 -DRFC931_TIMEOUT=10  -DHOSTS_DENY=\"/etc/hosts.deny\" -DHOSTS_ALLOW=\"/etc/hosts.allow\"   -DHAVE_STRERROR -DHAVE_WEAKSYMS -D_REENTRANT    -DHAVE_IPV6 -DUSE_GETHOSTBYNAME2 -o percent_x.o -c percent_x.c
arm-sony-linux-gnueabi-gcc -tarmv7a -O2 -g -DFACILITY=LOG_DAEMON	 -DHOSTS_ACCESS  -DNETGROUP    -DDAEMON_UMASK=022 -DREAL_DAEMON_DIR=\"/usr/sbin\" -DPROCESS_OPTIONS -DKILL_IP_OPTIONS -DSEVERITY=LOG_INFO	 -DRFC931_TIMEOUT=10  -DHOSTS_DENY=\"/etc/hosts.deny\" -DHOSTS_ALLOW=\"/etc/hosts.allow\"   -DHAVE_STRERROR -DHAVE_WEAKSYMS -D_REENTRANT    -DHAVE_IPV6 -DUSE_GETHOSTBYNAME2 -o clean_exit.o -c clean_exit.c
arm-sony-linux-gnueabi-gcc -tarmv7a -O2 -g -DFACILITY=LOG_DAEMON	 -DHOSTS_ACCESS  -DNETGROUP    -DDAEMON_UMASK=022 -DREAL_DAEMON_DIR=\"/usr/sbin\" -DPROCESS_OPTIONS -DKILL_IP_OPTIONS -DSEVERITY=LOG_INFO	 -DRFC931_TIMEOUT=10  -DHOSTS_DENY=\"/etc/hosts.deny\" -DHOSTS_ALLOW=\"/etc/hosts.allow\"   -DHAVE_STRERROR -DHAVE_WEAKSYMS -D_REENTRANT    -DHAVE_IPV6 -DUSE_GETHOSTBYNAME2 -o weak_symbols.o -c weak_symbols.c
arm-sony-linux-gnueabi-gcc -tarmv7a -O2 -g -DFACILITY=LOG_DAEMON	 -DHOSTS_ACCESS  -DNETGROUP    -DDAEMON_UMASK=022 -DREAL_DAEMON_DIR=\"/usr/sbin\" -DPROCESS_OPTIONS -DKILL_IP_OPTIONS -DSEVERITY=LOG_INFO	 -DRFC931_TIMEOUT=10  -DHOSTS_DENY=\"/etc/hosts.deny\" -DHOSTS_ALLOW=\"/etc/hosts.allow\"   -DHAVE_STRERROR -DHAVE_WEAKSYMS -D_REENTRANT    -DHAVE_IPV6 -DUSE_GETHOSTBYNAME2 -o fromhost.o -c fromhost.c
arm-sony-linux-gnueabi-gcc -tarmv7a -O2 -g -DFACILITY=LOG_DAEMON	 -DHOSTS_ACCESS  -DNETGROUP    -DDAEMON_UMASK=022 -DREAL_DAEMON_DIR=\"/usr/sbin\" -DPROCESS_OPTIONS -DKILL_IP_OPTIONS -DSEVERITY=LOG_INFO	 -DRFC931_TIMEOUT=10  -DHOSTS_DENY=\"/etc/hosts.deny\" -DHOSTS_ALLOW=\"/etc/hosts.allow\"   -DHAVE_STRERROR -DHAVE_WEAKSYMS -D_REENTRANT    -DHAVE_IPV6 -DUSE_GETHOSTBYNAME2 -o fix_options.o -c fix_options.c
arm-sony-linux-gnueabi-gcc -tarmv7a -O2 -g -DFACILITY=LOG_DAEMON	 -DHOSTS_ACCESS  -DNETGROUP    -DDAEMON_UMASK=022 -DREAL_DAEMON_DIR=\"/usr/sbin\" -DPROCESS_OPTIONS -DKILL_IP_OPTIONS -DSEVERITY=LOG_INFO	 -DRFC931_TIMEOUT=10  -DHOSTS_DENY=\"/etc/hosts.deny\" -DHOSTS_ALLOW=\"/etc/hosts.allow\"   -DHAVE_STRERROR -DHAVE_WEAKSYMS -D_REENTRANT    -DHAVE_IPV6 -DUSE_GETHOSTBYNAME2 -o socket.o -c socket.c
arm-sony-linux-gnueabi-gcc -tarmv7a -O2 -g -DFACILITY=LOG_DAEMON	 -DHOSTS_ACCESS  -DNETGROUP    -DDAEMON_UMASK=022 -DREAL_DAEMON_DIR=\"/usr/sbin\" -DPROCESS_OPTIONS -DKILL_IP_OPTIONS -DSEVERITY=LOG_INFO	 -DRFC931_TIMEOUT=10  -DHOSTS_DENY=\"/etc/hosts.deny\" -DHOSTS_ALLOW=\"/etc/hosts.allow\"   -DHAVE_STRERROR -DHAVE_WEAKSYMS -D_REENTRANT    -DHAVE_IPV6 -DUSE_GETHOSTBYNAME2 -o tli.o -c tli.c
arm-sony-linux-gnueabi-gcc -tarmv7a -O2 -g -DFACILITY=LOG_DAEMON	 -DHOSTS_ACCESS  -DNETGROUP    -DDAEMON_UMASK=022 -DREAL_DAEMON_DIR=\"/usr/sbin\" -DPROCESS_OPTIONS -DKILL_IP_OPTIONS -DSEVERITY=LOG_INFO	 -DRFC931_TIMEOUT=10  -DHOSTS_DENY=\"/etc/hosts.deny\" -DHOSTS_ALLOW=\"/etc/hosts.allow\"   -DHAVE_STRERROR -DHAVE_WEAKSYMS -D_REENTRANT    -DHAVE_IPV6 -DUSE_GETHOSTBYNAME2 -o workarounds.o -c workarounds.c
arm-sony-linux-gnueabi-gcc -tarmv7a -O2 -g -DFACILITY=LOG_DAEMON	 -DHOSTS_ACCESS  -DNETGROUP    -DDAEMON_UMASK=022 -DREAL_DAEMON_DIR=\"/usr/sbin\" -DPROCESS_OPTIONS -DKILL_IP_OPTIONS -DSEVERITY=LOG_INFO	 -DRFC931_TIMEOUT=10  -DHOSTS_DENY=\"/etc/hosts.deny\" -DHOSTS_ALLOW=\"/etc/hosts.allow\"   -DHAVE_STRERROR -DHAVE_WEAKSYMS -D_REENTRANT    -DHAVE_IPV6 -DUSE_GETHOSTBYNAME2 -o update.o -c update.c
arm-sony-linux-gnueabi-gcc -tarmv7a -O2 -g -DFACILITY=LOG_DAEMON	 -DHOSTS_ACCESS  -DNETGROUP    -DDAEMON_UMASK=022 -DREAL_DAEMON_DIR=\"/usr/sbin\" -DPROCESS_OPTIONS -DKILL_IP_OPTIONS -DSEVERITY=LOG_INFO	 -DRFC931_TIMEOUT=10  -DHOSTS_DENY=\"/etc/hosts.deny\" -DHOSTS_ALLOW=\"/etc/hosts.allow\"   -DHAVE_STRERROR -DHAVE_WEAKSYMS -D_REENTRANT    -DHAVE_IPV6 -DUSE_GETHOSTBYNAME2 -o misc.o -c misc.c
arm-sony-linux-gnueabi-gcc -tarmv7a -O2 -g -DFACILITY=LOG_DAEMON	 -DHOSTS_ACCESS  -DNETGROUP    -DDAEMON_UMASK=022 -DREAL_DAEMON_DIR=\"/usr/sbin\" -DPROCESS_OPTIONS -DKILL_IP_OPTIONS -DSEVERITY=LOG_INFO	 -DRFC931_TIMEOUT=10  -DHOSTS_DENY=\"/etc/hosts.deny\" -DHOSTS_ALLOW=\"/etc/hosts.allow\"   -DHAVE_STRERROR -DHAVE_WEAKSYMS -D_REENTRANT    -DHAVE_IPV6 -DUSE_GETHOSTBYNAME2 -o diag.o -c diag.c
arm-sony-linux-gnueabi-gcc -tarmv7a -O2 -g -DFACILITY=LOG_DAEMON	 -DHOSTS_ACCESS  -DNETGROUP    -DDAEMON_UMASK=022 -DREAL_DAEMON_DIR=\"/usr/sbin\" -DPROCESS_OPTIONS -DKILL_IP_OPTIONS -DSEVERITY=LOG_INFO	 -DRFC931_TIMEOUT=10  -DHOSTS_DENY=\"/etc/hosts.deny\" -DHOSTS_ALLOW=\"/etc/hosts.allow\"   -DHAVE_STRERROR -DHAVE_WEAKSYMS -D_REENTRANT    -DHAVE_IPV6 -DUSE_GETHOSTBYNAME2 -o percent_m.o -c percent_m.c
arm-sony-linux-gnueabi-gcc -tarmv7a -O2 -g -DFACILITY=LOG_DAEMON	 -DHOSTS_ACCESS  -DNETGROUP    -DDAEMON_UMASK=022 -DREAL_DAEMON_DIR=\"/usr/sbin\" -DPROCESS_OPTIONS -DKILL_IP_OPTIONS -DSEVERITY=LOG_INFO	 -DRFC931_TIMEOUT=10  -DHOSTS_DENY=\"/etc/hosts.deny\" -DHOSTS_ALLOW=\"/etc/hosts.allow\"   -DHAVE_STRERROR -DHAVE_WEAKSYMS -D_REENTRANT    -DHAVE_IPV6 -DUSE_GETHOSTBYNAME2 -o myvsyslog.o -c myvsyslog.c
rm -f libwrap.a
ar rv libwrap.a hosts_access.o options.o shell_cmd.o rfc931.o eval.o hosts_ctl.o refuse.o percent_x.o clean_exit.o weak_symbols.o fromhost.o fix_options.o socket.o tli.o workarounds.o update.o misc.o diag.o percent_m.o myvsyslog.o
a - hosts_access.o
a - options.o
a - shell_cmd.o
a - rfc931.o
a - eval.o
a - hosts_ctl.o
a - refuse.o
a - percent_x.o
a - clean_exit.o
a - weak_symbols.o
a - fromhost.o
a - fix_options.o
a - socket.o
a - tli.o
a - workarounds.o
a - update.o
a - misc.o
a - diag.o
a - percent_m.o
a - myvsyslog.o
ranlib libwrap.a
make[1]: Leaving directory `/home/rpmuser/rpm/BUILD/tcp_wrappers_7.6-ipv6.1'
Executing(%install): /bin/sh -e /home/rpmuser/rpm/tmp/rpm-tmp.EhxWma
install   -m 0644 shared/libwrap.so.0.7.6 /home/rpmuser/rpm/BUILDROOT/sony-target-dev-tcp-wrappers-IPv6-7.6-11000002.x86_64/usr/local/arm-sony-linux-gnueabi/target/armv7a/lib/
ln -sf libwrap.so.0.7.6 /home/rpmuser/rpm/BUILDROOT/sony-target-dev-tcp-wrappers-IPv6-7.6-11000002.x86_64/usr/local/arm-sony-linux-gnueabi/target/armv7a/lib/libwrap.so.0
install   -m 0755 tcpd /home/rpmuser/rpm/BUILDROOT/sony-target-dev-tcp-wrappers-IPv6-7.6-11000002.x86_64/usr/local/arm-sony-linux-gnueabi/target/armv7a/usr/sbin/
install   -m 0755 tcpdchk /home/rpmuser/rpm/BUILDROOT/sony-target-dev-tcp-wrappers-IPv6-7.6-11000002.x86_64/usr/local/arm-sony-linux-gnueabi/target/armv7a/usr/sbin/
install   -m 0755 tcpdmatch /home/rpmuser/rpm/BUILDROOT/sony-target-dev-tcp-wrappers-IPv6-7.6-11000002.x86_64/usr/local/arm-sony-linux-gnueabi/target/armv7a/usr/sbin/
install   -m 0755 try-from /home/rpmuser/rpm/BUILDROOT/sony-target-dev-tcp-wrappers-IPv6-7.6-11000002.x86_64/usr/local/arm-sony-linux-gnueabi/target/armv7a/usr/sbin/
install   -m 0755 safe_finger /home/rpmuser/rpm/BUILDROOT/sony-target-dev-tcp-wrappers-IPv6-7.6-11000002.x86_64/usr/local/arm-sony-linux-gnueabi/target/armv7a/usr/sbin/
install   -m 0644 tcpd.8 /home/rpmuser/rpm/BUILDROOT/sony-target-dev-tcp-wrappers-IPv6-7.6-11000002.x86_64/usr/local/arm-sony-linux-gnueabi/target/armv7a/usr/share/man/man8/
install   -m 0644 tcpdchk.8 /home/rpmuser/rpm/BUILDROOT/sony-target-dev-tcp-wrappers-IPv6-7.6-11000002.x86_64/usr/local/arm-sony-linux-gnueabi/target/armv7a/usr/share/man/man8/
install   -m 0644 tcpdmatch.8 /home/rpmuser/rpm/BUILDROOT/sony-target-dev-tcp-wrappers-IPv6-7.6-11000002.x86_64/usr/local/arm-sony-linux-gnueabi/target/armv7a/usr/share/man/man8/
install   -m 0644 hosts_access.5 /home/rpmuser/rpm/BUILDROOT/sony-target-dev-tcp-wrappers-IPv6-7.6-11000002.x86_64/usr/local/arm-sony-linux-gnueabi/target/armv7a/usr/share/man/man5/
install   -m 0644 hosts_options.5 /home/rpmuser/rpm/BUILDROOT/sony-target-dev-tcp-wrappers-IPv6-7.6-11000002.x86_64/usr/local/arm-sony-linux-gnueabi/target/armv7a/usr/share/man/man5/
ln -sf hosts_access.5 /home/rpmuser/rpm/BUILDROOT/sony-target-dev-tcp-wrappers-IPv6-7.6-11000002.x86_64/usr/local/arm-sony-linux-gnueabi/target/armv7a/usr/share/man/man5/hosts.allow.5
ln -sf hosts_access.5 /home/rpmuser/rpm/BUILDROOT/sony-target-dev-tcp-wrappers-IPv6-7.6-11000002.x86_64/usr/local/arm-sony-linux-gnueabi/target/armv7a/usr/share/man/man5/hosts.deny.5
ln -sf /lib/libwrap.so.0 /home/rpmuser/rpm/BUILDROOT/sony-target-dev-tcp-wrappers-IPv6-7.6-11000002.x86_64/usr/local/arm-sony-linux-gnueabi/target/armv7a/usr/lib/libwrap.so
install   -m 0644 hosts_access.3 /home/rpmuser/rpm/BUILDROOT/sony-target-dev-tcp-wrappers-IPv6-7.6-11000002.x86_64/usr/local/arm-sony-linux-gnueabi/target/armv7a/usr/share/man/man3/
install   -m 0644 tcpd.h /home/rpmuser/rpm/BUILDROOT/sony-target-dev-tcp-wrappers-IPv6-7.6-11000002.x86_64/usr/local/arm-sony-linux-gnueabi/target/armv7a/usr/include/
install   -m 0644 libwrap.a /home/rpmuser/rpm/BUILDROOT/sony-target-dev-tcp-wrappers-IPv6-7.6-11000002.x86_64/usr/local/arm-sony-linux-gnueabi/target/armv7a/usr/lib/
ln -sf hosts_access.3 /home/rpmuser/rpm/BUILDROOT/sony-target-dev-tcp-wrappers-IPv6-7.6-11000002.x86_64/usr/local/arm-sony-linux-gnueabi/target/armv7a/usr/share/man/man3/hosts_ctl.3
ln -sf hosts_access.3 /home/rpmuser/rpm/BUILDROOT/sony-target-dev-tcp-wrappers-IPv6-7.6-11000002.x86_64/usr/local/arm-sony-linux-gnueabi/target/armv7a/usr/share/man/man3/request_init.3
ln -sf hosts_access.3 /home/rpmuser/rpm/BUILDROOT/sony-target-dev-tcp-wrappers-IPv6-7.6-11000002.x86_64/usr/local/arm-sony-linux-gnueabi/target/armv7a/usr/share/man/man3/request_set.3
Processing files: arm-sony-linux-gnueabi-armv7a-dev-tcp-wrappers-IPv6-7.6-11000002.arm
Checking for unpackaged file(s): /usr/lib/rpm/check-files /home/rpmuser/rpm/BUILDROOT/sony-target-dev-tcp-wrappers-IPv6-7.6-11000002.x86_64
Wrote: /home/rpmuser/rpm/SRPMS/sony-target-dev-tcp-wrappers-IPv6-7.6-11000002.src.rpm
Wrote: /home/rpmuser/rpm/RPMS/arm/arm-sony-linux-gnueabi-armv7a-dev-tcp-wrappers-IPv6-7.6-11000002.arm.rpm
Executing(%clean): /bin/sh -e /home/rpmuser/rpm/tmp/rpm-tmp.BdJR1c
