This file contains any messages produced by compilers while
running configure, to aid debugging if configure makes a mistake.

It was created by configure, which was
generated by GNU Autoconf 2.68.  Invocation command line was

  $ ../configure --build x86_64-linux-gnu

## --------- ##
## Platform. ##
## --------- ##

hostname = Triangle
uname -m = x86_64
uname -r = 3.8.0-37-generic
uname -s = Linux
uname -v = #53~precise1-Ubuntu SMP Wed Feb 19 21:37:54 UTC 2014

/usr/bin/uname -p = unknown
/bin/uname -X     = unknown

/bin/arch              = unknown
/usr/bin/arch -k       = unknown
/usr/convex/getsysinfo = unknown
/usr/bin/hostinfo      = unknown
/bin/machine           = unknown
/usr/bin/oslevel       = unknown
/bin/universe          = unknown

PATH: /usr/local/sbin
PATH: /usr/local/bin
PATH: /usr/sbin
PATH: /usr/bin
PATH: /sbin
PATH: /bin
PATH: /usr/local/arm-sony-linux-gnueabi/cross/devel/bin
PATH: /usr/local/arm-sony-linux-gnueabi/cross/bin
PATH: /usr/local/arm-sony-linux-gnueabi/host/bin
PATH: /usr/local/arm-sony-linux-gnueabi/cross/usr/bin/
PATH: /usr/local/arm-sony-linux-gnueabi/host/usr/bin
PATH: /usr/local/arm-sony-linux-gnueabi/cross/usr/bin


## ----------- ##
## Core tests. ##
## ----------- ##

configure:2484: checking build system type
configure:2498: result: x86_64-pc-linux-gnu
configure:2518: checking host system type
configure:2531: result: x86_64-pc-linux-gnu
configure:2551: checking target system type
configure:2564: result: x86_64-pc-linux-gnu
configure:2641: checking for gcc
configure:2657: found /usr/bin/gcc
configure:2668: result: gcc
configure:2897: checking for C compiler version
configure:2906: gcc --version >&5
gcc (Ubuntu 4.8.1-2ubuntu1~12.04) 4.8.1
Copyright (C) 2013 Free Software Foundation, Inc.
This is free software; see the source for copying conditions.  There is NO
warranty; not even for MERCHANTABILITY or FITNESS FOR A PARTICULAR PURPOSE.

configure:2917: $? = 0
configure:2906: gcc -v >&5
Using built-in specs.
COLLECT_GCC=gcc
COLLECT_LTO_WRAPPER=/usr/lib/gcc/x86_64-linux-gnu/4.8/lto-wrapper
Target: x86_64-linux-gnu
Configured with: ../src/configure -v --with-pkgversion='Ubuntu 4.8.1-2ubuntu1~12.04' --with-bugurl=file:///usr/share/doc/gcc-4.8/README.Bugs --enable-languages=c,c++,java,go,d,fortran,objc,obj-c++ --prefix=/usr --program-suffix=-4.8 --enable-shared --enable-linker-build-id --libexecdir=/usr/lib --without-included-gettext --enable-threads=posix --with-gxx-include-dir=/usr/include/c++/4.8 --libdir=/usr/lib --enable-nls --with-sysroot=/ --enable-clocale=gnu --enable-libstdcxx-debug --enable-libstdcxx-time=yes --enable-gnu-unique-object --enable-plugin --with-system-zlib --disable-browser-plugin --enable-java-awt=gtk --enable-gtk-cairo --with-java-home=/usr/lib/jvm/java-1.5.0-gcj-4.8-amd64/jre --enable-java-home --with-jvm-root-dir=/usr/lib/jvm/java-1.5.0-gcj-4.8-amd64 --with-jvm-jar-dir=/usr/lib/jvm-exports/java-1.5.0-gcj-4.8-amd64 --with-arch-directory=amd64 --with-ecj-jar=/usr/share/java/eclipse-ecj.jar --enable-objc-gc --enable-multiarch --disable-werror --with-arch-32=i686 --with-abi=m64 --with-multilib-list=m32,m64 --with-tune=generic --enable-checking=release --build=x86_64-linux-gnu --host=x86_64-linux-gnu --target=x86_64-linux-gnu
Thread model: posix
gcc version 4.8.1 (Ubuntu 4.8.1-2ubuntu1~12.04) 
configure:2917: $? = 0
configure:2906: gcc -V >&5
gcc: error: unrecognized command line option '-V'
gcc: fatal error: no input files
compilation terminated.
configure:2917: $? = 4
configure:2906: gcc -qversion >&5
gcc: error: unrecognized command line option '-qversion'
gcc: fatal error: no input files
compilation terminated.
configure:2917: $? = 4
configure:2937: checking whether the C compiler works
configure:2959: gcc -g -O2 -fstack-protector --param=ssp-buffer-size=4 -Wformat -Wformat-security -D_FORTIFY_SOURCE=2 -Wl,-Bsymbolic-functions -Wl,-z,relro conftest.c  >&5
configure:2963: $? = 0
configure:3011: result: yes
configure:3014: checking for C compiler default output file name
configure:3016: result: a.out
configure:3022: checking for suffix of executables
configure:3029: gcc -o conftest -g -O2 -fstack-protector --param=ssp-buffer-size=4 -Wformat -Wformat-security -D_FORTIFY_SOURCE=2 -Wl,-Bsymbolic-functions -Wl,-z,relro conftest.c  >&5
configure:3033: $? = 0
configure:3055: result: 
configure:3077: checking whether we are cross compiling
configure:3085: gcc -o conftest -g -O2 -fstack-protector --param=ssp-buffer-size=4 -Wformat -Wformat-security -D_FORTIFY_SOURCE=2 -Wl,-Bsymbolic-functions -Wl,-z,relro conftest.c  >&5
configure:3089: $? = 0
configure:3096: ./conftest
configure:3100: $? = 0
configure:3115: result: no
configure:3120: checking for suffix of object files
configure:3142: gcc -c -g -O2 -fstack-protector --param=ssp-buffer-size=4 -Wformat -Wformat-security -D_FORTIFY_SOURCE=2 conftest.c >&5
configure:3146: $? = 0
configure:3167: result: o
configure:3171: checking whether we are using the GNU C compiler
configure:3190: gcc -c -g -O2 -fstack-protector --param=ssp-buffer-size=4 -Wformat -Wformat-security -D_FORTIFY_SOURCE=2 conftest.c >&5
configure:3190: $? = 0
configure:3199: result: yes
configure:3208: checking whether gcc accepts -g
configure:3228: gcc -c -g -D_FORTIFY_SOURCE=2 conftest.c >&5
configure:3228: $? = 0
configure:3269: result: yes
configure:3286: checking for gcc option to accept ISO C89
configure:3350: gcc  -c -g -O2 -fstack-protector --param=ssp-buffer-size=4 -Wformat -Wformat-security -D_FORTIFY_SOURCE=2 conftest.c >&5
configure:3350: $? = 0
configure:3363: result: none needed
configure:3384: checking for library containing strerror
configure:3415: gcc -o conftest -g -O2 -fstack-protector --param=ssp-buffer-size=4 -Wformat -Wformat-security -D_FORTIFY_SOURCE=2 -Wl,-Bsymbolic-functions -Wl,-z,relro conftest.c  >&5
configure:3415: $? = 0
configure:3432: result: none required
configure:3448: checking for special C compiler options needed for large files
configure:3493: result: no
configure:3499: checking for _FILE_OFFSET_BITS value needed for large files
configure:3524: gcc -c -g -O2 -fstack-protector --param=ssp-buffer-size=4 -Wformat -Wformat-security -D_FORTIFY_SOURCE=2 conftest.c >&5
configure:3524: $? = 0
configure:3556: result: no
configure:3698: checking for g++
configure:3714: found /usr/bin/g++
configure:3725: result: g++
configure:3752: checking for C++ compiler version
configure:3761: g++ --version >&5
g++ (Ubuntu 4.8.1-2ubuntu1~12.04) 4.8.1
Copyright (C) 2013 Free Software Foundation, Inc.
This is free software; see the source for copying conditions.  There is NO
warranty; not even for MERCHANTABILITY or FITNESS FOR A PARTICULAR PURPOSE.

configure:3772: $? = 0
configure:3761: g++ -v >&5
Using built-in specs.
COLLECT_GCC=g++
COLLECT_LTO_WRAPPER=/usr/lib/gcc/x86_64-linux-gnu/4.8/lto-wrapper
Target: x86_64-linux-gnu
Configured with: ../src/configure -v --with-pkgversion='Ubuntu 4.8.1-2ubuntu1~12.04' --with-bugurl=file:///usr/share/doc/gcc-4.8/README.Bugs --enable-languages=c,c++,java,go,d,fortran,objc,obj-c++ --prefix=/usr --program-suffix=-4.8 --enable-shared --enable-linker-build-id --libexecdir=/usr/lib --without-included-gettext --enable-threads=posix --with-gxx-include-dir=/usr/include/c++/4.8 --libdir=/usr/lib --enable-nls --with-sysroot=/ --enable-clocale=gnu --enable-libstdcxx-debug --enable-libstdcxx-time=yes --enable-gnu-unique-object --enable-plugin --with-system-zlib --disable-browser-plugin --enable-java-awt=gtk --enable-gtk-cairo --with-java-home=/usr/lib/jvm/java-1.5.0-gcj-4.8-amd64/jre --enable-java-home --with-jvm-root-dir=/usr/lib/jvm/java-1.5.0-gcj-4.8-amd64 --with-jvm-jar-dir=/usr/lib/jvm-exports/java-1.5.0-gcj-4.8-amd64 --with-arch-directory=amd64 --with-ecj-jar=/usr/share/java/eclipse-ecj.jar --enable-objc-gc --enable-multiarch --disable-werror --with-arch-32=i686 --with-abi=m64 --with-multilib-list=m32,m64 --with-tune=generic --enable-checking=release --build=x86_64-linux-gnu --host=x86_64-linux-gnu --target=x86_64-linux-gnu
Thread model: posix
gcc version 4.8.1 (Ubuntu 4.8.1-2ubuntu1~12.04) 
configure:3772: $? = 0
configure:3761: g++ -V >&5
g++: error: unrecognized command line option '-V'
g++: fatal error: no input files
compilation terminated.
configure:3772: $? = 4
configure:3761: g++ -qversion >&5
g++: error: unrecognized command line option '-qversion'
g++: fatal error: no input files
compilation terminated.
configure:3772: $? = 4
configure:3776: checking whether we are using the GNU C++ compiler
configure:3795: g++ -c -g -O2 -fstack-protector --param=ssp-buffer-size=4 -Wformat -Wformat-security -Werror=format-security -D_FORTIFY_SOURCE=2 conftest.cpp >&5
configure:3795: $? = 0
configure:3804: result: yes
configure:3813: checking whether g++ accepts -g
configure:3833: g++ -c -g -D_FORTIFY_SOURCE=2 conftest.cpp >&5
configure:3833: $? = 0
configure:3874: result: yes
configure:3902: checking how to run the C preprocessor
configure:3933: gcc -E -D_FORTIFY_SOURCE=2 conftest.c
configure:3933: $? = 0
configure:3947: gcc -E -D_FORTIFY_SOURCE=2 conftest.c
conftest.c:11:28: fatal error: ac_nonexistent.h: No such file or directory
 #include <ac_nonexistent.h>
                            ^
compilation terminated.
configure:3947: $? = 1
configure: failed program was:
| /* confdefs.h */
| #define PACKAGE_NAME ""
| #define PACKAGE_TARNAME ""
| #define PACKAGE_VERSION ""
| #define PACKAGE_STRING ""
| #define PACKAGE_BUGREPORT ""
| #define PACKAGE_URL ""
| #define VERSION "0.8.16~exp12ubuntu10.16-u.1.0.2.1"
| #define PACKAGE "apt"
| /* end confdefs.h.  */
| #include <ac_nonexistent.h>
configure:3972: result: gcc -E
configure:3992: gcc -E -D_FORTIFY_SOURCE=2 conftest.c
configure:3992: $? = 0
configure:4006: gcc -E -D_FORTIFY_SOURCE=2 conftest.c
conftest.c:11:28: fatal error: ac_nonexistent.h: No such file or directory
 #include <ac_nonexistent.h>
                            ^
compilation terminated.
configure:4006: $? = 1
configure: failed program was:
| /* confdefs.h */
| #define PACKAGE_NAME ""
| #define PACKAGE_TARNAME ""
| #define PACKAGE_VERSION ""
| #define PACKAGE_STRING ""
| #define PACKAGE_BUGREPORT ""
| #define PACKAGE_URL ""
| #define VERSION "0.8.16~exp12ubuntu10.16-u.1.0.2.1"
| #define PACKAGE "apt"
| /* end confdefs.h.  */
| #include <ac_nonexistent.h>
configure:4077: checking for ranlib
configure:4093: found /usr/bin/ranlib
configure:4104: result: ranlib
configure:4169: checking for ar
configure:4185: found /usr/bin/ar
configure:4196: result: ar
configure:4221: checking for library containing gethostbyname
configure:4252: gcc -o conftest -g -O2 -fstack-protector --param=ssp-buffer-size=4 -Wformat -Wformat-security -D_FORTIFY_SOURCE=2 -Wl,-Bsymbolic-functions -Wl,-z,relro conftest.c  >&5
configure:4252: $? = 0
configure:4269: result: none required
configure:4277: checking for library containing connect
configure:4308: gcc -o conftest -g -O2 -fstack-protector --param=ssp-buffer-size=4 -Wformat -Wformat-security -D_FORTIFY_SOURCE=2 -Wl,-Bsymbolic-functions -Wl,-z,relro conftest.c  >&5
configure:4308: $? = 0
configure:4325: result: none required
configure:4343: checking for grep that handles long lines and -e
configure:4401: result: /bin/grep
configure:4406: checking for egrep
configure:4468: result: /bin/grep -E
configure:4473: checking for ANSI C header files
configure:4493: gcc -c -g -O2 -fstack-protector --param=ssp-buffer-size=4 -Wformat -Wformat-security -D_FORTIFY_SOURCE=2 conftest.c >&5
configure:4493: $? = 0
configure:4566: gcc -o conftest -g -O2 -fstack-protector --param=ssp-buffer-size=4 -Wformat -Wformat-security -D_FORTIFY_SOURCE=2 -Wl,-Bsymbolic-functions -Wl,-z,relro conftest.c  -ldb >&5
configure:4566: $? = 0
configure:4566: ./conftest
configure:4566: $? = 0
configure:4577: result: yes
configure:4590: checking for sys/types.h
configure:4590: gcc -c -g -O2 -fstack-protector --param=ssp-buffer-size=4 -Wformat -Wformat-security -D_FORTIFY_SOURCE=2 conftest.c >&5
configure:4590: $? = 0
configure:4590: result: yes
configure:4590: checking for sys/stat.h
configure:4590: gcc -c -g -O2 -fstack-protector --param=ssp-buffer-size=4 -Wformat -Wformat-security -D_FORTIFY_SOURCE=2 conftest.c >&5
configure:4590: $? = 0
configure:4590: result: yes
configure:4590: checking for stdlib.h
configure:4590: gcc -c -g -O2 -fstack-protector --param=ssp-buffer-size=4 -Wformat -Wformat-security -D_FORTIFY_SOURCE=2 conftest.c >&5
configure:4590: $? = 0
configure:4590: result: yes
configure:4590: checking for string.h
configure:4590: gcc -c -g -O2 -fstack-protector --param=ssp-buffer-size=4 -Wformat -Wformat-security -D_FORTIFY_SOURCE=2 conftest.c >&5
configure:4590: $? = 0
configure:4590: result: yes
configure:4590: checking for memory.h
configure:4590: gcc -c -g -O2 -fstack-protector --param=ssp-buffer-size=4 -Wformat -Wformat-security -D_FORTIFY_SOURCE=2 conftest.c >&5
configure:4590: $? = 0
configure:4590: result: yes
configure:4590: checking for strings.h
configure:4590: gcc -c -g -O2 -fstack-protector --param=ssp-buffer-size=4 -Wformat -Wformat-security -D_FORTIFY_SOURCE=2 conftest.c >&5
configure:4590: $? = 0
configure:4590: result: yes
configure:4590: checking for inttypes.h
configure:4590: gcc -c -g -O2 -fstack-protector --param=ssp-buffer-size=4 -Wformat -Wformat-security -D_FORTIFY_SOURCE=2 conftest.c >&5
configure:4590: $? = 0
configure:4590: result: yes
configure:4590: checking for stdint.h
configure:4590: gcc -c -g -O2 -fstack-protector --param=ssp-buffer-size=4 -Wformat -Wformat-security -D_FORTIFY_SOURCE=2 conftest.c >&5
configure:4590: $? = 0
configure:4590: result: yes
configure:4590: checking for unistd.h
configure:4590: gcc -c -g -O2 -fstack-protector --param=ssp-buffer-size=4 -Wformat -Wformat-security -D_FORTIFY_SOURCE=2 conftest.c >&5
configure:4590: $? = 0
configure:4590: result: yes
configure:4602: checking db.h usability
configure:4602: gcc -c -g -O2 -fstack-protector --param=ssp-buffer-size=4 -Wformat -Wformat-security -D_FORTIFY_SOURCE=2 conftest.c >&5
configure:4602: $? = 0
configure:4602: result: yes
configure:4602: checking db.h presence
configure:4602: gcc -E -D_FORTIFY_SOURCE=2 conftest.c
configure:4602: $? = 0
configure:4602: result: yes
configure:4602: checking for db.h
configure:4602: result: yes
configure:4604: checking if we can link against BerkeleyDB
configure:4618: gcc -o conftest -g -O2 -fstack-protector --param=ssp-buffer-size=4 -Wformat -Wformat-security -D_FORTIFY_SOURCE=2 -Wl,-Bsymbolic-functions -Wl,-z,relro conftest.c  -ldb >&5
configure:4618: $? = 0
configure:4622: result: yes
configure:4639: checking for curl_easy_init in -lcurl
configure:4664: gcc -o conftest -g -O2 -fstack-protector --param=ssp-buffer-size=4 -Wformat -Wformat-security -D_FORTIFY_SOURCE=2 -Wl,-Bsymbolic-functions -Wl,-z,relro conftest.c -lcurl   >&5
configure:4664: $? = 0
configure:4673: result: yes
configure:4676: checking curl/curl.h usability
configure:4676: gcc -c -g -O2 -fstack-protector --param=ssp-buffer-size=4 -Wformat -Wformat-security -D_FORTIFY_SOURCE=2 conftest.c >&5
configure:4676: $? = 0
configure:4676: result: yes
configure:4676: checking curl/curl.h presence
configure:4676: gcc -E -D_FORTIFY_SOURCE=2 conftest.c
configure:4676: $? = 0
configure:4676: result: yes
configure:4676: checking for curl/curl.h
configure:4676: result: yes
configure:4691: checking for gzopen in -lz
configure:4716: gcc -o conftest -g -O2 -fstack-protector --param=ssp-buffer-size=4 -Wformat -Wformat-security -D_FORTIFY_SOURCE=2 -Wl,-Bsymbolic-functions -Wl,-z,relro conftest.c -lz   >&5
configure:4716: $? = 0
configure:4725: result: yes
configure:4728: checking zlib.h usability
configure:4728: gcc -c -g -O2 -fstack-protector --param=ssp-buffer-size=4 -Wformat -Wformat-security -D_FORTIFY_SOURCE=2 conftest.c >&5
configure:4728: $? = 0
configure:4728: result: yes
configure:4728: checking zlib.h presence
configure:4728: gcc -E -D_FORTIFY_SOURCE=2 conftest.c
configure:4728: $? = 0
configure:4728: result: yes
configure:4728: checking for zlib.h
configure:4728: result: yes
configure:4741: checking debian architecture
configure:4747: result: amd64
configure:4754: checking for C99 integer types
configure:4771: gcc -c -g -O2 -fstack-protector --param=ssp-buffer-size=4 -Wformat -Wformat-security -D_FORTIFY_SOURCE=2 conftest.c >&5
configure:4771: $? = 0
configure:4778: result: yes
configure:4781: checking for statvfs
configure:4781: gcc -o conftest -g -O2 -fstack-protector --param=ssp-buffer-size=4 -Wformat -Wformat-security -D_FORTIFY_SOURCE=2 -Wl,-Bsymbolic-functions -Wl,-z,relro conftest.c  >&5
configure:4781: $? = 0
configure:4781: result: yes
configure:4820: checking for struct statfs.f_type
configure:4820: gcc -c -g -O2 -fstack-protector --param=ssp-buffer-size=4 -Wformat -Wformat-security -D_FORTIFY_SOURCE=2 conftest.c >&5
configure:4820: $? = 0
configure:4820: result: yes
configure:4833: checking for timegm
configure:4833: gcc -o conftest -g -O2 -fstack-protector --param=ssp-buffer-size=4 -Wformat -Wformat-security -D_FORTIFY_SOURCE=2 -Wl,-Bsymbolic-functions -Wl,-z,relro conftest.c  >&5
configure:4833: $? = 0
configure:4833: result: yes
configure:4860: checking whether byte ordering is bigendian
configure:5066: result: no
configure:5224: checking for missing socklen_t
configure:5233: result: no
configure:5247: checking for h_errno
configure:5256: result: normal
configure:5281: checking for debiandoc2html
configure:5299: found /usr/bin/debiandoc2html
configure:5311: result: /usr/bin/debiandoc2html
configure:5321: checking for debiandoc2text
configure:5339: found /usr/bin/debiandoc2text
configure:5351: result: /usr/bin/debiandoc2text
configure:5362: checking for doxygen
configure:5380: found /usr/bin/doxygen
configure:5392: result: /usr/bin/doxygen
configure:5403: checking for xsltproc
configure:5421: found /usr/bin/xsltproc
configure:5433: result: /usr/bin/xsltproc
configure:5444: checking for po4a
configure:5462: found /usr/bin/po4a
configure:5474: result: /usr/bin/po4a
configure:5485: checking for dot
configure:5501: found /usr/bin/dot
configure:5513: result: YES
configure:5523: checking for dot
configure:5541: found /usr/bin/dot
configure:5553: result: /usr/bin/dot
configure:5618: checking for getconf
configure:5636: found /usr/bin/getconf
configure:5648: result: /usr/bin/getconf
configure:5661: checking number of cpus
configure:5714: result: 2
configure:5719: checking processor multiplier
configure:5734: result: 2
configure:5740: checking number of processes to run during make
configure:5755: result: 4
configure:5760: checking if g++ -MD works
configure:5776: result: yes, for output
configure:5782: checking whether make sets $(MAKE)
configure:5804: result: yes
configure:5827: checking for a BSD-compatible install
configure:5895: result: /usr/bin/install -c
configure:5906: checking for a thread-safe mkdir -p
configure:5945: result: /bin/mkdir -p
configure:5955: checking whether NLS is requested
configure:5964: result: yes
configure:6005: checking for msgfmt
configure: trying /usr/bin/msgfmt...
0 translated messages.
configure:6037: result: /usr/bin/msgfmt
configure:6046: checking for gmsgfmt
configure:6077: result: /usr/bin/msgfmt
configure:6128: checking for xgettext
configure: trying /usr/bin/xgettext...
/usr/bin/xgettext: warning: file `/dev/null' extension `' is unknown; will try C
configure:6160: result: /usr/bin/xgettext
configure:6206: checking for msgmerge
configure: trying /usr/bin/msgmerge...
configure:6237: result: /usr/bin/msgmerge
configure:6294: checking for ld used by GCC
configure:6358: result: /usr/bin/ld
configure:6365: checking if the linker (/usr/bin/ld) is GNU ld
configure:6378: result: yes
configure:6385: checking for shared library run path origin
configure:6398: result: done
configure:6970: checking for CFPreferencesCopyAppValue
configure:6988: gcc -o conftest -g -O2 -fstack-protector --param=ssp-buffer-size=4 -Wformat -Wformat-security -D_FORTIFY_SOURCE=2 -Wl,-Bsymbolic-functions -Wl,-z,relro conftest.c  -Wl,-framework -Wl,CoreFoundation >&5
conftest.c:25:42: fatal error: CoreFoundation/CFPreferences.h: No such file or directory
 #include <CoreFoundation/CFPreferences.h>
                                          ^
compilation terminated.
configure:6988: $? = 1
configure: failed program was:
| /* confdefs.h */
| #define PACKAGE_NAME ""
| #define PACKAGE_TARNAME ""
| #define PACKAGE_VERSION ""
| #define PACKAGE_STRING ""
| #define PACKAGE_BUGREPORT ""
| #define PACKAGE_URL ""
| #define VERSION "0.8.16~exp12ubuntu10.16-u.1.0.2.1"
| #define PACKAGE "apt"
| #define STDC_HEADERS 1
| #define HAVE_SYS_TYPES_H 1
| #define HAVE_SYS_STAT_H 1
| #define HAVE_STDLIB_H 1
| #define HAVE_STRING_H 1
| #define HAVE_MEMORY_H 1
| #define HAVE_STRINGS_H 1
| #define HAVE_INTTYPES_H 1
| #define HAVE_STDINT_H 1
| #define HAVE_UNISTD_H 1
| #define HAVE_BDB 1
| #define COMMON_ARCH "amd64"
| #define HAVE_STRUCT_STATFS_F_TYPE 1
| #define HAVE_TIMEGM 1
| /* end confdefs.h.  */
| #include <CoreFoundation/CFPreferences.h>
| int
| main ()
| {
| CFPreferencesCopyAppValue(NULL, NULL)
|   ;
|   return 0;
| }
configure:6997: result: no
configure:7004: checking for CFLocaleCopyCurrent
configure:7022: gcc -o conftest -g -O2 -fstack-protector --param=ssp-buffer-size=4 -Wformat -Wformat-security -D_FORTIFY_SOURCE=2 -Wl,-Bsymbolic-functions -Wl,-z,relro conftest.c  -Wl,-framework -Wl,CoreFoundation >&5
conftest.c:25:37: fatal error: CoreFoundation/CFLocale.h: No such file or directory
 #include <CoreFoundation/CFLocale.h>
                                     ^
compilation terminated.
configure:7022: $? = 1
configure: failed program was:
| /* confdefs.h */
| #define PACKAGE_NAME ""
| #define PACKAGE_TARNAME ""
| #define PACKAGE_VERSION ""
| #define PACKAGE_STRING ""
| #define PACKAGE_BUGREPORT ""
| #define PACKAGE_URL ""
| #define VERSION "0.8.16~exp12ubuntu10.16-u.1.0.2.1"
| #define PACKAGE "apt"
| #define STDC_HEADERS 1
| #define HAVE_SYS_TYPES_H 1
| #define HAVE_SYS_STAT_H 1
| #define HAVE_STDLIB_H 1
| #define HAVE_STRING_H 1
| #define HAVE_MEMORY_H 1
| #define HAVE_STRINGS_H 1
| #define HAVE_INTTYPES_H 1
| #define HAVE_STDINT_H 1
| #define HAVE_UNISTD_H 1
| #define HAVE_BDB 1
| #define COMMON_ARCH "amd64"
| #define HAVE_STRUCT_STATFS_F_TYPE 1
| #define HAVE_TIMEGM 1
| /* end confdefs.h.  */
| #include <CoreFoundation/CFLocale.h>
| int
| main ()
| {
| CFLocaleCopyCurrent();
|   ;
|   return 0;
| }
configure:7031: result: no
configure:7080: checking for GNU gettext in libc
configure:7100: gcc -o conftest -g -O2 -fstack-protector --param=ssp-buffer-size=4 -Wformat -Wformat-security -D_FORTIFY_SOURCE=2 -Wl,-Bsymbolic-functions -Wl,-z,relro conftest.c  >&5
configure:7100: $? = 0
configure:7109: result: yes
configure:7900: checking whether to use NLS
configure:7902: result: yes
configure:7905: checking where the gettext function comes from
configure:7916: result: libc
configure:7980: checking for bash
configure:8010: result: /bin/sh
configure:8138: creating ./config.status

## ---------------------- ##
## Running config.status. ##
## ---------------------- ##

This file was extended by config.status, which was
generated by GNU Autoconf 2.68.  Invocation command line was

  CONFIG_FILES    = 
  CONFIG_HEADERS  = 
  CONFIG_LINKS    = 
  CONFIG_COMMANDS = 
  $ ./config.status 

on Triangle

config.status:904: creating environment.mak
config.status:904: creating makefile
config.status:904: creating doc/Doxyfile
config.status:904: creating include/config.h
config.status:904: creating include/apti18n.h
config.status:1084: executing po-directories commands
config.status:1084: executing default commands

## ---------------- ##
## Cache variables. ##
## ---------------- ##

ac_cv_build=x86_64-pc-linux-gnu
ac_cv_c_bigendian=no
ac_cv_c_compiler_gnu=yes
ac_cv_cxx_compiler_gnu=yes
ac_cv_env_CCC_set=
ac_cv_env_CCC_value=
ac_cv_env_CC_set=
ac_cv_env_CC_value=
ac_cv_env_CFLAGS_set=set
ac_cv_env_CFLAGS_value='-g -O2 -fstack-protector --param=ssp-buffer-size=4 -Wformat -Wformat-security'
ac_cv_env_CPPFLAGS_set=set
ac_cv_env_CPPFLAGS_value=-D_FORTIFY_SOURCE=2
ac_cv_env_CPP_set=
ac_cv_env_CPP_value=
ac_cv_env_CXXFLAGS_set=set
ac_cv_env_CXXFLAGS_value='-g -O2 -fstack-protector --param=ssp-buffer-size=4 -Wformat -Wformat-security -Werror=format-security'
ac_cv_env_CXX_set=
ac_cv_env_CXX_value=
ac_cv_env_LDFLAGS_set=set
ac_cv_env_LDFLAGS_value='-Wl,-Bsymbolic-functions -Wl,-z,relro'
ac_cv_env_LIBS_set=
ac_cv_env_LIBS_value=
ac_cv_env_build_alias_set=set
ac_cv_env_build_alias_value=x86_64-linux-gnu
ac_cv_env_host_alias_set=
ac_cv_env_host_alias_value=
ac_cv_env_target_alias_set=
ac_cv_env_target_alias_value=
ac_cv_func_statvfs=yes
ac_cv_func_timegm=yes
ac_cv_header_curl_curl_h=yes
ac_cv_header_db_h=yes
ac_cv_header_inttypes_h=yes
ac_cv_header_memory_h=yes
ac_cv_header_stdc=yes
ac_cv_header_stdint_h=yes
ac_cv_header_stdlib_h=yes
ac_cv_header_string_h=yes
ac_cv_header_strings_h=yes
ac_cv_header_sys_stat_h=yes
ac_cv_header_sys_types_h=yes
ac_cv_header_unistd_h=yes
ac_cv_header_zlib_h=yes
ac_cv_host=x86_64-pc-linux-gnu
ac_cv_lib_curl_curl_easy_init=yes
ac_cv_lib_z_gzopen=yes
ac_cv_member_struct_statfs_f_type=yes
ac_cv_objext=o
ac_cv_path_BASH=/bin/sh
ac_cv_path_DEBIANDOC_HTML=/usr/bin/debiandoc2html
ac_cv_path_DEBIANDOC_TEXT=/usr/bin/debiandoc2text
ac_cv_path_DOT=/usr/bin/dot
ac_cv_path_DOXYGEN=/usr/bin/doxygen
ac_cv_path_EGREP='/bin/grep -E'
ac_cv_path_GETCONF=/usr/bin/getconf
ac_cv_path_GMSGFMT=/usr/bin/msgfmt
ac_cv_path_GREP=/bin/grep
ac_cv_path_MSGFMT=/usr/bin/msgfmt
ac_cv_path_MSGMERGE=/usr/bin/msgmerge
ac_cv_path_PO4A=/usr/bin/po4a
ac_cv_path_XGETTEXT=/usr/bin/xgettext
ac_cv_path_XSLTPROC=/usr/bin/xsltproc
ac_cv_path_install='/usr/bin/install -c'
ac_cv_path_mkdir=/bin/mkdir
ac_cv_prog_CPP='gcc -E'
ac_cv_prog_HAVE_DOT=YES
ac_cv_prog_ac_ct_AR=ar
ac_cv_prog_ac_ct_CC=gcc
ac_cv_prog_ac_ct_CXX=g++
ac_cv_prog_ac_ct_RANLIB=ranlib
ac_cv_prog_cc_c89=
ac_cv_prog_cc_g=yes
ac_cv_prog_cxx_g=yes
ac_cv_prog_make_make_set=yes
ac_cv_search_connect='none required'
ac_cv_search_gethostbyname='none required'
ac_cv_search_strerror='none required'
ac_cv_sys_file_offset_bits=no
ac_cv_sys_largefile_CC=no
ac_cv_target=x86_64-pc-linux-gnu
acl_cv_path_LD=/usr/bin/ld
acl_cv_prog_gnu_ld=yes
acl_cv_rpath=done
apt_cv_c9x_ints=yes
gt_cv_func_CFLocaleCopyCurrent=no
gt_cv_func_CFPreferencesCopyAppValue=no
gt_cv_func_gnugettext1_libc=yes

## ----------------- ##
## Output variables. ##
## ----------------- ##

AR='ar'
BASH='/bin/sh'
BDBLIB='-ldb'
CC='gcc'
CFLAGS='-g -O2 -fstack-protector --param=ssp-buffer-size=4 -Wformat -Wformat-security'
CPP='gcc -E'
CPPFLAGS='-D_FORTIFY_SOURCE=2'
CXX='g++'
CXXFLAGS='-g -O2 -fstack-protector --param=ssp-buffer-size=4 -Wformat -Wformat-security -Werror=format-security'
DEBIANDOC_HTML='/usr/bin/debiandoc2html'
DEBIANDOC_TEXT='/usr/bin/debiandoc2text'
DEFS='-DHAVE_CONFIG_H'
DOT='/usr/bin/dot'
DOTDIR='/usr/bin'
DOXYGEN='/usr/bin/doxygen'
ECHO_C=''
ECHO_N='-n'
ECHO_T=''
EGREP='/bin/grep -E'
EXEEXT=''
GCC3DEP='yes'
GETCONF='/usr/bin/getconf'
GETTEXT_MACRO_VERSION='0.18'
GMSGFMT='/usr/bin/msgfmt'
GMSGFMT_015='/usr/bin/msgfmt'
GREP='/bin/grep'
HAVE_C9X='yes'
HAVE_DOT='YES'
HAVE_STATVFS='yes'
HAVE_TIMEGM=''
INSTALL_DATA='${INSTALL} -m 644'
INSTALL_PROGRAM='${INSTALL}'
INSTALL_SCRIPT='${INSTALL}'
INTLLIBS=''
INTL_MACOSX_LIBS=''
LDFLAGS='-Wl,-Bsymbolic-functions -Wl,-z,relro'
LIBICONV='-liconv'
LIBINTL=''
LIBOBJS=''
LIBS=''
LTLIBICONV='-liconv'
LTLIBINTL=''
LTLIBOBJS=''
MKDIR_P='/bin/mkdir -p'
MSGFMT='/usr/bin/msgfmt'
MSGFMT_015='/usr/bin/msgfmt'
MSGMERGE='/usr/bin/msgmerge'
NEED_SOCKLEN_T_DEFINE=''
NUM_CPUS='2'
NUM_PROCS='4'
OBJEXT='o'
PACKAGE='apt'
PACKAGE_BUGREPORT=''
PACKAGE_NAME=''
PACKAGE_STRING=''
PACKAGE_TARNAME=''
PACKAGE_URL=''
PACKAGE_VERSION=''
PATH_SEPARATOR=':'
PO4A='/usr/bin/po4a'
POSUB='po'
PROC_MULTIPLY='2'
PTHREADLIB=''
RANLIB='ranlib'
SET_MAKE=''
SHELL='/bin/sh'
SOCKETLIBS=''
USE_NLS='yes'
XGETTEXT='/usr/bin/xgettext'
XGETTEXT_015='/usr/bin/xgettext'
XGETTEXT_EXTRA_OPTIONS=''
XSLTPROC='/usr/bin/xsltproc'
ac_ct_CC='gcc'
ac_ct_CXX='g++'
bindir='${exec_prefix}/bin'
build='x86_64-pc-linux-gnu'
build_alias='x86_64-linux-gnu'
build_cpu='x86_64'
build_os='linux-gnu'
build_vendor='pc'
datadir='${datarootdir}'
datarootdir='${prefix}/share'
docdir='${datarootdir}/doc/${PACKAGE}'
dvidir='${docdir}'
exec_prefix='${prefix}'
host='x86_64-pc-linux-gnu'
host_alias=''
host_cpu='x86_64'
host_os='linux-gnu'
host_vendor='pc'
htmldir='${docdir}'
includedir='${prefix}/include'
infodir='${datarootdir}/info'
libdir='${exec_prefix}/lib'
libexecdir='${exec_prefix}/libexec'
localedir='${datarootdir}/locale'
localstatedir='${prefix}/var'
mandir='${datarootdir}/man'
mkdir_p='/bin/mkdir -p'
oldincludedir='/usr/include'
pdfdir='${docdir}'
prefix='/usr/local'
program_transform_name='s,x,x,'
psdir='${docdir}'
sbindir='${exec_prefix}/sbin'
sharedstatedir='${prefix}/com'
sysconfdir='${prefix}/etc'
target='x86_64-pc-linux-gnu'
target_alias=''
target_cpu='x86_64'
target_os='linux-gnu'
target_vendor='pc'

## ----------- ##
## confdefs.h. ##
## ----------- ##

/* confdefs.h */
#define PACKAGE_NAME ""
#define PACKAGE_TARNAME ""
#define PACKAGE_VERSION ""
#define PACKAGE_STRING ""
#define PACKAGE_BUGREPORT ""
#define PACKAGE_URL ""
#define VERSION "0.8.16~exp12ubuntu10.16-u.1.0.2.1"
#define PACKAGE "apt"
#define STDC_HEADERS 1
#define HAVE_SYS_TYPES_H 1
#define HAVE_SYS_STAT_H 1
#define HAVE_STDLIB_H 1
#define HAVE_STRING_H 1
#define HAVE_MEMORY_H 1
#define HAVE_STRINGS_H 1
#define HAVE_INTTYPES_H 1
#define HAVE_STDINT_H 1
#define HAVE_UNISTD_H 1
#define HAVE_BDB 1
#define COMMON_ARCH "amd64"
#define HAVE_STRUCT_STATFS_F_TYPE 1
#define HAVE_TIMEGM 1
#define ENABLE_NLS 1
#define HAVE_GETTEXT 1
#define HAVE_DCGETTEXT 1
#define USE_NLS 1

configure: exit 0
