targetName=a9
arch=arm
runHost=10.0.6.38
runHostPrompt=*$* 
target=10.0.6.39
targetRoot=/usr/local/arm-sony-linux-gnueabi/target/armv7a
rpmDir=/home/rpmuser/rpm
testSoucreDir=/home/rpmuser//MAIN/dist/pkg
rpmBuild=/home/rpmuser/MAIN/dist/pkg/sony-rpmbuild
rpmBuildPatch=/home/rpmuser///MAIN/dist/pkg/sony-rpmbuild -p
hddDev=sda
device=sda1
cmplrs=/home/rpmuser/MAIN/cmplrs
triplet=arm-sony-linux-gnueabi
dialect=armv7a
currentHost=10.0.6.38
majorVersion=11
withoutsslibcFlag=yes
targetTop=/usr/local/arm-sony-linux-gnueabi
tempDir=/home/rpmuser/rpm/tmp
