targetName=a9
arch=arm
runHost=10.0.6.38
runHostPrompt=*$* 
target=10.0.6.39
targetRoot=/usr/local/arm-sony-linux-gnueabi/target/armv7a
rpmDir=/home/rpmuser/rpm
testSoucreDir=/home/rpmuser//MAIN/dist/pkg
rpmBuild=/home/rpmuser/MAIN/dist/pkg/sony-rpmbuild
rpmBuildPatch=/home/rpmuser///MAIN/dist/pkg/sony-rpmbuild -p
hddDev=sda
device=sda1
cmplrs=/home/rpmuser/MAIN/cmplrs
triplet=arm-sony-linux-gnueabi
dialect=armv7a
currentHost=10.0.6.38
majorVersion=11
withoutsslibcFlag=yes
targetTop=/usr/local/arm-sony-linux-gnueabi
tempDir=/home/rpmuser/rpm/tmp
spawn ssh 10.0.6.38
Welcome to Ubuntu 12.04.4 LTS (GNU/Linux 3.8.0-35-generic x86_64)

 * Documentation:  https://help.ubuntu.com/

0 packages can be updated.
0 updates are security updates.

Last login: Wed Feb 19 10:07:09 2014 from kzm-a9.mydomain
]0;rpmuser@Triangle: ~rpmuser@Triangle:~$ telnet 10.0.6.39
Trying 10.0.6.39...
Connected to 10.0.6.39.
Escape character is '^]'.

10.0.6.39 login: root
 mkdir -p /home
Sony CE Linux 11.0.0.0 armv7a
-bash-3.2#  mkdir -p /home
-bash-3.2# cd /home
-bash-3.2# cat <<EOF >fuser-test.c
>   int main()
>  {
>  while(1)
>  {
>  }
>  return 0;
>  }
> EOF
-bash-3.2# /tool/usr/bin/gcc fuser-test.c -o fuser-test
-bash-3.2# ./fuser-test &
[1] 11199
-bash-3.2# ps -A | grep fuser-test
11199 pts/3    00:00:00 fuser-test
-bash-3.2# fuser -k /home
mkdir  /mnt
