targetName=a9
arch=arm
runHost=10.0.6.38
runHostPrompt=*$* 
target=10.0.6.39
targetRoot=/usr/local/arm-sony-linux-gnueabi/target/armv7a
rpmDir=/home/rpmuser/rpm
testSoucreDir=/home/rpmuser//MAIN/dist/pkg
rpmBuild=/home/rpmuser/MAIN/dist/pkg/sony-rpmbuild
rpmBuildPatch=/home/rpmuser///MAIN/dist/pkg/sony-rpmbuild -p
hddDev=sda
device=sda1
cmplrs=/home/rpmuser/MAIN/cmplrs
triplet=arm-sony-linux-gnueabi
dialect=armv7a
currentHost=10.0.6.38
majorVersion=11
withoutsslibcFlag=yes
targetTop=/usr/local/arm-sony-linux-gnueabi
tempDir=/home/rpmuser/rpm/tmp
spawn ssh 10.0.6.38
Welcome to Ubuntu 12.04.4 LTS (GNU/Linux 3.8.0-35-generic x86_64)

 * Documentation:  https://help.ubuntu.com/

0 packages can be updated.
0 updates are security updates.

Last login: Thu Feb 20 18:50:41 2014 from kzm-a9.mydomain
]0;rpmuser@Triangle: ~rpmuser@Triangle:~$ telnet 10.0.6.39
Trying 10.0.6.39...
Connected to 10.0.6.39.
Escape character is '^]'.

10.0.6.39 login: root
Sony CE Linux 11.0.0.0 armv7a
-bash-3.2# cd /etc/
-bash-3.2# cat <<EOF >> rc.local 
> # ------------------------------------------------------- 
> # eth0 setup 
> # ------------------------------------------------------- 
> ifconfig eth0 192.168.4.100 netmask 255.255.255.0 up
> 
> # ------------------------------------------------------- 
> # dhcpd setup 
> # ------------------------------------------------------- 
> DHCPDARGS="eth0" 
> 
> dhcpd="/usr/sbin/dhcpd" 
> conf="/etc/dhcpd.conf" 
> 
> if [ -x \$dhcpd ]; then 
>      if [ -f \$conf]; then 
>         \$dhcpd -cf \$conf \$DHCPDARGS 2> /dev/null 
>         RETVAL=\$?
>      fi 
> fi
> # -------------------------------------------------------
> EOF
cat <<EOF >> dhcpd.conf 
# DHCP Server Configuration file.
ddns-update-style none;
-bash-3.2# cat <<EOF >> dhcpd.conf 
> # DHCP Server Configuration file.
> ddns-update-style none;
> subnet 192.168.4.0 netmask 255.255.255.0
> {
>        default-lease-time      1209600;        # two weeks
>        max-lease-time          31557600;       # one year
>        option routers  192.168.4.10;
>        next-server     192.168.4.10;
>        range 192.168.4.150 192.168.4.160;
> }
> EOF
-bash-3.2# dhcp test completed!
dhcp : TEST_OK
