targetName=a9
arch=arm
runHost=10.0.6.38
runHostPrompt=*$* 
target=10.0.6.39
targetRoot=/usr/local/arm-sony-linux-gnueabi/target/armv7a
rpmDir=/home/rpmuser/rpm
testSoucreDir=/home/rpmuser//MAIN/dist/pkg
rpmBuild=/home/rpmuser/MAIN/dist/pkg/sony-rpmbuild
rpmBuildPatch=/home/rpmuser///MAIN/dist/pkg/sony-rpmbuild -p
hddDev=sda
device=sda1
cmplrs=/home/rpmuser/MAIN/cmplrs
triplet=arm-sony-linux-gnueabi
dialect=armv7a
currentHost=10.0.6.38
majorVersion=11
withoutsslibcFlag=yes
targetTop=/usr/local/arm-sony-linux-gnueabi
tempDir=/home/rpmuser/rpm/tmp
spawn ssh 10.0.6.38
Welcome to Ubuntu 12.04.4 LTS (GNU/Linux 3.8.0-35-generic x86_64)

 * Documentation:  https://help.ubuntu.com/

*** System restart required ***
Last login: Tue Mar  4 14:36:41 2014 from kzm-a9.mydomain
]0;rpmuser@Triangle: ~rpmuser@Triangle:~$ cd /home/rpmuser//MAIN/dist/pkg/elfsum/test/
]0;rpmuser@Triangle: ~/MAIN/dist/pkg/elfsum/testrpmuser@Triangle:~/MAIN/dist/pkg/elfsum/test$ ./elfsum-test.sh arm-sony-linux-gnueabi dev | tee /tmp/elfsum.log
+ WOS=
+ '[' '' == yes ']'
+ DEVELFLAG=devel
+ DEVFLAG=-dev
+ '[' arm-sony-linux-gnueabi ']'
+ TRIPLET=arm-sony-linux-gnueabi
+ export PATH=/usr/local/arm-sony-linux-gnueabi/target/armv7a/bin:/usr/local/arm-sony-linux-gnueabi/target/armv7a/tool/usr/bin:/usr/local/arm-sony-linux-gnueabi/devel/bin:/usr/local/arm-sony-linux-gnueabi/cross/bin:/usr/local/arm-sony-linux-gnueabi/cross/devel/bin:/usr/local/sbin:/usr/local/bin:/usr/sbin:/usr/bin:/sbin:/bin:/usr/games:/usr/share/ruby-rvm/bin
+ PATH=/usr/local/arm-sony-linux-gnueabi/target/armv7a/bin:/usr/local/arm-sony-linux-gnueabi/target/armv7a/tool/usr/bin:/usr/local/arm-sony-linux-gnueabi/devel/bin:/usr/local/arm-sony-linux-gnueabi/cross/bin:/usr/local/arm-sony-linux-gnueabi/cross/devel/bin:/usr/local/sbin:/usr/local/bin:/usr/sbin:/usr/bin:/sbin:/bin:/usr/games:/usr/share/ruby-rvm/bin
+ '[' dev = dev ']'
+ PREFIX=arm-sony-linux-gnueabi-armv7a-dev-
+ '[' '' ']'
+ GCC=arm-sony-linux-gnueabi-armv7a-dev-gcc
+ GCC_SHARED='arm-sony-linux-gnueabi-armv7a-dev-gcc -shared'
+ GPP=arm-sony-linux-gnueabi-armv7a-dev-g++
+ MYNAME=elfsum-test
+ echo '========== TEST CASE for executable ELF =========='
+ test1
+ arm-sony-linux-gnueabi-armv7a-dev-gcc hello.c -o hello1.elf
========== TEST CASE for executable ELF ==========
+ arm-sony-linux-gnueabi-armv7a-dev-gcc ./hello.c -o ./hello2.elf -g
+ arm-sony-linux-gnueabi-armv7a-dev-elfsum --add hello1.elf hello2.elf
/usr/local/arm-sony-linux-gnueabi/target/armv7a/bin/mktemp: /usr/local/arm-sony-linux-gnueabi/target/armv7a/bin/mktemp: cannot execute binary file
arm-sony-linux-gnueabi-armv7a-dev-elfsum: can't create temp file
Use of uninitialized value $tmp_section in open at /usr/local/arm-sony-linux-gnueabi/cross/bin/arm-sony-linux-gnueabi-armv7a-dev-elfsum line 406.
Use of uninitialized value $tmp_section in concatenation (.) or string at /usr/local/arm-sony-linux-gnueabi/cross/bin/arm-sony-linux-gnueabi-armv7a-dev-elfsum line 407.
arm-sony-linux-gnueabi-armv7a-dev-elfsum: can't open : No such file or directory
/usr/local/arm-sony-linux-gnueabi/target/armv7a/bin/mktemp: /usr/local/arm-sony-linux-gnueabi/target/armv7a/bin/mktemp: cannot execute binary file
arm-sony-linux-gnueabi-armv7a-dev-elfsum: can't create temp file
Use of uninitialized value $tmp_section in open at /usr/local/arm-sony-linux-gnueabi/cross/bin/arm-sony-linux-gnueabi-armv7a-dev-elfsum line 406.
Use of uninitialized value $tmp_section in concatenation (.) or string at /usr/local/arm-sony-linux-gnueabi/cross/bin/arm-sony-linux-gnueabi-armv7a-dev-elfsum line 407.
arm-sony-linux-gnueabi-armv7a-dev-elfsum: can't open : No such file or directory
+ echo 'elfsum-test: checking whether elfsum is added'
elfsum-test: checking whether elfsum is added
+ arm-sony-linux-gnueabi-armv7a-dev-readelf -S hello1.elf
+ arm-sony-linux-gnueabi-armv7a-dev-readelf -S hello2.elf
+ grep '\.snsc_elfsum' hello1.sec
./elfsum-test.sh: line 60: /usr/local/arm-sony-linux-gnueabi/target/armv7a/bin/grep: cannot execute binary file
+ die 'FAILED: No elfsum section is added'
+ echo 'FAILED: No elfsum section is added'
FAILED: No elfsum section is added
+ rm_temp
+ rm hello1.elf hello2.elf hello1.sec hello2.sec
]0;rpmuser@Triangle: ~/MAIN/dist/pkg/elfsum/testrpmuser@Triangle:~/MAIN/dist/pkg/elfsum/test$ sending 10.0.6.38:/tmp/elfsum.log to 10.0.6.38:/home/rpmuser/rpm/tmp....done
