targetName=a9
arch=arm
runHost=10.0.6.38
runHostPrompt=*$* 
target=10.0.6.39
targetRoot=/usr/local/arm-sony-linux-gnueabi/target/armv7a
rpmDir=/home/rpmuser/rpm
testSoucreDir=/home/rpmuser//MAIN/dist/pkg
rpmBuild=/home/rpmuser/MAIN/dist/pkg/sony-rpmbuild
rpmBuildPatch=/home/rpmuser///MAIN/dist/pkg/sony-rpmbuild -p
hddDev=sda
device=sda1
cmplrs=/home/rpmuser/MAIN/cmplrs
triplet=arm-sony-linux-gnueabi
dialect=armv7a
currentHost=10.0.6.38
majorVersion=11
withoutsslibcFlag=yes
targetTop=/usr/local/arm-sony-linux-gnueabi
tempDir=/home/rpmuser/rpm/tmp
spawn ssh 10.0.6.38
Welcome to Ubuntu 12.04.4 LTS (GNU/Linux 3.8.0-35-generic x86_64)

 * Documentation:  https://help.ubuntu.com/

0 packages can be updated.
0 updates are security updates.

Last login: Fri Feb 21 11:00:25 2014 from kzm-a9.mydomain
]0;rpmuser@Triangle: ~rpmuser@Triangle:~$ telnet 10.0.6.39
Trying 10.0.6.39...
Connected to 10.0.6.39.
Escape character is '^]'.

10.0.6.39 login: root
 mkdir -p /home
Sony CE Linux 11.0.0.0 armv7a
-bash-3.2#  mkdir -p /home
-bash-3.2# cd /home
-bash-3.2# cat <<EOF >fuser-test.c
>   int main()
>  {
>  while(1)
>  {
>  }
>  return 0;
>  }
> EOF
-bash-3.2# /tool/usr/bin/gcc fuser-test.c -o fuser-test
./fuser-test &
-bash-3.2# ./fuser-test &
[1] 1685
-bash-3.2# ps -A | grep fuser-test
 1685 pts/2    00:00:00 fuser-test
-bash-3.2# mkdir  /mnt
cd /mnt
mkdir: can't create directory '/mnt': File exists
-bash-3.2# cd /mnt
-bash-3.2# cp /home/fuser-test .
-bash-3.2# ./fuser-test &
[2] 1690
-bash-3.2#  ps -A | grep fuser-test
 1685 pts/2    00:00:00 fuser-test
 1690 pts/2    00:00:00 fuser-test
-bash-3.2# fuser -m /mnt
ps -A | grep fuser-test
1 2 3 4 5 6 7 8 9 11 12 13 16 17 122 124 126 138 226 231 232 233 290 309 323 324 406 409 411 413 420 423 425 427 435 445 446 447 448 608 615 766 843 845 859 1089 1091 1105 1608 1674 1685 1690 
-bash-3.2# ps -A | grep fuser-test
fuser -sm /mnt
 1685 pts/2    00:00:00 fuser-test
 1690 pts/2    00:00:00 fuser-test
-bash-3.2# fuser -sm /mnt
fuser -k -TERM /home
-bash-3.2# fuser -k -TERM /home
fuser -4 /
1685 
[1]-  Terminated              ./fuser-test  (wd: /home)
(wd now: /mnt)
-bash-3.2# fuser -4 /
fuser -6 / 
1 2 3 4 5 6 7 8 9 11 12 13 16 17 122 124 126 138 226 231 232 233 290 309 323 324 406 409 411 413 420 423 425 427 435 445 446 447 448 608 615 766 843 845 859 1089 1091 1105 1608 1674 1690 
-bash-3.2# fuser -6 / 
fuser test completed!
fuser : TEST_OK
