targetName=a9
arch=arm
runHost=10.0.6.38
runHostPrompt=*$* 
target=10.0.6.39
targetRoot=/usr/local/arm-sony-linux-gnueabi/target/armv7a
rpmDir=/home/rpmuser/rpm
testSoucreDir=/home/rpmuser//MAIN/dist/pkg
rpmBuild=/home/rpmuser/MAIN/dist/pkg/sony-rpmbuild
rpmBuildPatch=/home/rpmuser///MAIN/dist/pkg/sony-rpmbuild -p
hddDev=sda
device=sda1
cmplrs=/home/rpmuser/MAIN/cmplrs
triplet=arm-sony-linux-gnueabi
dialect=armv7a
currentHost=10.0.6.38
majorVersion=11
withoutsslibcFlag=yes
targetTop=/usr/local/arm-sony-linux-gnueabi
tempDir=/home/rpmuser/rpm/tmp
spawn ssh 10.0.6.38
Welcome to Ubuntu 12.04.4 LTS (GNU/Linux 3.8.0-35-generic x86_64)

 * Documentation:  https://help.ubuntu.com/

0 packages can be updated.
0 updates are security updates.

Last login: Fri Feb 21 11:50:59 2014 from kzm-a9.mydomain
]0;rpmuser@Triangle: ~rpmuser@Triangle:~$ cd /usr/local/arm-sony-linux-gnueabi/target/armv7a
]0;rpmuser@Triangle: /usr/local/arm-sony-linux-gnueabi/target/armv7arpmuser@Triangle:/usr/local/arm-sony-linux-gnueabi/target/armv7a$ sudo /usr/local/arm-sony-linux-gnueabi/host/bin/mkcramfs -rb usr image-file-r bh || echo 'COMMAND''ERROR'
/usr/local/arm-sony-linux-gnueabi/host/bin/mkcramfs: error while loading shared libraries: liblzo2.so.2: cannot open shared object file: No such file or directory
COMMANDERROR
