targetName=a9
arch=arm
runHost=10.0.6.38
runHostPrompt=*$* 
target=10.0.6.39
targetRoot=/usr/local/arm-sony-linux-gnueabi/target/armv7a
rpmDir=/home/rpmuser/rpm
testSoucreDir=/home/rpmuser//MAIN/dist/pkg
rpmBuild=/home/rpmuser/MAIN/dist/pkg/sony-rpmbuild
rpmBuildPatch=/home/rpmuser///MAIN/dist/pkg/sony-rpmbuild -p
hddDev=sda
device=sda1
cmplrs=/home/rpmuser/MAIN/cmplrs
triplet=arm-sony-linux-gnueabi
dialect=armv7a
currentHost=10.0.6.38
majorVersion=11
withoutsslibcFlag=yes
targetTop=/usr/local/arm-sony-linux-gnueabi
tempDir=/home/rpmuser/rpm/tmp
spawn ssh 10.0.6.38
Welcome to Ubuntu 12.04.4 LTS (GNU/Linux 3.8.0-35-generic x86_64)

 * Documentation:  https://help.ubuntu.com/

0 packages can be updated.
0 updates are security updates.

Last login: Fri Feb 14 18:01:52 2014 from kzm-a9.mydomain
]0;rpmuser@Triangle: ~rpmuser@Triangle:~$ telnet 10.0.6.39
Trying 10.0.6.39...
Connected to 10.0.6.39.
Escape character is '^]'.

10.0.6.39 login: root
Sony CE Linux 11.0.0.0 armv7a
-bash-3.2# export PATH=/devel/bin:$PATH
-bash-3.2# busybox sfdisk -d /dev/sda > ohdb.org
-bash-3.2# cp ohdb.org ohdb
-bash-3.2# busybox sfdisk /dev/sda < ohdb || echo 'ERROR''EXIT'
Checking that no-one is using this disk right now ...
OK

Disk /dev/sda: 30401 cylinders, 255 heads, 63 sectors/track
Old situation:
Units = cylinders of 8225280 bytes, blocks of 1024 bytes, counting from 0

   Device Boot Start     End   #cyls    #blocks   Id  System
/dev/sda1   *      0+  30400   30401- 244196001    c  Win95 FAT32 (LBA)
/dev/sda2          0       -       0          0    0  Empty
/dev/sda3          0       -       0          0    0  Empty
/dev/sda4          0       -       0          0    0  Empty
busybox sfdisk --force /dev/sda < ohdb || echo 'ERROR''EXIT'New situation:

busybox sUnits = sectors of 512  bytes, counting from 0f
d
isk /   Device Boot    Start       End   #sectors  Id  Systemd
ev/sda < ohdb.or/dev/sda1   *        63 488392064  488392002   c  Win95 FAT32 (LBA)g

/dev/sda2             0         -          0   0  Empty
/dev/sda3             0         -          0   0  Empty
/dev/sda4             0         -          0   0  Empty
Successfully wrote the new partition table

Re-reading the partition table ...
sfdisk : TEST_OK
