targetName=a9
arch=arm
runHost=10.0.6.38
runHostPrompt=*$* 
target=10.0.6.39
targetRoot=/usr/local/arm-sony-linux-gnueabi/target/armv7a
rpmDir=/home/rpmuser/rpm
testSoucreDir=/home/rpmuser//MAIN/dist/pkg
rpmBuild=/home/rpmuser/MAIN/dist/pkg/sony-rpmbuild
rpmBuildPatch=/home/rpmuser///MAIN/dist/pkg/sony-rpmbuild -p
hddDev=sda
device=sda1
cmplrs=/home/rpmuser/MAIN/cmplrs
triplet=arm-sony-linux-gnueabi
dialect=armv7a
currentHost=10.0.6.38
majorVersion=11
withoutsslibcFlag=yes
targetTop=/usr/local/arm-sony-linux-gnueabi
tempDir=/home/rpmuser/rpm/tmp
spawn ssh 10.0.6.38
Welcome to Ubuntu 12.04.4 LTS (GNU/Linux 3.8.0-35-generic x86_64)

 * Documentation:  https://help.ubuntu.com/

0 packages can be updated.
0 updates are security updates.

Last login: Fri Feb 21 10:54:41 2014 from kzm-a9.mydomain
]0;rpmuser@Triangle: ~rpmuser@Triangle:~$ cd /usr/local/arm-sony-linux-gnueabi/target/armv7a/etc/
]0;rpmuser@Triangle: /usr/local/arm-sony-linux-gnueabi/target/armv7a/etcrpmuser@Triangle:/usr/local/arm-sony-linux-gnueabi/target/armv7a/etc$ sudo patch -p1 rc.local < /tmp/telnetd-WOS.patch
-sh: /tmp/telnetd-WOS.patch: No such file or directory
]0;rpmuser@Triangle: /usr/local/arm-sony-linux-gnueabi/target/armv7a/etcrpmuser@Triangle:/usr/local/arm-sony-linux-gnueabi/target/armv7a/etc$ telnet 10.0.6.39
Trying 10.0.6.39...
Connected to 10.0.6.39.
Escape character is '^]'.

10.0.6.39 login: root
Sony CE Linux 11.0.0.0 armv7a
-bash-3.2# sh //etc/rc.local
//etc/rc.local: Can't find swap device on HDD!!
rpc.nfsd: Unable to access /proc/fs/nfsd errno 2 (No such file or directory).
Please try, as root, 'mount -t nfsd nfsd /proc/fs/nfsd' and then restart rpc.nfsd to correct the problem
-bash-3.2# exit
logout
Connection closed by foreign host.
]0;rpmuser@Triangle: /usr/local/arm-sony-linux-gnueabi/target/armv7a/etcrpmuser@Triangle:/usr/local/arm-sony-linux-gnueabi/target/armv7a/etc$ telnet 10.0.6.39
Trying 10.0.6.39...
Connected to 10.0.6.39.
Escape character is '^]'.

10.0.6.39 login: root
Sony CE Linux 11.0.0.0 armv7a
-bash-3.2# telnetd  test completed!
busybox : TEST_OK
