rpmuser@Triangle:~/rpm/BUILD/gc-7.2$ make -i check
make[1]: Entering directory `/home/rpmuser/rpm/BUILD/gc-7.2'
/bin/sh ./libtool --tag=CC   --mode=compile gcc -DHAVE_CONFIG_H   -I./include -I./include -I./libatomic_ops/src -I./libatomic_ops/src  -fexceptions -g -O2 -fno-strict-aliasing -MT allchblk.lo -MD -MP -MF .deps/allchblk.Tpo -c -o allchblk.lo allchblk.c
libtool: compile:  gcc -DHAVE_CONFIG_H -I./include -I./include -I./libatomic_ops/src -I./libatomic_ops/src -fexceptions -g -O2 -fno-strict-aliasing -MT allchblk.lo -MD -MP -MF .deps/allchblk.Tpo -c allchblk.c  -fPIC -DPIC -o .libs/allchblk.o
libtool: compile:  gcc -DHAVE_CONFIG_H -I./include -I./include -I./libatomic_ops/src -I./libatomic_ops/src -fexceptions -g -O2 -fno-strict-aliasing -MT allchblk.lo -MD -MP -MF .deps/allchblk.Tpo -c allchblk.c -o allchblk.o >/dev/null 2>&1
mv -f .deps/allchblk.Tpo .deps/allchblk.Plo
/bin/sh ./libtool --tag=CC   --mode=compile gcc -DHAVE_CONFIG_H   -I./include -I./include -I./libatomic_ops/src -I./libatomic_ops/src  -fexceptions -g -O2 -fno-strict-aliasing -MT alloc.lo -MD -MP -MF .deps/alloc.Tpo -c -o alloc.lo alloc.c
libtool: compile:  gcc -DHAVE_CONFIG_H -I./include -I./include -I./libatomic_ops/src -I./libatomic_ops/src -fexceptions -g -O2 -fno-strict-aliasing -MT alloc.lo -MD -MP -MF .deps/alloc.Tpo -c alloc.c  -fPIC -DPIC -o .libs/alloc.o
libtool: compile:  gcc -DHAVE_CONFIG_H -I./include -I./include -I./libatomic_ops/src -I./libatomic_ops/src -fexceptions -g -O2 -fno-strict-aliasing -MT alloc.lo -MD -MP -MF .deps/alloc.Tpo -c alloc.c -o alloc.o >/dev/null 2>&1
mv -f .deps/alloc.Tpo .deps/alloc.Plo
/bin/sh ./libtool --tag=CC   --mode=compile gcc -DHAVE_CONFIG_H   -I./include -I./include -I./libatomic_ops/src -I./libatomic_ops/src  -fexceptions -g -O2 -fno-strict-aliasing -MT blacklst.lo -MD -MP -MF .deps/blacklst.Tpo -c -o blacklst.lo blacklst.c
libtool: compile:  gcc -DHAVE_CONFIG_H -I./include -I./include -I./libatomic_ops/src -I./libatomic_ops/src -fexceptions -g -O2 -fno-strict-aliasing -MT blacklst.lo -MD -MP -MF .deps/blacklst.Tpo -c blacklst.c  -fPIC -DPIC -o .libs/blacklst.o
libtool: compile:  gcc -DHAVE_CONFIG_H -I./include -I./include -I./libatomic_ops/src -I./libatomic_ops/src -fexceptions -g -O2 -fno-strict-aliasing -MT blacklst.lo -MD -MP -MF .deps/blacklst.Tpo -c blacklst.c -o blacklst.o >/dev/null 2>&1
mv -f .deps/blacklst.Tpo .deps/blacklst.Plo
/bin/sh ./libtool --tag=CC   --mode=compile gcc -DHAVE_CONFIG_H   -I./include -I./include -I./libatomic_ops/src -I./libatomic_ops/src  -fexceptions -g -O2 -fno-strict-aliasing -MT checksums.lo -MD -MP -MF .deps/checksums.Tpo -c -o checksums.lo checksums.c
libtool: compile:  gcc -DHAVE_CONFIG_H -I./include -I./include -I./libatomic_ops/src -I./libatomic_ops/src -fexceptions -g -O2 -fno-strict-aliasing -MT checksums.lo -MD -MP -MF .deps/checksums.Tpo -c checksums.c  -fPIC -DPIC -o .libs/checksums.o
libtool: compile:  gcc -DHAVE_CONFIG_H -I./include -I./include -I./libatomic_ops/src -I./libatomic_ops/src -fexceptions -g -O2 -fno-strict-aliasing -MT checksums.lo -MD -MP -MF .deps/checksums.Tpo -c checksums.c -o checksums.o >/dev/null 2>&1
mv -f .deps/checksums.Tpo .deps/checksums.Plo
/bin/sh ./libtool --tag=CC   --mode=compile gcc -DHAVE_CONFIG_H   -I./include -I./include -I./libatomic_ops/src -I./libatomic_ops/src  -fexceptions -g -O2 -fno-strict-aliasing -MT dbg_mlc.lo -MD -MP -MF .deps/dbg_mlc.Tpo -c -o dbg_mlc.lo dbg_mlc.c
libtool: compile:  gcc -DHAVE_CONFIG_H -I./include -I./include -I./libatomic_ops/src -I./libatomic_ops/src -fexceptions -g -O2 -fno-strict-aliasing -MT dbg_mlc.lo -MD -MP -MF .deps/dbg_mlc.Tpo -c dbg_mlc.c  -fPIC -DPIC -o .libs/dbg_mlc.o
libtool: compile:  gcc -DHAVE_CONFIG_H -I./include -I./include -I./libatomic_ops/src -I./libatomic_ops/src -fexceptions -g -O2 -fno-strict-aliasing -MT dbg_mlc.lo -MD -MP -MF .deps/dbg_mlc.Tpo -c dbg_mlc.c -o dbg_mlc.o >/dev/null 2>&1
mv -f .deps/dbg_mlc.Tpo .deps/dbg_mlc.Plo
/bin/sh ./libtool --tag=CC   --mode=compile gcc -DHAVE_CONFIG_H   -I./include -I./include -I./libatomic_ops/src -I./libatomic_ops/src  -fexceptions -g -O2 -fno-strict-aliasing -MT dyn_load.lo -MD -MP -MF .deps/dyn_load.Tpo -c -o dyn_load.lo dyn_load.c
libtool: compile:  gcc -DHAVE_CONFIG_H -I./include -I./include -I./libatomic_ops/src -I./libatomic_ops/src -fexceptions -g -O2 -fno-strict-aliasing -MT dyn_load.lo -MD -MP -MF .deps/dyn_load.Tpo -c dyn_load.c  -fPIC -DPIC -o .libs/dyn_load.o
libtool: compile:  gcc -DHAVE_CONFIG_H -I./include -I./include -I./libatomic_ops/src -I./libatomic_ops/src -fexceptions -g -O2 -fno-strict-aliasing -MT dyn_load.lo -MD -MP -MF .deps/dyn_load.Tpo -c dyn_load.c -o dyn_load.o >/dev/null 2>&1
mv -f .deps/dyn_load.Tpo .deps/dyn_load.Plo
/bin/sh ./libtool --tag=CC   --mode=compile gcc -DHAVE_CONFIG_H   -I./include -I./include -I./libatomic_ops/src -I./libatomic_ops/src  -fexceptions -g -O2 -fno-strict-aliasing -MT finalize.lo -MD -MP -MF .deps/finalize.Tpo -c -o finalize.lo finalize.c
libtool: compile:  gcc -DHAVE_CONFIG_H -I./include -I./include -I./libatomic_ops/src -I./libatomic_ops/src -fexceptions -g -O2 -fno-strict-aliasing -MT finalize.lo -MD -MP -MF .deps/finalize.Tpo -c finalize.c  -fPIC -DPIC -o .libs/finalize.o
libtool: compile:  gcc -DHAVE_CONFIG_H -I./include -I./include -I./libatomic_ops/src -I./libatomic_ops/src -fexceptions -g -O2 -fno-strict-aliasing -MT finalize.lo -MD -MP -MF .deps/finalize.Tpo -c finalize.c -o finalize.o >/dev/null 2>&1
mv -f .deps/finalize.Tpo .deps/finalize.Plo
/bin/sh ./libtool --tag=CC   --mode=compile gcc -DHAVE_CONFIG_H   -I./include -I./include -I./libatomic_ops/src -I./libatomic_ops/src  -fexceptions -g -O2 -fno-strict-aliasing -MT gc_dlopen.lo -MD -MP -MF .deps/gc_dlopen.Tpo -c -o gc_dlopen.lo gc_dlopen.c
libtool: compile:  gcc -DHAVE_CONFIG_H -I./include -I./include -I./libatomic_ops/src -I./libatomic_ops/src -fexceptions -g -O2 -fno-strict-aliasing -MT gc_dlopen.lo -MD -MP -MF .deps/gc_dlopen.Tpo -c gc_dlopen.c  -fPIC -DPIC -o .libs/gc_dlopen.o
libtool: compile:  gcc -DHAVE_CONFIG_H -I./include -I./include -I./libatomic_ops/src -I./libatomic_ops/src -fexceptions -g -O2 -fno-strict-aliasing -MT gc_dlopen.lo -MD -MP -MF .deps/gc_dlopen.Tpo -c gc_dlopen.c -o gc_dlopen.o >/dev/null 2>&1
mv -f .deps/gc_dlopen.Tpo .deps/gc_dlopen.Plo
/bin/sh ./libtool --tag=CC   --mode=compile gcc -DHAVE_CONFIG_H   -I./include -I./include -I./libatomic_ops/src -I./libatomic_ops/src  -fexceptions -g -O2 -fno-strict-aliasing -MT gcj_mlc.lo -MD -MP -MF .deps/gcj_mlc.Tpo -c -o gcj_mlc.lo gcj_mlc.c
libtool: compile:  gcc -DHAVE_CONFIG_H -I./include -I./include -I./libatomic_ops/src -I./libatomic_ops/src -fexceptions -g -O2 -fno-strict-aliasing -MT gcj_mlc.lo -MD -MP -MF .deps/gcj_mlc.Tpo -c gcj_mlc.c  -fPIC -DPIC -o .libs/gcj_mlc.o
libtool: compile:  gcc -DHAVE_CONFIG_H -I./include -I./include -I./libatomic_ops/src -I./libatomic_ops/src -fexceptions -g -O2 -fno-strict-aliasing -MT gcj_mlc.lo -MD -MP -MF .deps/gcj_mlc.Tpo -c gcj_mlc.c -o gcj_mlc.o >/dev/null 2>&1
mv -f .deps/gcj_mlc.Tpo .deps/gcj_mlc.Plo
/bin/sh ./libtool --tag=CC   --mode=compile gcc -DHAVE_CONFIG_H   -I./include -I./include -I./libatomic_ops/src -I./libatomic_ops/src  -fexceptions -g -O2 -fno-strict-aliasing -MT headers.lo -MD -MP -MF .deps/headers.Tpo -c -o headers.lo headers.c
libtool: compile:  gcc -DHAVE_CONFIG_H -I./include -I./include -I./libatomic_ops/src -I./libatomic_ops/src -fexceptions -g -O2 -fno-strict-aliasing -MT headers.lo -MD -MP -MF .deps/headers.Tpo -c headers.c  -fPIC -DPIC -o .libs/headers.o
libtool: compile:  gcc -DHAVE_CONFIG_H -I./include -I./include -I./libatomic_ops/src -I./libatomic_ops/src -fexceptions -g -O2 -fno-strict-aliasing -MT headers.lo -MD -MP -MF .deps/headers.Tpo -c headers.c -o headers.o >/dev/null 2>&1
mv -f .deps/headers.Tpo .deps/headers.Plo
/bin/sh ./libtool --tag=CC   --mode=compile gcc -DHAVE_CONFIG_H   -I./include -I./include -I./libatomic_ops/src -I./libatomic_ops/src  -fexceptions -g -O2 -fno-strict-aliasing -MT malloc.lo -MD -MP -MF .deps/malloc.Tpo -c -o malloc.lo malloc.c
libtool: compile:  gcc -DHAVE_CONFIG_H -I./include -I./include -I./libatomic_ops/src -I./libatomic_ops/src -fexceptions -g -O2 -fno-strict-aliasing -MT malloc.lo -MD -MP -MF .deps/malloc.Tpo -c malloc.c  -fPIC -DPIC -o .libs/malloc.o
libtool: compile:  gcc -DHAVE_CONFIG_H -I./include -I./include -I./libatomic_ops/src -I./libatomic_ops/src -fexceptions -g -O2 -fno-strict-aliasing -MT malloc.lo -MD -MP -MF .deps/malloc.Tpo -c malloc.c -o malloc.o >/dev/null 2>&1
mv -f .deps/malloc.Tpo .deps/malloc.Plo
/bin/sh ./libtool --tag=CC   --mode=compile gcc -DHAVE_CONFIG_H   -I./include -I./include -I./libatomic_ops/src -I./libatomic_ops/src  -fexceptions -g -O2 -fno-strict-aliasing -MT mallocx.lo -MD -MP -MF .deps/mallocx.Tpo -c -o mallocx.lo mallocx.c
libtool: compile:  gcc -DHAVE_CONFIG_H -I./include -I./include -I./libatomic_ops/src -I./libatomic_ops/src -fexceptions -g -O2 -fno-strict-aliasing -MT mallocx.lo -MD -MP -MF .deps/mallocx.Tpo -c mallocx.c  -fPIC -DPIC -o .libs/mallocx.o
libtool: compile:  gcc -DHAVE_CONFIG_H -I./include -I./include -I./libatomic_ops/src -I./libatomic_ops/src -fexceptions -g -O2 -fno-strict-aliasing -MT mallocx.lo -MD -MP -MF .deps/mallocx.Tpo -c mallocx.c -o mallocx.o >/dev/null 2>&1
mv -f .deps/mallocx.Tpo .deps/mallocx.Plo
/bin/sh ./libtool --tag=CC   --mode=compile gcc -DHAVE_CONFIG_H   -I./include -I./include -I./libatomic_ops/src -I./libatomic_ops/src  -fexceptions -g -O2 -fno-strict-aliasing -MT mark.lo -MD -MP -MF .deps/mark.Tpo -c -o mark.lo mark.c
libtool: compile:  gcc -DHAVE_CONFIG_H -I./include -I./include -I./libatomic_ops/src -I./libatomic_ops/src -fexceptions -g -O2 -fno-strict-aliasing -MT mark.lo -MD -MP -MF .deps/mark.Tpo -c mark.c  -fPIC -DPIC -o .libs/mark.o
libtool: compile:  gcc -DHAVE_CONFIG_H -I./include -I./include -I./libatomic_ops/src -I./libatomic_ops/src -fexceptions -g -O2 -fno-strict-aliasing -MT mark.lo -MD -MP -MF .deps/mark.Tpo -c mark.c -o mark.o >/dev/null 2>&1
mv -f .deps/mark.Tpo .deps/mark.Plo
/bin/sh ./libtool --tag=CC   --mode=compile gcc -DHAVE_CONFIG_H   -I./include -I./include -I./libatomic_ops/src -I./libatomic_ops/src  -fexceptions -g -O2 -fno-strict-aliasing -MT mark_rts.lo -MD -MP -MF .deps/mark_rts.Tpo -c -o mark_rts.lo mark_rts.c
libtool: compile:  gcc -DHAVE_CONFIG_H -I./include -I./include -I./libatomic_ops/src -I./libatomic_ops/src -fexceptions -g -O2 -fno-strict-aliasing -MT mark_rts.lo -MD -MP -MF .deps/mark_rts.Tpo -c mark_rts.c  -fPIC -DPIC -o .libs/mark_rts.o
libtool: compile:  gcc -DHAVE_CONFIG_H -I./include -I./include -I./libatomic_ops/src -I./libatomic_ops/src -fexceptions -g -O2 -fno-strict-aliasing -MT mark_rts.lo -MD -MP -MF .deps/mark_rts.Tpo -c mark_rts.c -o mark_rts.o >/dev/null 2>&1
mv -f .deps/mark_rts.Tpo .deps/mark_rts.Plo
/bin/sh ./libtool --tag=CC   --mode=compile gcc -DHAVE_CONFIG_H   -I./include -I./include -I./libatomic_ops/src -I./libatomic_ops/src  -fexceptions -g -O2 -fno-strict-aliasing -MT misc.lo -MD -MP -MF .deps/misc.Tpo -c -o misc.lo misc.c
libtool: compile:  gcc -DHAVE_CONFIG_H -I./include -I./include -I./libatomic_ops/src -I./libatomic_ops/src -fexceptions -g -O2 -fno-strict-aliasing -MT misc.lo -MD -MP -MF .deps/misc.Tpo -c misc.c  -fPIC -DPIC -o .libs/misc.o
libtool: compile:  gcc -DHAVE_CONFIG_H -I./include -I./include -I./libatomic_ops/src -I./libatomic_ops/src -fexceptions -g -O2 -fno-strict-aliasing -MT misc.lo -MD -MP -MF .deps/misc.Tpo -c misc.c -o misc.o >/dev/null 2>&1
mv -f .deps/misc.Tpo .deps/misc.Plo
/bin/sh ./libtool --tag=CC   --mode=compile gcc -DHAVE_CONFIG_H   -I./include -I./include -I./libatomic_ops/src -I./libatomic_ops/src  -fexceptions -g -O2 -fno-strict-aliasing -MT new_hblk.lo -MD -MP -MF .deps/new_hblk.Tpo -c -o new_hblk.lo new_hblk.c
libtool: compile:  gcc -DHAVE_CONFIG_H -I./include -I./include -I./libatomic_ops/src -I./libatomic_ops/src -fexceptions -g -O2 -fno-strict-aliasing -MT new_hblk.lo -MD -MP -MF .deps/new_hblk.Tpo -c new_hblk.c  -fPIC -DPIC -o .libs/new_hblk.o
libtool: compile:  gcc -DHAVE_CONFIG_H -I./include -I./include -I./libatomic_ops/src -I./libatomic_ops/src -fexceptions -g -O2 -fno-strict-aliasing -MT new_hblk.lo -MD -MP -MF .deps/new_hblk.Tpo -c new_hblk.c -o new_hblk.o >/dev/null 2>&1
mv -f .deps/new_hblk.Tpo .deps/new_hblk.Plo
/bin/sh ./libtool --tag=CC   --mode=compile gcc -DHAVE_CONFIG_H   -I./include -I./include -I./libatomic_ops/src -I./libatomic_ops/src  -fexceptions -g -O2 -fno-strict-aliasing -MT obj_map.lo -MD -MP -MF .deps/obj_map.Tpo -c -o obj_map.lo obj_map.c
libtool: compile:  gcc -DHAVE_CONFIG_H -I./include -I./include -I./libatomic_ops/src -I./libatomic_ops/src -fexceptions -g -O2 -fno-strict-aliasing -MT obj_map.lo -MD -MP -MF .deps/obj_map.Tpo -c obj_map.c  -fPIC -DPIC -o .libs/obj_map.o
libtool: compile:  gcc -DHAVE_CONFIG_H -I./include -I./include -I./libatomic_ops/src -I./libatomic_ops/src -fexceptions -g -O2 -fno-strict-aliasing -MT obj_map.lo -MD -MP -MF .deps/obj_map.Tpo -c obj_map.c -o obj_map.o >/dev/null 2>&1
mv -f .deps/obj_map.Tpo .deps/obj_map.Plo
/bin/sh ./libtool --tag=CC   --mode=compile gcc -DHAVE_CONFIG_H   -I./include -I./include -I./libatomic_ops/src -I./libatomic_ops/src  -fexceptions -g -O2 -fno-strict-aliasing -MT os_dep.lo -MD -MP -MF .deps/os_dep.Tpo -c -o os_dep.lo os_dep.c
libtool: compile:  gcc -DHAVE_CONFIG_H -I./include -I./include -I./libatomic_ops/src -I./libatomic_ops/src -fexceptions -g -O2 -fno-strict-aliasing -MT os_dep.lo -MD -MP -MF .deps/os_dep.Tpo -c os_dep.c  -fPIC -DPIC -o .libs/os_dep.o
libtool: compile:  gcc -DHAVE_CONFIG_H -I./include -I./include -I./libatomic_ops/src -I./libatomic_ops/src -fexceptions -g -O2 -fno-strict-aliasing -MT os_dep.lo -MD -MP -MF .deps/os_dep.Tpo -c os_dep.c -o os_dep.o >/dev/null 2>&1
mv -f .deps/os_dep.Tpo .deps/os_dep.Plo
/bin/sh ./libtool --tag=CC   --mode=compile gcc -DHAVE_CONFIG_H   -I./include -I./include -I./libatomic_ops/src -I./libatomic_ops/src  -fexceptions -g -O2 -fno-strict-aliasing -MT pcr_interface.lo -MD -MP -MF .deps/pcr_interface.Tpo -c -o pcr_interface.lo pcr_interface.c
libtool: compile:  gcc -DHAVE_CONFIG_H -I./include -I./include -I./libatomic_ops/src -I./libatomic_ops/src -fexceptions -g -O2 -fno-strict-aliasing -MT pcr_interface.lo -MD -MP -MF .deps/pcr_interface.Tpo -c pcr_interface.c  -fPIC -DPIC -o .libs/pcr_interface.o
libtool: compile:  gcc -DHAVE_CONFIG_H -I./include -I./include -I./libatomic_ops/src -I./libatomic_ops/src -fexceptions -g -O2 -fno-strict-aliasing -MT pcr_interface.lo -MD -MP -MF .deps/pcr_interface.Tpo -c pcr_interface.c -o pcr_interface.o >/dev/null 2>&1
mv -f .deps/pcr_interface.Tpo .deps/pcr_interface.Plo
/bin/sh ./libtool --tag=CC   --mode=compile gcc -DHAVE_CONFIG_H   -I./include -I./include -I./libatomic_ops/src -I./libatomic_ops/src  -fexceptions -g -O2 -fno-strict-aliasing -MT ptr_chck.lo -MD -MP -MF .deps/ptr_chck.Tpo -c -o ptr_chck.lo ptr_chck.c
libtool: compile:  gcc -DHAVE_CONFIG_H -I./include -I./include -I./libatomic_ops/src -I./libatomic_ops/src -fexceptions -g -O2 -fno-strict-aliasing -MT ptr_chck.lo -MD -MP -MF .deps/ptr_chck.Tpo -c ptr_chck.c  -fPIC -DPIC -o .libs/ptr_chck.o
libtool: compile:  gcc -DHAVE_CONFIG_H -I./include -I./include -I./libatomic_ops/src -I./libatomic_ops/src -fexceptions -g -O2 -fno-strict-aliasing -MT ptr_chck.lo -MD -MP -MF .deps/ptr_chck.Tpo -c ptr_chck.c -o ptr_chck.o >/dev/null 2>&1
mv -f .deps/ptr_chck.Tpo .deps/ptr_chck.Plo
/bin/sh ./libtool --tag=CC   --mode=compile gcc -DHAVE_CONFIG_H   -I./include -I./include -I./libatomic_ops/src -I./libatomic_ops/src  -fexceptions -g -O2 -fno-strict-aliasing -MT real_malloc.lo -MD -MP -MF .deps/real_malloc.Tpo -c -o real_malloc.lo real_malloc.c
libtool: compile:  gcc -DHAVE_CONFIG_H -I./include -I./include -I./libatomic_ops/src -I./libatomic_ops/src -fexceptions -g -O2 -fno-strict-aliasing -MT real_malloc.lo -MD -MP -MF .deps/real_malloc.Tpo -c real_malloc.c  -fPIC -DPIC -o .libs/real_malloc.o
libtool: compile:  gcc -DHAVE_CONFIG_H -I./include -I./include -I./libatomic_ops/src -I./libatomic_ops/src -fexceptions -g -O2 -fno-strict-aliasing -MT real_malloc.lo -MD -MP -MF .deps/real_malloc.Tpo -c real_malloc.c -o real_malloc.o >/dev/null 2>&1
mv -f .deps/real_malloc.Tpo .deps/real_malloc.Plo
/bin/sh ./libtool --tag=CC   --mode=compile gcc -DHAVE_CONFIG_H   -I./include -I./include -I./libatomic_ops/src -I./libatomic_ops/src  -fexceptions -g -O2 -fno-strict-aliasing -MT reclaim.lo -MD -MP -MF .deps/reclaim.Tpo -c -o reclaim.lo reclaim.c
libtool: compile:  gcc -DHAVE_CONFIG_H -I./include -I./include -I./libatomic_ops/src -I./libatomic_ops/src -fexceptions -g -O2 -fno-strict-aliasing -MT reclaim.lo -MD -MP -MF .deps/reclaim.Tpo -c reclaim.c  -fPIC -DPIC -o .libs/reclaim.o
libtool: compile:  gcc -DHAVE_CONFIG_H -I./include -I./include -I./libatomic_ops/src -I./libatomic_ops/src -fexceptions -g -O2 -fno-strict-aliasing -MT reclaim.lo -MD -MP -MF .deps/reclaim.Tpo -c reclaim.c -o reclaim.o >/dev/null 2>&1
mv -f .deps/reclaim.Tpo .deps/reclaim.Plo
/bin/sh ./libtool --tag=CC   --mode=compile gcc -DHAVE_CONFIG_H   -I./include -I./include -I./libatomic_ops/src -I./libatomic_ops/src  -fexceptions -g -O2 -fno-strict-aliasing -MT specific.lo -MD -MP -MF .deps/specific.Tpo -c -o specific.lo specific.c
libtool: compile:  gcc -DHAVE_CONFIG_H -I./include -I./include -I./libatomic_ops/src -I./libatomic_ops/src -fexceptions -g -O2 -fno-strict-aliasing -MT specific.lo -MD -MP -MF .deps/specific.Tpo -c specific.c  -fPIC -DPIC -o .libs/specific.o
libtool: compile:  gcc -DHAVE_CONFIG_H -I./include -I./include -I./libatomic_ops/src -I./libatomic_ops/src -fexceptions -g -O2 -fno-strict-aliasing -MT specific.lo -MD -MP -MF .deps/specific.Tpo -c specific.c -o specific.o >/dev/null 2>&1
mv -f .deps/specific.Tpo .deps/specific.Plo
/bin/sh ./libtool --tag=CC   --mode=compile gcc -DHAVE_CONFIG_H   -I./include -I./include -I./libatomic_ops/src -I./libatomic_ops/src  -fexceptions -g -O2 -fno-strict-aliasing -MT stubborn.lo -MD -MP -MF .deps/stubborn.Tpo -c -o stubborn.lo stubborn.c
libtool: compile:  gcc -DHAVE_CONFIG_H -I./include -I./include -I./libatomic_ops/src -I./libatomic_ops/src -fexceptions -g -O2 -fno-strict-aliasing -MT stubborn.lo -MD -MP -MF .deps/stubborn.Tpo -c stubborn.c  -fPIC -DPIC -o .libs/stubborn.o
libtool: compile:  gcc -DHAVE_CONFIG_H -I./include -I./include -I./libatomic_ops/src -I./libatomic_ops/src -fexceptions -g -O2 -fno-strict-aliasing -MT stubborn.lo -MD -MP -MF .deps/stubborn.Tpo -c stubborn.c -o stubborn.o >/dev/null 2>&1
mv -f .deps/stubborn.Tpo .deps/stubborn.Plo
/bin/sh ./libtool --tag=CC   --mode=compile gcc -DHAVE_CONFIG_H   -I./include -I./include -I./libatomic_ops/src -I./libatomic_ops/src  -fexceptions -g -O2 -fno-strict-aliasing -MT typd_mlc.lo -MD -MP -MF .deps/typd_mlc.Tpo -c -o typd_mlc.lo typd_mlc.c
libtool: compile:  gcc -DHAVE_CONFIG_H -I./include -I./include -I./libatomic_ops/src -I./libatomic_ops/src -fexceptions -g -O2 -fno-strict-aliasing -MT typd_mlc.lo -MD -MP -MF .deps/typd_mlc.Tpo -c typd_mlc.c  -fPIC -DPIC -o .libs/typd_mlc.o
libtool: compile:  gcc -DHAVE_CONFIG_H -I./include -I./include -I./libatomic_ops/src -I./libatomic_ops/src -fexceptions -g -O2 -fno-strict-aliasing -MT typd_mlc.lo -MD -MP -MF .deps/typd_mlc.Tpo -c typd_mlc.c -o typd_mlc.o >/dev/null 2>&1
mv -f .deps/typd_mlc.Tpo .deps/typd_mlc.Plo
/bin/sh ./libtool --tag=CC   --mode=compile gcc -DHAVE_CONFIG_H   -I./include -I./include -I./libatomic_ops/src -I./libatomic_ops/src  -fexceptions -g -O2 -fno-strict-aliasing -MT backgraph.lo -MD -MP -MF .deps/backgraph.Tpo -c -o backgraph.lo backgraph.c
libtool: compile:  gcc -DHAVE_CONFIG_H -I./include -I./include -I./libatomic_ops/src -I./libatomic_ops/src -fexceptions -g -O2 -fno-strict-aliasing -MT backgraph.lo -MD -MP -MF .deps/backgraph.Tpo -c backgraph.c  -fPIC -DPIC -o .libs/backgraph.o
libtool: compile:  gcc -DHAVE_CONFIG_H -I./include -I./include -I./libatomic_ops/src -I./libatomic_ops/src -fexceptions -g -O2 -fno-strict-aliasing -MT backgraph.lo -MD -MP -MF .deps/backgraph.Tpo -c backgraph.c -o backgraph.o >/dev/null 2>&1
mv -f .deps/backgraph.Tpo .deps/backgraph.Plo
/bin/sh ./libtool --tag=CC   --mode=compile gcc -DHAVE_CONFIG_H   -I./include -I./include -I./libatomic_ops/src -I./libatomic_ops/src  -fexceptions -g -O2 -fno-strict-aliasing -MT thread_local_alloc.lo -MD -MP -MF .deps/thread_local_alloc.Tpo -c -o thread_local_alloc.lo thread_local_alloc.c
libtool: compile:  gcc -DHAVE_CONFIG_H -I./include -I./include -I./libatomic_ops/src -I./libatomic_ops/src -fexceptions -g -O2 -fno-strict-aliasing -MT thread_local_alloc.lo -MD -MP -MF .deps/thread_local_alloc.Tpo -c thread_local_alloc.c  -fPIC -DPIC -o .libs/thread_local_alloc.o
libtool: compile:  gcc -DHAVE_CONFIG_H -I./include -I./include -I./libatomic_ops/src -I./libatomic_ops/src -fexceptions -g -O2 -fno-strict-aliasing -MT thread_local_alloc.lo -MD -MP -MF .deps/thread_local_alloc.Tpo -c thread_local_alloc.c -o thread_local_alloc.o >/dev/null 2>&1
mv -f .deps/thread_local_alloc.Tpo .deps/thread_local_alloc.Plo
/bin/sh ./libtool --tag=CC   --mode=compile gcc -DHAVE_CONFIG_H   -I./include -I./include -I./libatomic_ops/src -I./libatomic_ops/src  -fexceptions -g -O2 -fno-strict-aliasing -MT pthread_start.lo -MD -MP -MF .deps/pthread_start.Tpo -c -o pthread_start.lo pthread_start.c
libtool: compile:  gcc -DHAVE_CONFIG_H -I./include -I./include -I./libatomic_ops/src -I./libatomic_ops/src -fexceptions -g -O2 -fno-strict-aliasing -MT pthread_start.lo -MD -MP -MF .deps/pthread_start.Tpo -c pthread_start.c  -fPIC -DPIC -o .libs/pthread_start.o
libtool: compile:  gcc -DHAVE_CONFIG_H -I./include -I./include -I./libatomic_ops/src -I./libatomic_ops/src -fexceptions -g -O2 -fno-strict-aliasing -MT pthread_start.lo -MD -MP -MF .deps/pthread_start.Tpo -c pthread_start.c -o pthread_start.o >/dev/null 2>&1
mv -f .deps/pthread_start.Tpo .deps/pthread_start.Plo
/bin/sh ./libtool --tag=CC   --mode=compile gcc -DHAVE_CONFIG_H   -I./include -I./include -I./libatomic_ops/src -I./libatomic_ops/src  -fexceptions -g -O2 -fno-strict-aliasing -MT pthread_support.lo -MD -MP -MF .deps/pthread_support.Tpo -c -o pthread_support.lo pthread_support.c
libtool: compile:  gcc -DHAVE_CONFIG_H -I./include -I./include -I./libatomic_ops/src -I./libatomic_ops/src -fexceptions -g -O2 -fno-strict-aliasing -MT pthread_support.lo -MD -MP -MF .deps/pthread_support.Tpo -c pthread_support.c  -fPIC -DPIC -o .libs/pthread_support.o
libtool: compile:  gcc -DHAVE_CONFIG_H -I./include -I./include -I./libatomic_ops/src -I./libatomic_ops/src -fexceptions -g -O2 -fno-strict-aliasing -MT pthread_support.lo -MD -MP -MF .deps/pthread_support.Tpo -c pthread_support.c -o pthread_support.o >/dev/null 2>&1
mv -f .deps/pthread_support.Tpo .deps/pthread_support.Plo
/bin/sh ./libtool --tag=CC   --mode=compile gcc -DHAVE_CONFIG_H   -I./include -I./include -I./libatomic_ops/src -I./libatomic_ops/src  -fexceptions -g -O2 -fno-strict-aliasing -MT pthread_stop_world.lo -MD -MP -MF .deps/pthread_stop_world.Tpo -c -o pthread_stop_world.lo pthread_stop_world.c
libtool: compile:  gcc -DHAVE_CONFIG_H -I./include -I./include -I./libatomic_ops/src -I./libatomic_ops/src -fexceptions -g -O2 -fno-strict-aliasing -MT pthread_stop_world.lo -MD -MP -MF .deps/pthread_stop_world.Tpo -c pthread_stop_world.c  -fPIC -DPIC -o .libs/pthread_stop_world.o
libtool: compile:  gcc -DHAVE_CONFIG_H -I./include -I./include -I./libatomic_ops/src -I./libatomic_ops/src -fexceptions -g -O2 -fno-strict-aliasing -MT pthread_stop_world.lo -MD -MP -MF .deps/pthread_stop_world.Tpo -c pthread_stop_world.c -o pthread_stop_world.o >/dev/null 2>&1
mv -f .deps/pthread_stop_world.Tpo .deps/pthread_stop_world.Plo
/bin/sh ./libtool  --tag=CC   --mode=compile gcc -DHAVE_CONFIG_H   -I./include -I./include -I./libatomic_ops/src -I./libatomic_ops/src  -fexceptions -g -O2 -fno-strict-aliasing -MT atomic_ops.lo -MD -MP -MF .deps/atomic_ops.Tpo -c -o atomic_ops.lo `test -f 'libatomic_ops/src/atomic_ops.c' || echo './'`libatomic_ops/src/atomic_ops.c
libtool: compile:  gcc -DHAVE_CONFIG_H -I./include -I./include -I./libatomic_ops/src -I./libatomic_ops/src -fexceptions -g -O2 -fno-strict-aliasing -MT atomic_ops.lo -MD -MP -MF .deps/atomic_ops.Tpo -c libatomic_ops/src/atomic_ops.c  -fPIC -DPIC -o .libs/atomic_ops.o
libtool: compile:  gcc -DHAVE_CONFIG_H -I./include -I./include -I./libatomic_ops/src -I./libatomic_ops/src -fexceptions -g -O2 -fno-strict-aliasing -MT atomic_ops.lo -MD -MP -MF .deps/atomic_ops.Tpo -c libatomic_ops/src/atomic_ops.c -o atomic_ops.o >/dev/null 2>&1
mv -f .deps/atomic_ops.Tpo .deps/atomic_ops.Plo
/bin/sh ./libtool --tag=CC   --mode=compile gcc -DHAVE_CONFIG_H   -I./include -I./include -I./libatomic_ops/src -I./libatomic_ops/src  -fexceptions -g -O2 -fno-strict-aliasing -MT mach_dep.lo -MD -MP -MF .deps/mach_dep.Tpo -c -o mach_dep.lo mach_dep.c
libtool: compile:  gcc -DHAVE_CONFIG_H -I./include -I./include -I./libatomic_ops/src -I./libatomic_ops/src -fexceptions -g -O2 -fno-strict-aliasing -MT mach_dep.lo -MD -MP -MF .deps/mach_dep.Tpo -c mach_dep.c  -fPIC -DPIC -o .libs/mach_dep.o
libtool: compile:  gcc -DHAVE_CONFIG_H -I./include -I./include -I./libatomic_ops/src -I./libatomic_ops/src -fexceptions -g -O2 -fno-strict-aliasing -MT mach_dep.lo -MD -MP -MF .deps/mach_dep.Tpo -c mach_dep.c -o mach_dep.o >/dev/null 2>&1
mv -f .deps/mach_dep.Tpo .deps/mach_dep.Plo
/bin/sh ./libtool --tag=CC   --mode=link gcc -fexceptions -g -O2 -fno-strict-aliasing  -version-info 1:3:0 -no-undefined  -o libgc.la -rpath /usr/local/lib allchblk.lo alloc.lo blacklst.lo checksums.lo dbg_mlc.lo dyn_load.lo finalize.lo gc_dlopen.lo gcj_mlc.lo headers.lo malloc.lo mallocx.lo mark.lo mark_rts.lo misc.lo new_hblk.lo obj_map.lo os_dep.lo pcr_interface.lo ptr_chck.lo real_malloc.lo reclaim.lo specific.lo stubborn.lo typd_mlc.lo backgraph.lo thread_local_alloc.lo pthread_start.lo pthread_support.lo pthread_stop_world.lo   atomic_ops.lo mach_dep.lo -lpthread -ldl   
libtool: link: gcc -shared  -fPIC -DPIC  .libs/allchblk.o .libs/alloc.o .libs/blacklst.o .libs/checksums.o .libs/dbg_mlc.o .libs/dyn_load.o .libs/finalize.o .libs/gc_dlopen.o .libs/gcj_mlc.o .libs/headers.o .libs/malloc.o .libs/mallocx.o .libs/mark.o .libs/mark_rts.o .libs/misc.o .libs/new_hblk.o .libs/obj_map.o .libs/os_dep.o .libs/pcr_interface.o .libs/ptr_chck.o .libs/real_malloc.o .libs/reclaim.o .libs/specific.o .libs/stubborn.o .libs/typd_mlc.o .libs/backgraph.o .libs/thread_local_alloc.o .libs/pthread_start.o .libs/pthread_support.o .libs/pthread_stop_world.o .libs/atomic_ops.o .libs/mach_dep.o   -lpthread -ldl  -O2   -Wl,-soname -Wl,libgc.so.1 -o .libs/libgc.so.1.0.3
libtool: link: (cd ".libs" && rm -f "libgc.so.1" && ln -s "libgc.so.1.0.3" "libgc.so.1")
libtool: link: (cd ".libs" && rm -f "libgc.so" && ln -s "libgc.so.1.0.3" "libgc.so")
libtool: link: ar cru .libs/libgc.a  allchblk.o alloc.o blacklst.o checksums.o dbg_mlc.o dyn_load.o finalize.o gc_dlopen.o gcj_mlc.o headers.o malloc.o mallocx.o mark.o mark_rts.o misc.o new_hblk.o obj_map.o os_dep.o pcr_interface.o ptr_chck.o real_malloc.o reclaim.o specific.o stubborn.o typd_mlc.o backgraph.o thread_local_alloc.o pthread_start.o pthread_support.o pthread_stop_world.o atomic_ops.o mach_dep.o
libtool: link: ranlib .libs/libgc.a
libtool: link: ( cd ".libs" && rm -f "libgc.la" && ln -s "../libgc.la" "libgc.la" )
/bin/sh ./libtool  --tag=CC   --mode=compile gcc -DHAVE_CONFIG_H   -I./include -I./include -I./libatomic_ops/src -I./libatomic_ops/src  -fexceptions -g -O2 -fno-strict-aliasing -MT cordbscs.lo -MD -MP -MF .deps/cordbscs.Tpo -c -o cordbscs.lo `test -f 'cord/cordbscs.c' || echo './'`cord/cordbscs.c
libtool: compile:  gcc -DHAVE_CONFIG_H -I./include -I./include -I./libatomic_ops/src -I./libatomic_ops/src -fexceptions -g -O2 -fno-strict-aliasing -MT cordbscs.lo -MD -MP -MF .deps/cordbscs.Tpo -c cord/cordbscs.c  -fPIC -DPIC -o .libs/cordbscs.o
libtool: compile:  gcc -DHAVE_CONFIG_H -I./include -I./include -I./libatomic_ops/src -I./libatomic_ops/src -fexceptions -g -O2 -fno-strict-aliasing -MT cordbscs.lo -MD -MP -MF .deps/cordbscs.Tpo -c cord/cordbscs.c -o cordbscs.o >/dev/null 2>&1
mv -f .deps/cordbscs.Tpo .deps/cordbscs.Plo
/bin/sh ./libtool  --tag=CC   --mode=compile gcc -DHAVE_CONFIG_H   -I./include -I./include -I./libatomic_ops/src -I./libatomic_ops/src  -fexceptions -g -O2 -fno-strict-aliasing -MT cordprnt.lo -MD -MP -MF .deps/cordprnt.Tpo -c -o cordprnt.lo `test -f 'cord/cordprnt.c' || echo './'`cord/cordprnt.c
libtool: compile:  gcc -DHAVE_CONFIG_H -I./include -I./include -I./libatomic_ops/src -I./libatomic_ops/src -fexceptions -g -O2 -fno-strict-aliasing -MT cordprnt.lo -MD -MP -MF .deps/cordprnt.Tpo -c cord/cordprnt.c  -fPIC -DPIC -o .libs/cordprnt.o
libtool: compile:  gcc -DHAVE_CONFIG_H -I./include -I./include -I./libatomic_ops/src -I./libatomic_ops/src -fexceptions -g -O2 -fno-strict-aliasing -MT cordprnt.lo -MD -MP -MF .deps/cordprnt.Tpo -c cord/cordprnt.c -o cordprnt.o >/dev/null 2>&1
mv -f .deps/cordprnt.Tpo .deps/cordprnt.Plo
/bin/sh ./libtool  --tag=CC   --mode=compile gcc -DHAVE_CONFIG_H   -I./include -I./include -I./libatomic_ops/src -I./libatomic_ops/src  -fexceptions -g -O2 -fno-strict-aliasing -MT cordtest.lo -MD -MP -MF .deps/cordtest.Tpo -c -o cordtest.lo `test -f 'cord/cordtest.c' || echo './'`cord/cordtest.c
libtool: compile:  gcc -DHAVE_CONFIG_H -I./include -I./include -I./libatomic_ops/src -I./libatomic_ops/src -fexceptions -g -O2 -fno-strict-aliasing -MT cordtest.lo -MD -MP -MF .deps/cordtest.Tpo -c cord/cordtest.c  -fPIC -DPIC -o .libs/cordtest.o
libtool: compile:  gcc -DHAVE_CONFIG_H -I./include -I./include -I./libatomic_ops/src -I./libatomic_ops/src -fexceptions -g -O2 -fno-strict-aliasing -MT cordtest.lo -MD -MP -MF .deps/cordtest.Tpo -c cord/cordtest.c -o cordtest.o >/dev/null 2>&1
mv -f .deps/cordtest.Tpo .deps/cordtest.Plo
/bin/sh ./libtool  --tag=CC   --mode=compile gcc -DHAVE_CONFIG_H   -I./include -I./include -I./libatomic_ops/src -I./libatomic_ops/src  -fexceptions -g -O2 -fno-strict-aliasing -MT cordxtra.lo -MD -MP -MF .deps/cordxtra.Tpo -c -o cordxtra.lo `test -f 'cord/cordxtra.c' || echo './'`cord/cordxtra.c
libtool: compile:  gcc -DHAVE_CONFIG_H -I./include -I./include -I./libatomic_ops/src -I./libatomic_ops/src -fexceptions -g -O2 -fno-strict-aliasing -MT cordxtra.lo -MD -MP -MF .deps/cordxtra.Tpo -c cord/cordxtra.c  -fPIC -DPIC -o .libs/cordxtra.o
libtool: compile:  gcc -DHAVE_CONFIG_H -I./include -I./include -I./libatomic_ops/src -I./libatomic_ops/src -fexceptions -g -O2 -fno-strict-aliasing -MT cordxtra.lo -MD -MP -MF .deps/cordxtra.Tpo -c cord/cordxtra.c -o cordxtra.o >/dev/null 2>&1
mv -f .deps/cordxtra.Tpo .deps/cordxtra.Plo
/bin/sh ./libtool --tag=CC   --mode=link gcc -fexceptions -g -O2 -fno-strict-aliasing -version-info 1:3:0 -no-undefined  -o libcord.la -rpath /usr/local/lib cordbscs.lo cordprnt.lo cordtest.lo cordxtra.lo ./libgc.la 
libtool: link: gcc -shared  -fPIC -DPIC  .libs/cordbscs.o .libs/cordprnt.o .libs/cordtest.o .libs/cordxtra.o   -Wl,-rpath -Wl,/home/rpmuser/rpm/BUILD/gc-7.2/.libs ./.libs/libgc.so -lpthread -ldl  -O2   -Wl,-soname -Wl,libcord.so.1 -o .libs/libcord.so.1.0.3
libtool: link: (cd ".libs" && rm -f "libcord.so.1" && ln -s "libcord.so.1.0.3" "libcord.so.1")
libtool: link: (cd ".libs" && rm -f "libcord.so" && ln -s "libcord.so.1.0.3" "libcord.so")
libtool: link: ar cru .libs/libcord.a  cordbscs.o cordprnt.o cordtest.o cordxtra.o
libtool: link: ranlib .libs/libcord.a
libtool: link: ( cd ".libs" && rm -f "libcord.la" && ln -s "../libcord.la" "libcord.la" )
make  libstaticrootslib.la gctest leaktest middletest smashtest hugetest realloc_test staticrootstest  threadleaktest threadkey_test initsecondarythread 
make[2]: Entering directory `/home/rpmuser/rpm/BUILD/gc-7.2'
/bin/sh ./libtool  --tag=CC   --mode=compile gcc -DHAVE_CONFIG_H   -I./include -I./include -I./libatomic_ops/src -I./libatomic_ops/src  -fexceptions -g -O2 -fno-strict-aliasing -MT staticrootslib.lo -MD -MP -MF .deps/staticrootslib.Tpo -c -o staticrootslib.lo `test -f 'tests/staticrootslib.c' || echo './'`tests/staticrootslib.c
libtool: compile:  gcc -DHAVE_CONFIG_H -I./include -I./include -I./libatomic_ops/src -I./libatomic_ops/src -fexceptions -g -O2 -fno-strict-aliasing -MT staticrootslib.lo -MD -MP -MF .deps/staticrootslib.Tpo -c tests/staticrootslib.c  -fPIC -DPIC -o .libs/staticrootslib.o
libtool: compile:  gcc -DHAVE_CONFIG_H -I./include -I./include -I./libatomic_ops/src -I./libatomic_ops/src -fexceptions -g -O2 -fno-strict-aliasing -MT staticrootslib.lo -MD -MP -MF .deps/staticrootslib.Tpo -c tests/staticrootslib.c -o staticrootslib.o >/dev/null 2>&1
mv -f .deps/staticrootslib.Tpo .deps/staticrootslib.Plo
/bin/sh ./libtool --tag=CC   --mode=link gcc -fexceptions -g -O2 -fno-strict-aliasing -version-info 1:3:0 -no-undefined -rpath /nowhere  -o libstaticrootslib.la  staticrootslib.lo ./libgc.la  
libtool: link: gcc -shared  -fPIC -DPIC  .libs/staticrootslib.o   -Wl,-rpath -Wl,/home/rpmuser/rpm/BUILD/gc-7.2/.libs ./.libs/libgc.so -lpthread -ldl  -O2   -Wl,-soname -Wl,libstaticrootslib.so.1 -o .libs/libstaticrootslib.so.1.0.3
libtool: link: (cd ".libs" && rm -f "libstaticrootslib.so.1" && ln -s "libstaticrootslib.so.1.0.3" "libstaticrootslib.so.1")
libtool: link: (cd ".libs" && rm -f "libstaticrootslib.so" && ln -s "libstaticrootslib.so.1.0.3" "libstaticrootslib.so")
libtool: link: ar cru .libs/libstaticrootslib.a  staticrootslib.o
libtool: link: ranlib .libs/libstaticrootslib.a
libtool: link: ( cd ".libs" && rm -f "libstaticrootslib.la" && ln -s "../libstaticrootslib.la" "libstaticrootslib.la" )
gcc -DHAVE_CONFIG_H   -I./include -I./include -I./libatomic_ops/src -I./libatomic_ops/src  -fexceptions -g -O2 -fno-strict-aliasing -MT test.o -MD -MP -MF .deps/test.Tpo -c -o test.o `test -f 'tests/test.c' || echo './'`tests/test.c
mv -f .deps/test.Tpo .deps/test.Po
/bin/sh ./libtool --tag=CC   --mode=link gcc -fexceptions -g -O2 -fno-strict-aliasing   -o gctest test.o ./libgc.la  
libtool: link: gcc -fexceptions -g -O2 -fno-strict-aliasing -o .libs/gctest test.o  ./.libs/libgc.so -lpthread -ldl
gcc -DHAVE_CONFIG_H   -I./include -I./include -I./libatomic_ops/src -I./libatomic_ops/src  -fexceptions -g -O2 -fno-strict-aliasing -MT leak_test.o -MD -MP -MF .deps/leak_test.Tpo -c -o leak_test.o `test -f 'tests/leak_test.c' || echo './'`tests/leak_test.c
mv -f .deps/leak_test.Tpo .deps/leak_test.Po
/bin/sh ./libtool --tag=CC   --mode=link gcc -fexceptions -g -O2 -fno-strict-aliasing   -o leaktest leak_test.o ./libgc.la  
libtool: link: gcc -fexceptions -g -O2 -fno-strict-aliasing -o .libs/leaktest leak_test.o  ./.libs/libgc.so -lpthread -ldl
gcc -DHAVE_CONFIG_H   -I./include -I./include -I./libatomic_ops/src -I./libatomic_ops/src  -fexceptions -g -O2 -fno-strict-aliasing -MT middle.o -MD -MP -MF .deps/middle.Tpo -c -o middle.o `test -f 'tests/middle.c' || echo './'`tests/middle.c
mv -f .deps/middle.Tpo .deps/middle.Po
/bin/sh ./libtool --tag=CC   --mode=link gcc -fexceptions -g -O2 -fno-strict-aliasing   -o middletest middle.o ./libgc.la  
libtool: link: gcc -fexceptions -g -O2 -fno-strict-aliasing -o .libs/middletest middle.o  ./.libs/libgc.so -lpthread -ldl
gcc -DHAVE_CONFIG_H   -I./include -I./include -I./libatomic_ops/src -I./libatomic_ops/src  -fexceptions -g -O2 -fno-strict-aliasing -MT smash_test.o -MD -MP -MF .deps/smash_test.Tpo -c -o smash_test.o `test -f 'tests/smash_test.c' || echo './'`tests/smash_test.c
mv -f .deps/smash_test.Tpo .deps/smash_test.Po
/bin/sh ./libtool --tag=CC   --mode=link gcc -fexceptions -g -O2 -fno-strict-aliasing   -o smashtest smash_test.o ./libgc.la  
libtool: link: gcc -fexceptions -g -O2 -fno-strict-aliasing -o .libs/smashtest smash_test.o  ./.libs/libgc.so -lpthread -ldl
gcc -DHAVE_CONFIG_H   -I./include -I./include -I./libatomic_ops/src -I./libatomic_ops/src  -fexceptions -g -O2 -fno-strict-aliasing -MT huge_test.o -MD -MP -MF .deps/huge_test.Tpo -c -o huge_test.o `test -f 'tests/huge_test.c' || echo './'`tests/huge_test.c
mv -f .deps/huge_test.Tpo .deps/huge_test.Po
/bin/sh ./libtool --tag=CC   --mode=link gcc -fexceptions -g -O2 -fno-strict-aliasing   -o hugetest huge_test.o ./libgc.la  
libtool: link: gcc -fexceptions -g -O2 -fno-strict-aliasing -o .libs/hugetest huge_test.o  ./.libs/libgc.so -lpthread -ldl
gcc -DHAVE_CONFIG_H   -I./include -I./include -I./libatomic_ops/src -I./libatomic_ops/src  -fexceptions -g -O2 -fno-strict-aliasing -MT realloc_test.o -MD -MP -MF .deps/realloc_test.Tpo -c -o realloc_test.o `test -f 'tests/realloc_test.c' || echo './'`tests/realloc_test.c
mv -f .deps/realloc_test.Tpo .deps/realloc_test.Po
/bin/sh ./libtool --tag=CC   --mode=link gcc -fexceptions -g -O2 -fno-strict-aliasing   -o realloc_test realloc_test.o ./libgc.la  
libtool: link: gcc -fexceptions -g -O2 -fno-strict-aliasing -o .libs/realloc_test realloc_test.o  ./.libs/libgc.so -lpthread -ldl
gcc -DHAVE_CONFIG_H   -I./include -I./include -I./libatomic_ops/src -I./libatomic_ops/src  -fexceptions -g -O2 -fno-strict-aliasing -MT staticrootstest.o -MD -MP -MF .deps/staticrootstest.Tpo -c -o staticrootstest.o `test -f 'tests/staticrootstest.c' || echo './'`tests/staticrootstest.c
mv -f .deps/staticrootstest.Tpo .deps/staticrootstest.Po
/bin/sh ./libtool --tag=CC   --mode=link gcc -fexceptions -g -O2 -fno-strict-aliasing   -o staticrootstest staticrootstest.o ./libgc.la  libstaticrootslib.la 
libtool: link: gcc -fexceptions -g -O2 -fno-strict-aliasing -o .libs/staticrootstest staticrootstest.o  ./.libs/libgc.so ./.libs/libstaticrootslib.so /home/rpmuser/rpm/BUILD/gc-7.2/.libs/libgc.so -lpthread -ldl -Wl,-rpath -Wl,/nowhere
gcc -DHAVE_CONFIG_H   -I./include -I./include -I./libatomic_ops/src -I./libatomic_ops/src  -fexceptions -g -O2 -fno-strict-aliasing -MT thread_leak_test.o -MD -MP -MF .deps/thread_leak_test.Tpo -c -o thread_leak_test.o `test -f 'tests/thread_leak_test.c' || echo './'`tests/thread_leak_test.c
mv -f .deps/thread_leak_test.Tpo .deps/thread_leak_test.Po
/bin/sh ./libtool --tag=CC   --mode=link gcc -fexceptions -g -O2 -fno-strict-aliasing   -o threadleaktest thread_leak_test.o ./libgc.la  
libtool: link: gcc -fexceptions -g -O2 -fno-strict-aliasing -o .libs/threadleaktest thread_leak_test.o  ./.libs/libgc.so -lpthread -ldl
gcc -DHAVE_CONFIG_H   -I./include -I./include -I./libatomic_ops/src -I./libatomic_ops/src  -fexceptions -g -O2 -fno-strict-aliasing -MT threadkey_test.o -MD -MP -MF .deps/threadkey_test.Tpo -c -o threadkey_test.o `test -f 'tests/threadkey_test.c' || echo './'`tests/threadkey_test.c
mv -f .deps/threadkey_test.Tpo .deps/threadkey_test.Po
/bin/sh ./libtool --tag=CC   --mode=link gcc -fexceptions -g -O2 -fno-strict-aliasing   -o threadkey_test threadkey_test.o ./libgc.la  
libtool: link: gcc -fexceptions -g -O2 -fno-strict-aliasing -o .libs/threadkey_test threadkey_test.o  ./.libs/libgc.so -lpthread -ldl
gcc -DHAVE_CONFIG_H   -I./include -I./include -I./libatomic_ops/src -I./libatomic_ops/src  -fexceptions -g -O2 -fno-strict-aliasing -MT initsecondarythread.o -MD -MP -MF .deps/initsecondarythread.Tpo -c -o initsecondarythread.o `test -f 'tests/initsecondarythread.c' || echo './'`tests/initsecondarythread.c
mv -f .deps/initsecondarythread.Tpo .deps/initsecondarythread.Po
/bin/sh ./libtool --tag=CC   --mode=link gcc -fexceptions -g -O2 -fno-strict-aliasing   -o initsecondarythread initsecondarythread.o ./libgc.la  
libtool: link: gcc -fexceptions -g -O2 -fno-strict-aliasing -o .libs/initsecondarythread initsecondarythread.o  ./.libs/libgc.so -lpthread -ldl
make[2]: Leaving directory `/home/rpmuser/rpm/BUILD/gc-7.2'
make  check-TESTS
make[2]: Entering directory `/home/rpmuser/rpm/BUILD/gc-7.2'
Switched to incremental mode
Emulating dirty bits with mprotect/signals
Completed 6 tests
Allocated 11931917 collectable objects
Allocated 1218 uncollectable objects
Allocated 7497229 atomic objects
Allocated 137698 stubborn objects
Finalized 13320/13320 objects - finalization is probably ok
Total number of bytes allocated is 662956504
Final heap size is 47374336 bytes
Collector appears to work
Completed 400 collections
PASS: gctest
Leaked composite object at 0x19e2ef0 (tests/leak_test.c:19, sz=8, NORMAL)

Leaked composite object at 0x19e3ee0 (tests/leak_test.c:19, sz=9, NORMAL)

Leaked composite object at 0x19e3f20 (tests/leak_test.c:19, sz=10, NORMAL)

Leaked composite object at 0x19e3f60 (tests/leak_test.c:19, sz=11, NORMAL)

Leaked composite object at 0x19e2f20 (tests/leak_test.c:19, sz=4, NORMAL)

Leaked composite object at 0x19e2f50 (tests/leak_test.c:19, sz=5, NORMAL)

Leaked composite object at 0x19e2f80 (tests/leak_test.c:19, sz=6, NORMAL)

Leaked composite object at 0x19e2fb0 (tests/leak_test.c:19, sz=7, NORMAL)

Leaked composite object at 0x19e2fe0 (tests/leak_test.c:12, sz=4, NORMAL)

PASS: leaktest
Final heap size is 131072
PASS: middletest
GC_check_heap_block: found smashed heap objects:
 0x23d7fe8 in or near object at 0x23d7fc0 (tests/smash_test.c:22, sz=40)

GC_check_heap_block: found smashed heap objects:
 0x23d7fe8 in or near object at 0x23d7fc0 (tests/smash_test.c:22, sz=40)

GC_check_heap_block: found smashed heap objects:
 0x23d7fe8 in or near object at 0x23d7fc0 (tests/smash_test.c:22, sz=40)
 0x244af98 in or near object at 0x244af70 (tests/smash_test.c:22, sz=40)

PASS: smashtest
PASS: hugetest
Heap size: 65536
Heap size: 131072
PASS: realloc_test
PASS: staticrootstest
Leaked composite object at 0x2392fe0 (tests/thread_leak_test.c:29, sz=4, NORMAL)

Leaked composite object at 0x2392ec0 (tests/thread_leak_test.c:29, sz=4, NORMAL)

Leaked composite object at 0x2392e00 (tests/thread_leak_test.c:29, sz=4, NORMAL)

Leaked composite object at 0x2392f20 (tests/thread_leak_test.c:29, sz=4, NORMAL)

Leaked composite object at 0x2392fe0 (tests/thread_leak_test.c:29, sz=4, NORMAL)

PASS: threadleaktest
PASS: threadkey_test
PASS: initsecondarythread
===================
All 10 tests passed
===================
make[2]: Leaving directory `/home/rpmuser/rpm/BUILD/gc-7.2'
make[1]: Leaving directory `/home/rpmuser/rpm/BUILD/gc-7.2'
