targetName=a9
arch=arm
runHost=10.0.6.38
runHostPrompt=*$* 
target=10.0.6.39
targetRoot=/usr/local/arm-sony-linux-gnueabi/target/armv7a
rpmDir=/home/rpmuser/rpm
testSoucreDir=/home/rpmuser//MAIN/dist/pkg
rpmBuild=/home/rpmuser/MAIN/dist/pkg/sony-rpmbuild
rpmBuildPatch=/home/rpmuser///MAIN/dist/pkg/sony-rpmbuild -p
hddDev=sda
device=sda1
cmplrs=/home/rpmuser/MAIN/cmplrs
triplet=arm-sony-linux-gnueabi
dialect=armv7a
currentHost=10.0.6.38
majorVersion=11
withoutsslibcFlag=yes
targetTop=/usr/local/arm-sony-linux-gnueabi
tempDir=/home/rpmuser/rpm/tmp
libm0set : 0.1
spawn -nottyinit sudo chmod 777 -R /home/rpmuser//MAIN/dist/pkg/libm0set/test/
spawn -nottyinit /usr/local/arm-sony-linux-gnueabi/cross/bin/arm-sony-linux-gnueabi-armv7a-gcc /home/rpmuser//MAIN/dist/pkg/libm0set/test/m0test.c -o /home/rpmuser//MAIN/dist/pkg/libm0set/test/m0test1
spawn -nottyinit /usr/local/arm-sony-linux-gnueabi/cross/bin/arm-sony-linux-gnueabi-armv7a-gcc /home/rpmuser//MAIN/dist/pkg/libm0set/test/m0test.c -o /home/rpmuser//MAIN/dist/pkg/libm0set/test/m0test2 -lm0set
sending 10.0.6.38:/home/rpmuser//MAIN/dist/pkg/libm0set/test/m0test1 to 10.0.6.38:/usr/local/arm-sony-linux-gnueabi/target/armv7a/tmp....done
sending 10.0.6.38:/home/rpmuser//MAIN/dist/pkg/libm0set/test/m0test2 to 10.0.6.38:/usr/local/arm-sony-linux-gnueabi/target/armv7a/tmp..done
spawn ssh 10.0.6.38
Welcome to Ubuntu 12.04.4 LTS (GNU/Linux 3.8.0-35-generic x86_64)

 * Documentation:  https://help.ubuntu.com/

0 packages can be updated.
0 updates are security updates.

Last login: Thu Feb 13 17:49:01 2014 from kzm-a9.mydomain
]0;rpmuser@Triangle: ~rpmuser@Triangle:~$ telnet 10.0.6.39
Trying 10.0.6.39...
Connected to 10.0.6.39.
Escape character is '^]'.

10.0.6.39 login: root
Sony CE Linux 11.0.0.0 armv7a
-bash-3.2# cd /tmp/ || echo 'COMMAND''ERROR'
-bash-3.2# LD_PRELOAD=libm0set.so ./m0test1 2<&1 | tee /tmp/libm0set_test.out
[m0test] m0set test
[m0test] buf=0x00013404, sbrk=0x02015000
[m0test] checking memset(buf, 1, 0x100)
[m0test] checking memset(buf, 0, 0x100)
[m0test] checking memset(aligned, 0, 0x1000)
[m0test] checking memset(unaligned, 0, 0x1000)
[m0test] checking memset(unaligned, 0, 0x2000)
[m0test] checking memset(data, 1, 0x2000)
[m0test] checking memset(data, 0, 0x2000)
[m0test] PAGESIZE = 4096
[m0test] dirty1 = 92 KB
[m0test] filling buffer by zero...
[m0test] dirty2 = 32848 KB
[m0test] memset zero and test...
[m0test] dirty3 = 88 KB
[m0test] good, heap were released
[m0test] calloc test
[m0test] dirty4 = 32876 KB
[m0test] heap page allocation occured (*)
[m0test] dirtyX = 232 KB
SUCCEEDed ;-)
-bash-3.2# ./m0test2 2<&1 | tee -a /tmp/libm0set_test.out
[m0test] m0set test
[m0test] buf=0x0001355C, sbrk=0x02015000
[m0test] checking memset(buf, 1, 0x100)
[m0test] checking memset(buf, 0, 0x100)
[m0test] checking memset(aligned, 0, 0x1000)
[m0test] checking memset(unaligned, 0, 0x1000)
[m0test] checking memset(unaligned, 0, 0x2000)
[m0test] checking memset(data, 1, 0x2000)
[m0test] checking memset(data, 0, 0x2000)
[m0test] PAGESIZE = 4096
[m0test] dirty1 = 92 KB
[m0test] filling buffer by zero...
[m0test] dirty2 = 32848 KB
[m0test] memset zero and test...
[m0test] dirty3 = 88 KB
[m0test] good, heap were released
[m0test] calloc test
[m0test] dirty4 = 32876 KB
[m0test] heap page allocation occured (*)
[m0test] dirtyX = 232 KB
SUCCEEDed ;-)
-bash-3.2# sending 10.0.6.38:/usr/local/arm-sony-linux-gnueabi/target/armv7a/tmp/libm0set_test.out to 10.0.6.38:/home/rpmuser/rpm/tmp...done
libm0set : TEST_OK
