targetName=a9
arch=arm
runHost=10.0.6.38
runHostPrompt=*$* 
target=10.0.6.39
targetRoot=/usr/local/arm-sony-linux-gnueabi/target/armv7a
rpmDir=/home/rpmuser/rpm
testSoucreDir=/home/rpmuser//MAIN/dist/pkg
rpmBuild=/home/rpmuser/MAIN/dist/pkg/sony-rpmbuild
rpmBuildPatch=/home/rpmuser///MAIN/dist/pkg/sony-rpmbuild -p
hddDev=sda
device=sda1
cmplrs=/home/rpmuser/MAIN/cmplrs
triplet=arm-sony-linux-gnueabi
dialect=armv7a
currentHost=10.0.6.38
majorVersion=11
withoutsslibcFlag=yes
targetTop=/usr/local/arm-sony-linux-gnueabi
tempDir=/home/rpmuser/rpm/tmp
lrzsz : 0.12.20
spawn ssh 10.0.6.38
Welcome to Ubuntu 12.04.4 LTS (GNU/Linux 3.8.0-35-generic x86_64)

 * Documentation:  https://help.ubuntu.com/

0 packages can be updated.
0 updates are security updates.

Last login: Fri Feb 14 17:32:57 2014 from kzm-a9.mydomain
]0;rpmuser@Triangle: ~rpmuser@Triangle:~$ telnet 10.0.6.39
Trying 10.0.6.39...
Connected to 10.0.6.39.
Escape character is '^]'.

10.0.6.39 login: root
Sony CE Linux 11.0.0.0 armv7a
-bash-3.2# mkdir orig
-bash-3.2# cat << EOF > orig/testdata
> lrzsz test file `date '+%D'` 
> EOF
-bash-3.2# /usr/bin/mkfifo pipe
-bash-3.2# /usr/bin/lsz orig/testdata < pipe | ( /usr/bin/lrz -y >> pipe )
lrz waiting to receive.Sending: testdata
                                                                     Receiving: testdata
Bytes received:      26/     26   BPS:95                    
Bytes Sent:     26   BPS:94                              

Transfer complete

Transfer complete
-bash-3.2# diff -u testdata orig/testdata > /tmp/lrzsz_test.diff
-bash-3.2# sending 10.0.6.38:/usr/local/arm-sony-linux-gnueabi/target/armv7a/tmp/lrzsz_test.diff to 10.0.6.38:/home/rpmuser/rpm/tmp..done
Size of /home/rpmuser/rpm/tmp/lrzsz_test.diff is 0.
lrzsz : TEST_OK
