RPM Package building for Sony CE Linux 11.0
Building target platforms: arm-sony-linux
Building for target arm-sony-linux
Executing(%prep): /bin/sh -e /home/rpmuser/rpm/tmp/rpm-tmp.9BkJGq
Patch #0 (connmanctl_support.patch):
Executing(%build): /bin/sh -e /home/rpmuser/rpm/tmp/rpm-tmp.fhntCo
checking for a BSD-compatible install... /usr/bin/install -c
checking whether build environment is sane... yes
checking for arm-sony-linux-gnueabi-strip... true
checking for a thread-safe mkdir -p... /bin/mkdir -p
checking for gawk... no
checking for mawk... mawk
checking whether make sets $(MAKE)... yes
checking whether make supports nested variables... yes
checking whether to enable maintainer-specific portions of Makefiles... no
checking for arm-sony-linux-gnueabi-pkg-config... no
checking for pkg-config... /usr/local/arm-sony-linux-gnueabi/host/bin/pkg-config
checking pkg-config is at least version 0.9.0... yes
checking for arm-sony-linux-gnueabi-gcc... arm-sony-linux-gnueabi-gcc -tarmv7a
checking whether the C compiler works... yes
checking for C compiler default output file name... a.out
checking for suffix of executables... 
checking whether we are cross compiling... yes
checking for suffix of object files... o
checking whether we are using the GNU C compiler... yes
checking whether arm-sony-linux-gnueabi-gcc -tarmv7a accepts -g... yes
checking for arm-sony-linux-gnueabi-gcc -tarmv7a option to accept ISO C89... none needed
checking for style of include used by make... GNU
checking dependency style of arm-sony-linux-gnueabi-gcc -tarmv7a... gcc3
checking whether arm-sony-linux-gnueabi-gcc -tarmv7a and cc understand -c and -o together... yes
checking whether arm-sony-linux-gnueabi-gcc -tarmv7a accepts -fPIE... yes
checking build system type... x86_64-pc-linux-gnu
checking host system type... arm-sony-linux-gnueabi
checking how to print strings... printf
checking for a sed that does not truncate output... /bin/sed
checking for grep that handles long lines and -e... /bin/grep
checking for egrep... /bin/grep -E
checking for fgrep... /bin/grep -F
checking for ld used by arm-sony-linux-gnueabi-gcc -tarmv7a... arm-sony-linux-gnueabi-ld
checking if the linker (arm-sony-linux-gnueabi-ld) is GNU ld... yes
checking for BSD- or MS-compatible name lister (nm)... arm-sony-linux-gnueabi-nm
checking the name lister (arm-sony-linux-gnueabi-nm) interface... BSD nm
checking whether ln -s works... yes
checking the maximum length of command line arguments... 1572864
checking whether the shell understands some XSI constructs... yes
checking whether the shell understands "+="... no
checking how to convert x86_64-pc-linux-gnu file names to arm-sony-linux-gnueabi format... func_convert_file_noop
checking how to convert x86_64-pc-linux-gnu file names to toolchain format... func_convert_file_noop
checking for arm-sony-linux-gnueabi-ld option to reload object files... -r
checking for arm-sony-linux-gnueabi-objdump... arm-sony-linux-gnueabi-objdump
checking how to recognize dependent libraries... pass_all
checking for arm-sony-linux-gnueabi-dlltool... no
checking for dlltool... no
checking how to associate runtime and link libraries... printf %s\n
checking for arm-sony-linux-gnueabi-ar... arm-sony-linux-gnueabi-ar
checking for archiver @FILE support... @
checking for arm-sony-linux-gnueabi-strip... (cached) true
checking for arm-sony-linux-gnueabi-ranlib... arm-sony-linux-gnueabi-ranlib
checking command to parse arm-sony-linux-gnueabi-nm output from arm-sony-linux-gnueabi-gcc -tarmv7a object... ok
checking for sysroot... no
checking for arm-sony-linux-gnueabi-mt... no
checking for mt... mt
checking if mt is a manifest tool... no
checking how to run the C preprocessor... arm-sony-linux-gnueabi-cpp -tarmv7a
checking for ANSI C header files... yes
checking for sys/types.h... yes
checking for sys/stat.h... yes
checking for stdlib.h... yes
checking for string.h... yes
checking for memory.h... yes
checking for strings.h... yes
checking for inttypes.h... yes
checking for stdint.h... yes
checking for unistd.h... yes
checking for dlfcn.h... yes
checking for objdir... .libs
checking if arm-sony-linux-gnueabi-gcc -tarmv7a supports -fno-rtti -fno-exceptions... no
checking for arm-sony-linux-gnueabi-gcc -tarmv7a option to produce PIC... -fPIC -DPIC
checking if arm-sony-linux-gnueabi-gcc -tarmv7a PIC flag -fPIC -DPIC works... yes
checking if arm-sony-linux-gnueabi-gcc -tarmv7a static flag -static works... yes
checking if arm-sony-linux-gnueabi-gcc -tarmv7a supports -c -o file.o... yes
checking if arm-sony-linux-gnueabi-gcc -tarmv7a supports -c -o file.o... (cached) yes
checking whether the arm-sony-linux-gnueabi-gcc -tarmv7a linker (arm-sony-linux-gnueabi-ld) supports shared libraries... yes
checking whether -lc should be explicitly linked in... no
checking dynamic linker characteristics... GNU/Linux ld.so
checking how to hardcode library paths into programs... immediate
checking whether stripping libraries is possible... no
checking if libtool supports shared libraries... yes
checking whether to build shared libraries... yes
checking whether to build static libraries... no
checking whether to build gtk-doc documentation... no
checking for gtkdoc-check... no
checking resolv.h usability... yes
checking resolv.h presence... yes
checking for resolv.h... yes
checking for ns_initparse in -lresolv... yes
checking for signalfd... yes
checking for dlopen in -ldl... yes
checking for GLIB... yes
checking for DBUS... yes
checking for XTABLES... yes
checking for iptables-save... /sbin/iptables-save
checking sys/inotify.h usability... yes
checking sys/inotify.h presence... yes
checking for sys/inotify.h... yes
checking for inotify_init in -lc... yes
checking for wpa_supplicant... /sbin/wpa_supplicant
checking readline/readline.h usability... yes
checking readline/readline.h presence... yes
checking for readline/readline.h... yes
configure: creating ./config.status
config.status: creating Makefile
config.status: creating include/version.h
config.status: creating src/connman.service
config.status: creating vpn/connman-vpn.service
config.status: creating vpn/net.connman.vpn.service
config.status: creating scripts/connman
config.status: creating doc/version.xml
config.status: creating connman.pc
config.status: creating config.h
config.status: executing depfiles commands
config.status: executing libtool commands
  GEN    include/connman/log.h
  GEN    include/connman/plugin.h
  GEN    include/connman/notifier.h
  GEN    include/connman/service.h
  GEN    include/connman/resolver.h
  GEN    include/connman/ipconfig.h
  GEN    include/connman/device.h
  GEN    include/connman/network.h
  GEN    include/connman/inet.h
  GEN    include/connman/storage.h
  GEN    include/connman/provision.h
  GEN    include/connman/session.h
  GEN    include/connman/ipaddress.h
  GEN    include/connman/agent.h
  GEN    include/connman/inotify.h
  GEN    include/connman/version.h
  GEN    include/connman/rtnl.h
  GEN    include/connman/task.h
  GEN    include/connman/dbus.h
  GEN    include/connman/option.h
  GEN    include/connman/provider.h
  GEN    include/connman/vpn-dbus.h
  GEN    include/connman/utsname.h
  GEN    include/connman/timeserver.h
  GEN    include/connman/proxy.h
  GEN    include/connman/technology.h
  GEN    include/connman/setting.h
  GEN    src/builtin.h
make --no-print-directory all-am
  CC     gdbus/mainloop.lo
  CC     gdbus/watch.lo
  CC     gdbus/object.lo
  CC     gdbus/client.lo
  CC     gdbus/polkit.lo
  CCLD   gdbus/libgdbus-internal.la
  CC     client/dbus_helpers.o
  CC     client/services.o
  CC     client/commands.o
  CC     client/input.o
  CC     client/agent.o
  CC     client/vpnconnections.o
  CC     client/main.o
  CCLD   client/connmanctl
  CC     unit/test-pbkdf2-sha1.o
  CC     src/shared/sha1.o
  CCLD   unit/test-pbkdf2-sha1
  CC     unit/test-prf-sha1.o
  CCLD   unit/test-prf-sha1
  CC     src/log.o
  CC     src/dbus.o
  CC     src/ippool.o
  CC     unit/test-ippool.o
  CCLD   unit/test-ippool
  CC     tools/supplicant-test.o
  CC     tools/supplicant-dbus.o
  CC     tools/supplicant.o
  CCLD   tools/supplicant-test
  CC     gdhcp/common.o
  CC     gdhcp/client.o
  CC     gdhcp/server.o
  CC     gdhcp/ipv4ll.o
  CC     tools/dhcp-test.o
  CCLD   tools/dhcp-test
  CC     tools/dhcp-server-test.o
  CCLD   tools/dhcp-server-test
  CC     tools/addr-test.o
  CCLD   tools/addr-test
  CC     gweb/gweb.o
  CC     gweb/gresolv.o
  CC     gweb/gionotls.o
  CC     tools/web-test.o
  CCLD   tools/web-test
  CC     tools/resolv-test.o
  CCLD   tools/resolv-test
  CC     tools/dbus-test.o
  CCLD   tools/dbus-test
  CC     tools/polkit-test.o
  CCLD   tools/polkit-test
  CC     src/iptables.o
  CC     tools/iptables-test.o
  CCLD   tools/iptables-test
  CC     tools/tap-test.o
  CCLD   tools/tap-test
  CC     tools/wpad-test.o
  CCLD   tools/wpad-test
  CC     tools/stats-tool.o
  CCLD   tools/stats-tool
  CC     tools/private-network-test.o
  CCLD   tools/private-network-test
  CC     tools/session-test.o
  CC     tools/session-utils.o
  CC     tools/manager-api.o
  CC     tools/session-api.o
  CCLD   tools/session-test
  CC     src/tools_iptables_unit-log.o
  CC     src/tools_iptables_unit-iptables.o
  CC     src/tools_iptables_unit-firewall.o
  CC     src/tools_iptables_unit-nat.o
  CC     tools/tools_iptables_unit-iptables-unit.o
  CCLD   tools/iptables-unit
  CC     tools/dnsproxy-test.o
  CCLD   tools/dnsproxy-test
  CC     src/shared/util.o
  CC     src/shared/netlink.o
  CC     src/shared/nfacct.o
  CC     tools/netlink-test.o
  CCLD   tools/netlink-test
  CC     gdhcp/src_connmand-common.o
  CC     gdhcp/src_connmand-client.o
  CC     gdhcp/src_connmand-server.o
  CC     gdhcp/src_connmand-ipv4ll.o
  CC     gweb/src_connmand-gweb.o
  CC     gweb/src_connmand-gresolv.o
  CC     gweb/src_connmand-gionotls.o
  CC     plugins/src_connmand-loopback.o
  CC     plugins/src_connmand-ethernet.o
  CC     plugins/src_connmand-wifi.o
  CC     gsupplicant/src_connmand-supplicant.o
  CC     gsupplicant/src_connmand-dbus.o
  CC     plugins/src_connmand-bluetooth_legacy.o
  CC     plugins/src_connmand-bluetooth.o
  CC     plugins/src_connmand-ofono.o
  CC     plugins/src_connmand-dundee.o
  CC     plugins/src_connmand-pacrunner.o
  CC     plugins/src_connmand-neard.o
  CC     src/shared/src_connmand-util.o
  CC     src/shared/src_connmand-netlink.o
  CC     src/shared/src_connmand-nfacct.o
  CC     src/src_connmand-main.o
  CC     src/src_connmand-log.o
  CC     src/src_connmand-error.o
  CC     src/src_connmand-plugin.o
  CC     src/src_connmand-task.o
  CC     src/src_connmand-device.o
  CC     src/src_connmand-network.o
  CC     src/src_connmand-connection.o
  CC     src/src_connmand-manager.o
  CC     src/src_connmand-service.o
  CC     src/src_connmand-clock.o
  CC     src/src_connmand-timezone.o
  CC     src/src_connmand-agent-connman.o
  CC     src/src_connmand-agent.o
  CC     src/src_connmand-notifier.o
  CC     src/src_connmand-provider.o
  CC     src/src_connmand-resolver.o
  CC     src/src_connmand-ipconfig.o
  CC     src/src_connmand-detect.o
  CC     src/src_connmand-inet.o
  CC     src/src_connmand-dhcp.o
  CC     src/src_connmand-dhcpv6.o
  CC     src/src_connmand-rtnl.o
  CC     src/src_connmand-proxy.o
  CC     src/src_connmand-utsname.o
  CC     src/src_connmand-timeserver.o
  CC     src/src_connmand-rfkill.o
  CC     src/src_connmand-storage.o
  CC     src/src_connmand-dbus.o
  CC     src/src_connmand-config.o
  CC     src/src_connmand-technology.o
  CC     src/src_connmand-counter.o
  CC     src/src_connmand-ntp.o
  CC     src/src_connmand-session.o
  CC     src/src_connmand-tethering.o
  CC     src/src_connmand-wpad.o
  CC     src/src_connmand-wispr.o
  CC     src/src_connmand-stats.o
  CC     src/src_connmand-iptables.o
  CC     src/src_connmand-dnsproxy.o
  CC     src/src_connmand-6to4.o
  CC     src/src_connmand-ippool.o
  CC     src/src_connmand-bridge.o
  CC     src/src_connmand-nat.o
  CC     src/src_connmand-ipaddress.o
  CC     src/src_connmand-inotify.o
  CC     src/src_connmand-firewall.o
  CC     src/src_connmand-nfacct.o
  CC     src/src_connmand-ipv6pd.o
  CCLD   src/connmand
  GEN    src/connman.conf
Executing(%install): /bin/sh -e /home/rpmuser/rpm/tmp/rpm-tmp.H6DCzg
make --no-print-directory install-am
 /bin/mkdir -p '/home/rpmuser/rpm/BUILDROOT/sony-target-dev-connman-1.18-11000001.x86_64/usr/local/arm-sony-linux-gnueabi/target/armv7a/usr/sbin'
  /bin/sh ./libtool   --mode=install /usr/bin/install -c src/connmand client/connmanctl '/home/rpmuser/rpm/BUILDROOT/sony-target-dev-connman-1.18-11000001.x86_64/usr/local/arm-sony-linux-gnueabi/target/armv7a/usr/sbin'
libtool: install: /usr/bin/install -c src/connmand /home/rpmuser/rpm/BUILDROOT/sony-target-dev-connman-1.18-11000001.x86_64/usr/local/arm-sony-linux-gnueabi/target/armv7a/usr/sbin/connmand
libtool: install: /usr/bin/install -c client/connmanctl /home/rpmuser/rpm/BUILDROOT/sony-target-dev-connman-1.18-11000001.x86_64/usr/local/arm-sony-linux-gnueabi/target/armv7a/usr/sbin/connmanctl
 /bin/mkdir -p '/home/rpmuser/rpm/BUILDROOT/sony-target-dev-connman-1.18-11000001.x86_64/usr/local/arm-sony-linux-gnueabi/target/armv7a/usr/etc/dbus-1/system.d'
 /usr/bin/install -c -m 644 src/connman.conf '/home/rpmuser/rpm/BUILDROOT/sony-target-dev-connman-1.18-11000001.x86_64/usr/local/arm-sony-linux-gnueabi/target/armv7a/usr/etc/dbus-1/system.d'
 /bin/mkdir -p '/home/rpmuser/rpm/BUILDROOT/sony-target-dev-connman-1.18-11000001.x86_64/usr/local/arm-sony-linux-gnueabi/target/armv7a/tool//usr/include/connman'
 /usr/bin/install -c -m 644 ../include/log.h ../include/plugin.h ../include/notifier.h ../include/service.h ../include/resolver.h ../include/ipconfig.h ../include/device.h ../include/network.h ../include/inet.h ../include/storage.h ../include/provision.h ../include/session.h ../include/ipaddress.h ../include/agent.h ../include/inotify.h '/home/rpmuser/rpm/BUILDROOT/sony-target-dev-connman-1.18-11000001.x86_64/usr/local/arm-sony-linux-gnueabi/target/armv7a/tool//usr/include/connman'
 /bin/mkdir -p '/home/rpmuser/rpm/BUILDROOT/sony-target-dev-connman-1.18-11000001.x86_64/usr/local/arm-sony-linux-gnueabi/target/armv7a/usr/share/man/man5'
 /usr/bin/install -c -m 644 ../doc/connman.conf.5 '/home/rpmuser/rpm/BUILDROOT/sony-target-dev-connman-1.18-11000001.x86_64/usr/local/arm-sony-linux-gnueabi/target/armv7a/usr/share/man/man5'
 /bin/mkdir -p '/home/rpmuser/rpm/BUILDROOT/sony-target-dev-connman-1.18-11000001.x86_64/usr/local/arm-sony-linux-gnueabi/target/armv7a/usr/share/man/man8'
 /usr/bin/install -c -m 644 ../doc/connman.8 '/home/rpmuser/rpm/BUILDROOT/sony-target-dev-connman-1.18-11000001.x86_64/usr/local/arm-sony-linux-gnueabi/target/armv7a/usr/share/man/man8'
 /bin/mkdir -p '/home/rpmuser/rpm/BUILDROOT/sony-target-dev-connman-1.18-11000001.x86_64/usr/local/arm-sony-linux-gnueabi/target/armv7a/tool//usr/include/connman'
 /usr/bin/install -c -m 644 include/version.h '/home/rpmuser/rpm/BUILDROOT/sony-target-dev-connman-1.18-11000001.x86_64/usr/local/arm-sony-linux-gnueabi/target/armv7a/tool//usr/include/connman'
 /bin/mkdir -p '/home/rpmuser/rpm/BUILDROOT/sony-target-dev-connman-1.18-11000001.x86_64/usr/local/arm-sony-linux-gnueabi/target/armv7a/usr/lib/pkgconfig'
 /usr/bin/install -c -m 644 connman.pc '/home/rpmuser/rpm/BUILDROOT/sony-target-dev-connman-1.18-11000001.x86_64/usr/local/arm-sony-linux-gnueabi/target/armv7a/usr/lib/pkgconfig'
 /bin/mkdir -p '/home/rpmuser/rpm/BUILDROOT/sony-target-dev-connman-1.18-11000001.x86_64/usr/local/arm-sony-linux-gnueabi/target/armv7a/usr/lib/connman/scripts'
Processing files: arm-sony-linux-gnueabi-armv7a-dev-connman-1.18-11000001.arm
Checking for unpackaged file(s): /usr/lib/rpm/check-files /home/rpmuser/rpm/BUILDROOT/sony-target-dev-connman-1.18-11000001.x86_64
Wrote: /home/rpmuser/rpm/SRPMS/sony-target-dev-connman-1.18-11000001.src.rpm
Wrote: /home/rpmuser/rpm/RPMS/arm/arm-sony-linux-gnueabi-armv7a-dev-connman-1.18-11000001.arm.rpm
Executing(%clean): /bin/sh -e /home/rpmuser/rpm/tmp/rpm-tmp.KYLowY
