RPM Package building for Sony CE Linux 11.0
Building target platforms: arm-sony-linux
Building for target arm-sony-linux
Executing(%prep): /bin/sh -e /home/rpmuser/rpm/tmp/rpm-tmp.wIF8kE
drwxr-xr-x 1000/100          0 2013-07-01 15:13 fuse-2.9.3/
-rwxr-xr-x 1000/100      45157 2013-02-18 19:14 fuse-2.9.3/config.guess
-rw-r--r-- 1000/100      26530 2013-07-01 12:55 fuse-2.9.3/COPYING.LIB
-rw-r--r-- 1000/100       7700 2013-07-01 12:55 fuse-2.9.3/NEWS
drwxr-xr-x 1000/100          0 2013-07-01 15:13 fuse-2.9.3/m4/
-rw-r--r-- 1000/100       4372 2013-02-18 19:13 fuse-2.9.3/m4/ltsugar.m4
-rw-r--r-- 1000/100       6126 2013-02-18 19:13 fuse-2.9.3/m4/lt~obsolete.m4
-rw-r--r-- 1000/100      12347 2013-02-18 19:13 fuse-2.9.3/m4/ltoptions.m4
-rw-r--r-- 1000/100        690 2013-02-18 19:13 fuse-2.9.3/m4/ltversion.m4
-rw-r--r-- 1000/100     286350 2013-02-18 19:13 fuse-2.9.3/m4/libtool.m4
-rw-r--r-- 1000/100      27260 2013-07-01 13:54 fuse-2.9.3/Makefile.in
-rw-r--r-- 1000/100      15749 2013-02-18 19:14 fuse-2.9.3/INSTALL
-rw-r--r-- 1000/100        265 2013-07-01 12:55 fuse-2.9.3/fuse.pc.in
-rw-r--r-- 1000/100      15125 2013-07-01 12:55 fuse-2.9.3/FAQ
drwxr-xr-x 1000/100          0 2013-07-01 15:13 fuse-2.9.3/doc/
-rw-r--r-- 1000/100      16497 2013-07-01 13:54 fuse-2.9.3/doc/Makefile.in
-rw-r--r-- 1000/100       2381 2013-02-18 15:11 fuse-2.9.3/doc/how-fuse-works
-rw-r--r-- 1000/100      10360 2013-07-01 12:55 fuse-2.9.3/doc/mount.fuse.8
-rw-r--r-- 1000/100        966 2013-07-01 12:55 fuse-2.9.3/doc/ulockmgr_server.1
-rw-r--r-- 1000/100      59753 2013-02-18 15:11 fuse-2.9.3/doc/Doxyfile
-rw-r--r-- 1000/100        168 2013-07-01 12:55 fuse-2.9.3/doc/Makefile.am
-rw-r--r-- 1000/100       1099 2013-07-01 12:55 fuse-2.9.3/doc/fusermount.1
-rw-r--r-- 1000/100      16137 2013-02-18 15:11 fuse-2.9.3/doc/kernel.txt
-rwxr-xr-x 1000/100      35516 2013-02-18 19:14 fuse-2.9.3/config.sub
-rwxr-xr-x 1000/100       7235 2013-02-18 19:14 fuse-2.9.3/compile
-rwxr-xr-x 1000/100      13997 2013-02-18 19:14 fuse-2.9.3/install-sh
-rwxr-xr-x 1000/100      10179 2013-02-18 19:14 fuse-2.9.3/missing
-rw-r--r-- 1000/100      18092 2013-07-01 12:55 fuse-2.9.3/COPYING
-rw-r--r-- 1000/100      90304 2013-07-01 13:54 fuse-2.9.3/aclocal.m4
-rw-r--r-- 1000/100       1382 2013-02-18 15:11 fuse-2.9.3/README.NFS
-rwxr-xr-x 1000/100      20842 2013-02-18 19:14 fuse-2.9.3/depcomp
-rwxr-xr-x 1000/100     472625 2013-07-01 13:54 fuse-2.9.3/configure
-rw-r--r-- 1000/100         84 2013-02-18 15:11 fuse-2.9.3/AUTHORS
drwxr-xr-x 1000/100          0 2013-07-01 15:13 fuse-2.9.3/example/
-rw-r--r-- 1000/100      24441 2013-07-01 13:54 fuse-2.9.3/example/Makefile.in
-rw-r--r-- 1000/100       2454 2013-07-01 12:55 fuse-2.9.3/example/fioclient.c
-rw-r--r-- 1000/100       4035 2013-07-01 13:10 fuse-2.9.3/example/hello_ll.c
-rw-r--r-- 1000/100       6559 2013-07-01 13:10 fuse-2.9.3/example/cusexmp.c
-rw-r--r-- 1000/100        747 2013-02-18 15:11 fuse-2.9.3/example/fioc.h
-rw-r--r-- 1000/100       3911 2013-07-01 13:10 fuse-2.9.3/example/fioc.c
-rw-r--r-- 1000/100       6058 2013-07-01 13:10 fuse-2.9.3/example/fsel.c
-rw-r--r-- 1000/100       7015 2013-07-01 13:10 fuse-2.9.3/example/fusexmp.c
-rw-r--r-- 1000/100       1974 2013-07-01 13:10 fuse-2.9.3/example/hello.c
-rw-r--r-- 1000/100       1762 2013-07-01 13:10 fuse-2.9.3/example/null.c
-rw-r--r-- 1000/100       1359 2013-02-18 15:11 fuse-2.9.3/example/fselclient.c
-rw-r--r-- 1000/100        468 2013-07-01 12:55 fuse-2.9.3/example/Makefile.am
-rw-r--r-- 1000/100      10007 2013-07-01 13:10 fuse-2.9.3/example/fusexmp_fh.c
-rw-r--r-- 1000/100     106577 2013-07-01 13:53 fuse-2.9.3/ChangeLog
drwxr-xr-x 1000/100          0 2013-07-01 15:13 fuse-2.9.3/util/
-rw-r--r-- 1000/100       8191 2013-07-01 12:55 fuse-2.9.3/util/ulockmgr_server.c
-rw-r--r-- 1000/100      28096 2013-07-01 13:54 fuse-2.9.3/util/Makefile.in
-rw-r--r-- 1000/100         28 2013-02-18 15:11 fuse-2.9.3/util/udev.rules
-rwxr-xr-x 1000/100       1893 2013-02-18 15:11 fuse-2.9.3/util/init_script
-rw-r--r-- 1000/100       7656 2013-07-01 13:32 fuse-2.9.3/util/mount_util.c
-rw-r--r-- 1000/100       4566 2013-07-01 12:55 fuse-2.9.3/util/mount.fuse.c
-rw-r--r-- 1000/100       2058 2013-07-01 12:55 fuse-2.9.3/util/Makefile.am
-rw-r--r-- 1000/100      28987 2013-07-01 12:55 fuse-2.9.3/util/fusermount.c
drwxr-xr-x 1000/100          0 2013-07-01 15:13 fuse-2.9.3/include/
-rw-r--r-- 1000/100        679 2013-02-18 15:11 fuse-2.9.3/include/ulockmgr.h
-rw-r--r-- 1000/100      17186 2013-07-01 13:54 fuse-2.9.3/include/Makefile.in
-rw-r--r-- 1000/100      34519 2013-07-01 13:10 fuse-2.9.3/include/fuse.h
-rw-r--r-- 1000/100      52408 2013-07-01 13:10 fuse-2.9.3/include/fuse_lowlevel.h
-rw-r--r-- 1000/100       6893 2013-07-01 13:10 fuse-2.9.3/include/fuse_lowlevel_compat.h
-rw-r--r-- 1000/100       7989 2013-07-01 13:10 fuse-2.9.3/include/fuse_compat.h
-rw-r--r-- 1000/100        714 2013-07-01 13:10 fuse-2.9.3/include/fuse_common_compat.h
-rw-r--r-- 1000/100       2680 2013-07-01 13:54 fuse-2.9.3/include/config.h.in
drwxr-xr-x 1000/100          0 2013-07-01 15:13 fuse-2.9.3/include/old/
-rw-r--r-- 1000/100        246 2013-07-01 13:10 fuse-2.9.3/include/old/fuse.h
-rw-r--r-- 1000/100       7477 2013-07-01 13:10 fuse-2.9.3/include/fuse_opt.h
-rw-r--r-- 1000/100       2576 2013-02-18 15:11 fuse-2.9.3/include/cuse_lowlevel.h
-rw-r--r-- 1000/100      13811 2013-07-01 13:10 fuse-2.9.3/include/fuse_kernel.h
-rw-r--r-- 1000/100        344 2013-07-01 13:10 fuse-2.9.3/include/Makefile.am
-rw-r--r-- 1000/100      12616 2013-07-01 13:10 fuse-2.9.3/include/fuse_common.h
-rwxr-xr-x 1000/100      18442 2013-02-18 19:13 fuse-2.9.3/config.rpath
drwxr-xr-x 1000/100          0 2013-07-01 15:13 fuse-2.9.3/lib/
-rw-r--r-- 1000/100       6453 2013-07-01 12:55 fuse-2.9.3/lib/buffer.c
-rw-r--r-- 1000/100       5718 2013-07-01 13:10 fuse-2.9.3/lib/fuse_loop_mt.c
-rw-r--r-- 1000/100       1849 2013-07-01 13:10 fuse-2.9.3/lib/fuse_misc.h
-rw-r--r-- 1000/100       9142 2013-07-01 13:10 fuse-2.9.3/lib/fuse_opt.c
-rw-r--r-- 1000/100      24147 2013-07-01 13:54 fuse-2.9.3/lib/Makefile.in
-rw-r--r-- 1000/100       2563 2013-07-01 13:10 fuse-2.9.3/lib/fuse_mt.c
-rw-r--r-- 1000/100      72277 2013-07-01 13:10 fuse-2.9.3/lib/fuse_lowlevel.c
-rw-r--r-- 1000/100       2187 2013-07-01 13:45 fuse-2.9.3/lib/fuse_kern_chan.c
-rw-r--r-- 1000/100        723 2013-02-18 15:11 fuse-2.9.3/lib/mount_util.h
-rw-r--r-- 1000/100     112611 2013-07-01 13:10 fuse-2.9.3/lib/fuse.c
drwxr-xr-x 1000/100          0 2013-07-01 15:13 fuse-2.9.3/lib/modules/
-rw-r--r-- 1000/100      16257 2013-07-01 13:10 fuse-2.9.3/lib/modules/iconv.c
-rw-r--r-- 1000/100      15143 2013-07-01 13:10 fuse-2.9.3/lib/modules/subdir.c
-rw-r--r-- 1000/100       8572 2013-07-01 13:10 fuse-2.9.3/lib/mount_bsd.c
-rw-r--r-- 1000/100       9505 2013-02-18 15:11 fuse-2.9.3/lib/ulockmgr.c
-rw-r--r-- 1000/100       7656 2013-07-01 12:55 fuse-2.9.3/lib/mount_util.c
-rw-r--r-- 1000/100       3032 2013-07-01 13:11 fuse-2.9.3/lib/fuse_i.h
-rw-r--r-- 1000/100       8825 2013-07-01 13:10 fuse-2.9.3/lib/cuse_lowlevel.c
-rw-r--r-- 1000/100       4733 2013-07-01 13:35 fuse-2.9.3/lib/fuse_session.c
-rw-r--r-- 1000/100      11258 2013-07-01 13:10 fuse-2.9.3/lib/helper.c
-rw-r--r-- 1000/100        943 2013-07-01 13:10 fuse-2.9.3/lib/fuse_loop.c
-rw-r--r-- 1000/100       3846 2013-07-01 13:10 fuse-2.9.3/lib/fuse_versionscript
-rw-r--r-- 1000/100      14643 2013-07-01 13:25 fuse-2.9.3/lib/mount.c
-rw-r--r-- 1000/100       1010 2013-07-01 13:54 fuse-2.9.3/lib/Makefile.am
-rw-r--r-- 1000/100       1637 2013-02-18 15:11 fuse-2.9.3/lib/fuse_signals.c
-rw-r--r-- 1000/100        256 2013-02-18 15:11 fuse-2.9.3/Filesystems
-rw-r--r-- 1000/100        266 2013-07-01 12:55 fuse-2.9.3/Makefile.am
-rw-r--r-- 1000/100     283474 2013-02-18 19:13 fuse-2.9.3/ltmain.sh
-rw-r--r-- 1000/100       3565 2013-07-01 13:53 fuse-2.9.3/configure.ac
-rw-r--r-- 1000/100      10858 2013-02-18 15:11 fuse-2.9.3/README
Patch #0 (fuse-2.9.3-disable-compat.patch):
Patch #1 (fuse-2.9.3-write_wait.patch):
Patch #2 (fuse-2.9.3-util-linux-ng-mount-unmount.patch):
Executing(%build): /bin/sh -e /home/rpmuser/rpm/tmp/rpm-tmp.HCw9rE
checking build system type... x86_64-pc-linux-gnu
checking host system type... arm-sony-linux-gnueabi
checking target system type... arm-sony-linux-gnueabi
checking for a BSD-compatible install... /usr/bin/install -c
checking whether build environment is sane... yes
checking for arm-sony-linux-gnueabi-strip... true
checking for a thread-safe mkdir -p... /bin/mkdir -p
checking for gawk... no
checking for mawk... mawk
checking whether make sets $(MAKE)... yes
checking whether make supports nested variables... yes
checking how to print strings... printf
checking for style of include used by make... GNU
checking for arm-sony-linux-gnueabi-gcc... arm-sony-linux-gnueabi-gcc -tarmv7a
checking whether the C compiler works... yes
checking for C compiler default output file name... a.out
checking for suffix of executables... 
checking whether we are cross compiling... yes
checking for suffix of object files... o
checking whether we are using the GNU C compiler... yes
checking whether arm-sony-linux-gnueabi-gcc -tarmv7a accepts -g... yes
checking for arm-sony-linux-gnueabi-gcc -tarmv7a option to accept ISO C89... none needed
checking dependency style of arm-sony-linux-gnueabi-gcc -tarmv7a... gcc3
checking for a sed that does not truncate output... /bin/sed
checking for grep that handles long lines and -e... /bin/grep
checking for egrep... /bin/grep -E
checking for fgrep... /bin/grep -F
checking for ld used by arm-sony-linux-gnueabi-gcc -tarmv7a... arm-sony-linux-gnueabi-ld
checking if the linker (arm-sony-linux-gnueabi-ld) is GNU ld... yes
checking for BSD- or MS-compatible name lister (nm)... arm-sony-linux-gnueabi-nm
checking the name lister (arm-sony-linux-gnueabi-nm) interface... BSD nm
checking whether ln -s works... yes
checking the maximum length of command line arguments... 1572864
checking whether the shell understands some XSI constructs... yes
checking whether the shell understands "+="... no
checking how to convert x86_64-pc-linux-gnu file names to arm-sony-linux-gnueabi format... func_convert_file_noop
checking how to convert x86_64-pc-linux-gnu file names to toolchain format... func_convert_file_noop
checking for arm-sony-linux-gnueabi-ld option to reload object files... -r
checking for arm-sony-linux-gnueabi-objdump... arm-sony-linux-gnueabi-objdump
checking how to recognize dependent libraries... pass_all
checking for arm-sony-linux-gnueabi-dlltool... no
checking for dlltool... no
checking how to associate runtime and link libraries... printf %s\n
checking for arm-sony-linux-gnueabi-ar... arm-sony-linux-gnueabi-ar
checking for archiver @FILE support... @
checking for arm-sony-linux-gnueabi-strip... (cached) true
checking for arm-sony-linux-gnueabi-ranlib... arm-sony-linux-gnueabi-ranlib
checking command to parse arm-sony-linux-gnueabi-nm output from arm-sony-linux-gnueabi-gcc -tarmv7a object... ok
checking for sysroot... no
checking for arm-sony-linux-gnueabi-mt... no
checking for mt... mt
checking if mt is a manifest tool... no
checking how to run the C preprocessor... arm-sony-linux-gnueabi-cpp -tarmv7a
checking for ANSI C header files... yes
checking for sys/types.h... yes
checking for sys/stat.h... yes
checking for stdlib.h... yes
checking for string.h... yes
checking for memory.h... yes
checking for strings.h... yes
checking for inttypes.h... yes
checking for stdint.h... yes
checking for unistd.h... yes
checking for dlfcn.h... yes
checking for objdir... .libs
checking if arm-sony-linux-gnueabi-gcc -tarmv7a supports -fno-rtti -fno-exceptions... no
checking for arm-sony-linux-gnueabi-gcc -tarmv7a option to produce PIC... -fPIC -DPIC
checking if arm-sony-linux-gnueabi-gcc -tarmv7a PIC flag -fPIC -DPIC works... yes
checking if arm-sony-linux-gnueabi-gcc -tarmv7a static flag -static works... yes
checking if arm-sony-linux-gnueabi-gcc -tarmv7a supports -c -o file.o... yes
checking if arm-sony-linux-gnueabi-gcc -tarmv7a supports -c -o file.o... (cached) yes
checking whether the arm-sony-linux-gnueabi-gcc -tarmv7a linker (arm-sony-linux-gnueabi-ld) supports shared libraries... yes
checking whether -lc should be explicitly linked in... no
checking dynamic linker characteristics... GNU/Linux ld.so
checking how to hardcode library paths into programs... immediate
checking whether stripping libraries is possible... no
checking if libtool supports shared libraries... yes
checking whether to build shared libraries... yes
checking whether to build static libraries... yes
checking for arm-sony-linux-gnueabi-gcc... (cached) arm-sony-linux-gnueabi-gcc -tarmv7a
checking whether we are using the GNU C compiler... (cached) yes
checking whether arm-sony-linux-gnueabi-gcc -tarmv7a accepts -g... (cached) yes
checking for arm-sony-linux-gnueabi-gcc -tarmv7a option to accept ISO C89... (cached) none needed
checking dependency style of arm-sony-linux-gnueabi-gcc -tarmv7a... (cached) gcc3
checking whether arm-sony-linux-gnueabi-gcc -tarmv7a and cc understand -c and -o together... yes
checking for fork... yes
checking for setxattr... yes
checking for fdatasync... yes
checking for splice... yes
checking for vmsplice... yes
checking for utimensat... yes
checking for posix_fallocate... yes
checking for struct stat.st_atim... yes
checking for struct stat.st_atimespec... no
checking for library containing dlopen... -ldl
checking for library containing clock_gettime... -lrt
checking for ld used by GCC... arm-sony-linux-gnueabi-ld
checking if the linker (arm-sony-linux-gnueabi-ld) is GNU ld... yes
checking for shared library run path origin... done
checking for iconv... yes
checking for working iconv... guessing yes
checking for iconv declaration... 
         extern size_t iconv (iconv_t cd, char * *inbuf, size_t *inbytesleft, char * *outbuf, size_t *outbytesleft);
checking that generated files are newer than configure... done
configure: creating ./config.status
config.status: creating fuse.pc
config.status: creating Makefile
config.status: creating lib/Makefile
config.status: creating util/Makefile
config.status: creating example/Makefile
config.status: creating include/Makefile
config.status: creating doc/Makefile
config.status: creating include/config.h
config.status: executing depfiles commands
config.status: executing libtool commands
CDPATH="${ZSH_VERSION+.}:" && cd . && /bin/sh /home/rpmuser/rpm/BUILD/fuse-2.9.3/missing --run autoconf
Making all in include
make[1]: Entering directory `/home/rpmuser/rpm/BUILD/fuse-2.9.3/include'
make[2]: Entering directory `/home/rpmuser/rpm/BUILD/fuse-2.9.3'
CDPATH="${ZSH_VERSION+.}:" && cd . && /bin/sh /home/rpmuser/rpm/BUILD/fuse-2.9.3/missing --run autoconf
make[2]: Leaving directory `/home/rpmuser/rpm/BUILD/fuse-2.9.3'
cd .. && make  am--refresh
make[2]: Entering directory `/home/rpmuser/rpm/BUILD/fuse-2.9.3'
CDPATH="${ZSH_VERSION+.}:" && cd . && /bin/sh /home/rpmuser/rpm/BUILD/fuse-2.9.3/missing --run autoconf
make[2]: Leaving directory `/home/rpmuser/rpm/BUILD/fuse-2.9.3'
(CDPATH="${ZSH_VERSION+.}:" && cd .. && /bin/sh /home/rpmuser/rpm/BUILD/fuse-2.9.3/missing --run autoheader)
rm -f stamp-h1
touch config.h.in
cd .. && /bin/sh ./config.status include/config.h
config.status: creating include/config.h
make  all-am
make[2]: Entering directory `/home/rpmuser/rpm/BUILD/fuse-2.9.3/include'
make[3]: Entering directory `/home/rpmuser/rpm/BUILD/fuse-2.9.3'
CDPATH="${ZSH_VERSION+.}:" && cd . && /bin/sh /home/rpmuser/rpm/BUILD/fuse-2.9.3/missing --run autoconf
make[3]: Leaving directory `/home/rpmuser/rpm/BUILD/fuse-2.9.3'
cd .. && make  am--refresh
make[3]: Entering directory `/home/rpmuser/rpm/BUILD/fuse-2.9.3'
CDPATH="${ZSH_VERSION+.}:" && cd . && /bin/sh /home/rpmuser/rpm/BUILD/fuse-2.9.3/missing --run autoconf
make[3]: Leaving directory `/home/rpmuser/rpm/BUILD/fuse-2.9.3'
make[2]: Nothing to be done for `all-am'.
make[2]: Leaving directory `/home/rpmuser/rpm/BUILD/fuse-2.9.3/include'
make[1]: Leaving directory `/home/rpmuser/rpm/BUILD/fuse-2.9.3/include'
Making all in lib
make[1]: Entering directory `/home/rpmuser/rpm/BUILD/fuse-2.9.3/lib'
make[2]: Entering directory `/home/rpmuser/rpm/BUILD/fuse-2.9.3'
CDPATH="${ZSH_VERSION+.}:" && cd . && /bin/sh /home/rpmuser/rpm/BUILD/fuse-2.9.3/missing --run autoconf
make[2]: Leaving directory `/home/rpmuser/rpm/BUILD/fuse-2.9.3'
cd .. && make  am--refresh
make[2]: Entering directory `/home/rpmuser/rpm/BUILD/fuse-2.9.3'
CDPATH="${ZSH_VERSION+.}:" && cd . && /bin/sh /home/rpmuser/rpm/BUILD/fuse-2.9.3/missing --run autoconf
make[2]: Leaving directory `/home/rpmuser/rpm/BUILD/fuse-2.9.3'
  CC       fuse.lo
  CC       fuse_kern_chan.lo
  CC       fuse_loop.lo
  CC       fuse_loop_mt.lo
  CC       fuse_lowlevel.lo
  CC       fuse_mt.lo
  CC       fuse_opt.lo
  CC       fuse_session.lo
  CC       fuse_signals.lo
  CC       buffer.lo
  CC       cuse_lowlevel.lo
  CC       helper.lo
  CC       subdir.lo
  CC       iconv.lo
  CC       mount.lo
  CC       mount_util.lo
  CCLD     libfuse.la
  CC       ulockmgr.lo
  CCLD     libulockmgr.la
make[1]: Leaving directory `/home/rpmuser/rpm/BUILD/fuse-2.9.3/lib'
Making all in util
make[1]: Entering directory `/home/rpmuser/rpm/BUILD/fuse-2.9.3/util'
make[2]: Entering directory `/home/rpmuser/rpm/BUILD/fuse-2.9.3'
CDPATH="${ZSH_VERSION+.}:" && cd . && /bin/sh /home/rpmuser/rpm/BUILD/fuse-2.9.3/missing --run autoconf
make[2]: Leaving directory `/home/rpmuser/rpm/BUILD/fuse-2.9.3'
cd .. && make  am--refresh
make[2]: Entering directory `/home/rpmuser/rpm/BUILD/fuse-2.9.3'
CDPATH="${ZSH_VERSION+.}:" && cd . && /bin/sh /home/rpmuser/rpm/BUILD/fuse-2.9.3/missing --run autoconf
make[2]: Leaving directory `/home/rpmuser/rpm/BUILD/fuse-2.9.3'
make  all-am
make[2]: Entering directory `/home/rpmuser/rpm/BUILD/fuse-2.9.3/util'
make[3]: Entering directory `/home/rpmuser/rpm/BUILD/fuse-2.9.3'
CDPATH="${ZSH_VERSION+.}:" && cd . && /bin/sh /home/rpmuser/rpm/BUILD/fuse-2.9.3/missing --run autoconf
make[3]: Leaving directory `/home/rpmuser/rpm/BUILD/fuse-2.9.3'
cd .. && make  am--refresh
make[3]: Entering directory `/home/rpmuser/rpm/BUILD/fuse-2.9.3'
CDPATH="${ZSH_VERSION+.}:" && cd . && /bin/sh /home/rpmuser/rpm/BUILD/fuse-2.9.3/missing --run autoconf
make[3]: Leaving directory `/home/rpmuser/rpm/BUILD/fuse-2.9.3'
  CC       fusermount-fusermount.o
  CC       fusermount-mount_util.o
  CCLD     fusermount
  CC       ulockmgr_server-ulockmgr_server.o
  CCLD     ulockmgr_server
  CC       mount.fuse.o
  CCLD     mount.fuse
make[2]: Leaving directory `/home/rpmuser/rpm/BUILD/fuse-2.9.3/util'
make[1]: Leaving directory `/home/rpmuser/rpm/BUILD/fuse-2.9.3/util'
Making all in example
make[1]: Entering directory `/home/rpmuser/rpm/BUILD/fuse-2.9.3/example'
make[2]: Entering directory `/home/rpmuser/rpm/BUILD/fuse-2.9.3'
CDPATH="${ZSH_VERSION+.}:" && cd . && /bin/sh /home/rpmuser/rpm/BUILD/fuse-2.9.3/missing --run autoconf
make[2]: Leaving directory `/home/rpmuser/rpm/BUILD/fuse-2.9.3'
cd .. && make  am--refresh
make[2]: Entering directory `/home/rpmuser/rpm/BUILD/fuse-2.9.3'
CDPATH="${ZSH_VERSION+.}:" && cd . && /bin/sh /home/rpmuser/rpm/BUILD/fuse-2.9.3/missing --run autoconf
make[2]: Leaving directory `/home/rpmuser/rpm/BUILD/fuse-2.9.3'
  CC       fusexmp.o
  CCLD     fusexmp
  CC       fusexmp_fh.o
  CCLD     fusexmp_fh
  CC       null.o
  CCLD     null
  CC       hello.o
  CCLD     hello
  CC       hello_ll.o
  CCLD     hello_ll
  CC       fioc.o
  CCLD     fioc
  CC       fioclient-fioclient.o
  CCLD     fioclient
  CC       fsel.o
  CCLD     fsel
  CC       fselclient-fselclient.o
  CCLD     fselclient
  CC       cusexmp.o
  CCLD     cusexmp
make[1]: Leaving directory `/home/rpmuser/rpm/BUILD/fuse-2.9.3/example'
Making all in doc
make[1]: Entering directory `/home/rpmuser/rpm/BUILD/fuse-2.9.3/doc'
make[2]: Entering directory `/home/rpmuser/rpm/BUILD/fuse-2.9.3'
CDPATH="${ZSH_VERSION+.}:" && cd . && /bin/sh /home/rpmuser/rpm/BUILD/fuse-2.9.3/missing --run autoconf
make[2]: Leaving directory `/home/rpmuser/rpm/BUILD/fuse-2.9.3'
cd .. && make  am--refresh
make[2]: Entering directory `/home/rpmuser/rpm/BUILD/fuse-2.9.3'
CDPATH="${ZSH_VERSION+.}:" && cd . && /bin/sh /home/rpmuser/rpm/BUILD/fuse-2.9.3/missing --run autoconf
make[2]: Leaving directory `/home/rpmuser/rpm/BUILD/fuse-2.9.3'
make[1]: Nothing to be done for `all'.
make[1]: Leaving directory `/home/rpmuser/rpm/BUILD/fuse-2.9.3/doc'
make[1]: Entering directory `/home/rpmuser/rpm/BUILD/fuse-2.9.3'
CDPATH="${ZSH_VERSION+.}:" && cd . && /bin/sh /home/rpmuser/rpm/BUILD/fuse-2.9.3/missing --run autoconf
make[1]: Nothing to be done for `all-am'.
make[1]: Leaving directory `/home/rpmuser/rpm/BUILD/fuse-2.9.3'
Executing(%install): /bin/sh -e /home/rpmuser/rpm/tmp/rpm-tmp.bQEtjs
CDPATH="${ZSH_VERSION+.}:" && cd . && /bin/sh /home/rpmuser/rpm/BUILD/fuse-2.9.3/missing --run autoconf
Making install in include
make[1]: Entering directory `/home/rpmuser/rpm/BUILD/fuse-2.9.3/include'
make[2]: Entering directory `/home/rpmuser/rpm/BUILD/fuse-2.9.3'
CDPATH="${ZSH_VERSION+.}:" && cd . && /bin/sh /home/rpmuser/rpm/BUILD/fuse-2.9.3/missing --run autoconf
make[2]: Leaving directory `/home/rpmuser/rpm/BUILD/fuse-2.9.3'
cd .. && make  am--refresh
make[2]: Entering directory `/home/rpmuser/rpm/BUILD/fuse-2.9.3'
CDPATH="${ZSH_VERSION+.}:" && cd . && /bin/sh /home/rpmuser/rpm/BUILD/fuse-2.9.3/missing --run autoconf
make[2]: Leaving directory `/home/rpmuser/rpm/BUILD/fuse-2.9.3'
make[2]: Entering directory `/home/rpmuser/rpm/BUILD/fuse-2.9.3/include'
make[3]: Entering directory `/home/rpmuser/rpm/BUILD/fuse-2.9.3'
CDPATH="${ZSH_VERSION+.}:" && cd . && /bin/sh /home/rpmuser/rpm/BUILD/fuse-2.9.3/missing --run autoconf
make[3]: Leaving directory `/home/rpmuser/rpm/BUILD/fuse-2.9.3'
cd .. && make  am--refresh
make[3]: Entering directory `/home/rpmuser/rpm/BUILD/fuse-2.9.3'
CDPATH="${ZSH_VERSION+.}:" && cd . && /bin/sh /home/rpmuser/rpm/BUILD/fuse-2.9.3/missing --run autoconf
make[3]: Leaving directory `/home/rpmuser/rpm/BUILD/fuse-2.9.3'
make[2]: Nothing to be done for `install-exec-am'.
 /bin/mkdir -p '/home/rpmuser/rpm/BUILDROOT/sony-target-dev-fuse-2.9.3-11000001.x86_64/usr/local/arm-sony-linux-gnueabi/target/armv7a/tool//usr/include/fuse'
 /usr/bin/install -c -m 644 fuse.h fuse_compat.h fuse_common.h fuse_common_compat.h fuse_lowlevel.h fuse_lowlevel_compat.h fuse_opt.h cuse_lowlevel.h '/home/rpmuser/rpm/BUILDROOT/sony-target-dev-fuse-2.9.3-11000001.x86_64/usr/local/arm-sony-linux-gnueabi/target/armv7a/tool//usr/include/fuse'
 /bin/mkdir -p '/home/rpmuser/rpm/BUILDROOT/sony-target-dev-fuse-2.9.3-11000001.x86_64/usr/local/arm-sony-linux-gnueabi/target/armv7a/tool//usr/include'
 /usr/bin/install -c -m 644 old/fuse.h ulockmgr.h '/home/rpmuser/rpm/BUILDROOT/sony-target-dev-fuse-2.9.3-11000001.x86_64/usr/local/arm-sony-linux-gnueabi/target/armv7a/tool//usr/include'
make[2]: Leaving directory `/home/rpmuser/rpm/BUILD/fuse-2.9.3/include'
make[1]: Leaving directory `/home/rpmuser/rpm/BUILD/fuse-2.9.3/include'
Making install in lib
make[1]: Entering directory `/home/rpmuser/rpm/BUILD/fuse-2.9.3/lib'
make[2]: Entering directory `/home/rpmuser/rpm/BUILD/fuse-2.9.3'
CDPATH="${ZSH_VERSION+.}:" && cd . && /bin/sh /home/rpmuser/rpm/BUILD/fuse-2.9.3/missing --run autoconf
make[2]: Leaving directory `/home/rpmuser/rpm/BUILD/fuse-2.9.3'
cd .. && make  am--refresh
make[2]: Entering directory `/home/rpmuser/rpm/BUILD/fuse-2.9.3'
CDPATH="${ZSH_VERSION+.}:" && cd . && /bin/sh /home/rpmuser/rpm/BUILD/fuse-2.9.3/missing --run autoconf
make[2]: Leaving directory `/home/rpmuser/rpm/BUILD/fuse-2.9.3'
make[2]: Entering directory `/home/rpmuser/rpm/BUILD/fuse-2.9.3/lib'
make[3]: Entering directory `/home/rpmuser/rpm/BUILD/fuse-2.9.3'
CDPATH="${ZSH_VERSION+.}:" && cd . && /bin/sh /home/rpmuser/rpm/BUILD/fuse-2.9.3/missing --run autoconf
make[3]: Leaving directory `/home/rpmuser/rpm/BUILD/fuse-2.9.3'
cd .. && make  am--refresh
make[3]: Entering directory `/home/rpmuser/rpm/BUILD/fuse-2.9.3'
CDPATH="${ZSH_VERSION+.}:" && cd . && /bin/sh /home/rpmuser/rpm/BUILD/fuse-2.9.3/missing --run autoconf
make[3]: Leaving directory `/home/rpmuser/rpm/BUILD/fuse-2.9.3'
 /bin/mkdir -p '/home/rpmuser/rpm/BUILDROOT/sony-target-dev-fuse-2.9.3-11000001.x86_64/usr/local/arm-sony-linux-gnueabi/target/armv7a/usr/lib'
 /bin/sh ../libtool   --mode=install /usr/bin/install -c   libfuse.la libulockmgr.la '/home/rpmuser/rpm/BUILDROOT/sony-target-dev-fuse-2.9.3-11000001.x86_64/usr/local/arm-sony-linux-gnueabi/target/armv7a/usr/lib'
libtool: install: /usr/bin/install -c .libs/libfuse.so.2.9.3 /home/rpmuser/rpm/BUILDROOT/sony-target-dev-fuse-2.9.3-11000001.x86_64/usr/local/arm-sony-linux-gnueabi/target/armv7a/usr/lib/libfuse.so.2.9.3
libtool: install: (cd /home/rpmuser/rpm/BUILDROOT/sony-target-dev-fuse-2.9.3-11000001.x86_64/usr/local/arm-sony-linux-gnueabi/target/armv7a/usr/lib && { ln -s -f libfuse.so.2.9.3 libfuse.so.2 || { rm -f libfuse.so.2 && ln -s libfuse.so.2.9.3 libfuse.so.2; }; })
libtool: install: (cd /home/rpmuser/rpm/BUILDROOT/sony-target-dev-fuse-2.9.3-11000001.x86_64/usr/local/arm-sony-linux-gnueabi/target/armv7a/usr/lib && { ln -s -f libfuse.so.2.9.3 libfuse.so || { rm -f libfuse.so && ln -s libfuse.so.2.9.3 libfuse.so; }; })
libtool: install: /usr/bin/install -c .libs/libfuse.lai /home/rpmuser/rpm/BUILDROOT/sony-target-dev-fuse-2.9.3-11000001.x86_64/usr/local/arm-sony-linux-gnueabi/target/armv7a/usr/lib/libfuse.la
libtool: install: /usr/bin/install -c .libs/libulockmgr.so.1.0.1 /home/rpmuser/rpm/BUILDROOT/sony-target-dev-fuse-2.9.3-11000001.x86_64/usr/local/arm-sony-linux-gnueabi/target/armv7a/usr/lib/libulockmgr.so.1.0.1
libtool: install: (cd /home/rpmuser/rpm/BUILDROOT/sony-target-dev-fuse-2.9.3-11000001.x86_64/usr/local/arm-sony-linux-gnueabi/target/armv7a/usr/lib && { ln -s -f libulockmgr.so.1.0.1 libulockmgr.so.1 || { rm -f libulockmgr.so.1 && ln -s libulockmgr.so.1.0.1 libulockmgr.so.1; }; })
libtool: install: (cd /home/rpmuser/rpm/BUILDROOT/sony-target-dev-fuse-2.9.3-11000001.x86_64/usr/local/arm-sony-linux-gnueabi/target/armv7a/usr/lib && { ln -s -f libulockmgr.so.1.0.1 libulockmgr.so || { rm -f libulockmgr.so && ln -s libulockmgr.so.1.0.1 libulockmgr.so; }; })
libtool: install: /usr/bin/install -c .libs/libulockmgr.lai /home/rpmuser/rpm/BUILDROOT/sony-target-dev-fuse-2.9.3-11000001.x86_64/usr/local/arm-sony-linux-gnueabi/target/armv7a/usr/lib/libulockmgr.la
libtool: install: /usr/bin/install -c .libs/libfuse.a /home/rpmuser/rpm/BUILDROOT/sony-target-dev-fuse-2.9.3-11000001.x86_64/usr/local/arm-sony-linux-gnueabi/target/armv7a/usr/lib/libfuse.a
libtool: install: chmod 644 /home/rpmuser/rpm/BUILDROOT/sony-target-dev-fuse-2.9.3-11000001.x86_64/usr/local/arm-sony-linux-gnueabi/target/armv7a/usr/lib/libfuse.a
libtool: install: arm-sony-linux-gnueabi-ranlib /home/rpmuser/rpm/BUILDROOT/sony-target-dev-fuse-2.9.3-11000001.x86_64/usr/local/arm-sony-linux-gnueabi/target/armv7a/usr/lib/libfuse.a
libtool: install: /usr/bin/install -c .libs/libulockmgr.a /home/rpmuser/rpm/BUILDROOT/sony-target-dev-fuse-2.9.3-11000001.x86_64/usr/local/arm-sony-linux-gnueabi/target/armv7a/usr/lib/libulockmgr.a
libtool: install: chmod 644 /home/rpmuser/rpm/BUILDROOT/sony-target-dev-fuse-2.9.3-11000001.x86_64/usr/local/arm-sony-linux-gnueabi/target/armv7a/usr/lib/libulockmgr.a
libtool: install: arm-sony-linux-gnueabi-ranlib /home/rpmuser/rpm/BUILDROOT/sony-target-dev-fuse-2.9.3-11000001.x86_64/usr/local/arm-sony-linux-gnueabi/target/armv7a/usr/lib/libulockmgr.a
make[2]: Nothing to be done for `install-data-am'.
make[2]: Leaving directory `/home/rpmuser/rpm/BUILD/fuse-2.9.3/lib'
make[1]: Leaving directory `/home/rpmuser/rpm/BUILD/fuse-2.9.3/lib'
Making install in util
make[1]: Entering directory `/home/rpmuser/rpm/BUILD/fuse-2.9.3/util'
make[2]: Entering directory `/home/rpmuser/rpm/BUILD/fuse-2.9.3'
CDPATH="${ZSH_VERSION+.}:" && cd . && /bin/sh /home/rpmuser/rpm/BUILD/fuse-2.9.3/missing --run autoconf
make[2]: Leaving directory `/home/rpmuser/rpm/BUILD/fuse-2.9.3'
cd .. && make  am--refresh
make[2]: Entering directory `/home/rpmuser/rpm/BUILD/fuse-2.9.3'
CDPATH="${ZSH_VERSION+.}:" && cd . && /bin/sh /home/rpmuser/rpm/BUILD/fuse-2.9.3/missing --run autoconf
make[2]: Leaving directory `/home/rpmuser/rpm/BUILD/fuse-2.9.3'
make  install-am
make[2]: Entering directory `/home/rpmuser/rpm/BUILD/fuse-2.9.3/util'
make[3]: Entering directory `/home/rpmuser/rpm/BUILD/fuse-2.9.3'
CDPATH="${ZSH_VERSION+.}:" && cd . && /bin/sh /home/rpmuser/rpm/BUILD/fuse-2.9.3/missing --run autoconf
make[3]: Leaving directory `/home/rpmuser/rpm/BUILD/fuse-2.9.3'
cd .. && make  am--refresh
make[3]: Entering directory `/home/rpmuser/rpm/BUILD/fuse-2.9.3'
CDPATH="${ZSH_VERSION+.}:" && cd . && /bin/sh /home/rpmuser/rpm/BUILD/fuse-2.9.3/missing --run autoconf
make[3]: Leaving directory `/home/rpmuser/rpm/BUILD/fuse-2.9.3'
make[3]: Entering directory `/home/rpmuser/rpm/BUILD/fuse-2.9.3/util'
make[4]: Entering directory `/home/rpmuser/rpm/BUILD/fuse-2.9.3'
CDPATH="${ZSH_VERSION+.}:" && cd . && /bin/sh /home/rpmuser/rpm/BUILD/fuse-2.9.3/missing --run autoconf
make[4]: Leaving directory `/home/rpmuser/rpm/BUILD/fuse-2.9.3'
cd .. && make  am--refresh
make[4]: Entering directory `/home/rpmuser/rpm/BUILD/fuse-2.9.3'
CDPATH="${ZSH_VERSION+.}:" && cd . && /bin/sh /home/rpmuser/rpm/BUILD/fuse-2.9.3/missing --run autoconf
make[4]: Leaving directory `/home/rpmuser/rpm/BUILD/fuse-2.9.3'
 /bin/mkdir -p '/home/rpmuser/rpm/BUILDROOT/sony-target-dev-fuse-2.9.3-11000001.x86_64/usr/local/arm-sony-linux-gnueabi/target/armv7a/usr/bin'
  /bin/sh ../libtool   --mode=install /usr/bin/install -c fusermount ulockmgr_server '/home/rpmuser/rpm/BUILDROOT/sony-target-dev-fuse-2.9.3-11000001.x86_64/usr/local/arm-sony-linux-gnueabi/target/armv7a/usr/bin'
libtool: install: /usr/bin/install -c fusermount /home/rpmuser/rpm/BUILDROOT/sony-target-dev-fuse-2.9.3-11000001.x86_64/usr/local/arm-sony-linux-gnueabi/target/armv7a/usr/bin/fusermount
libtool: install: /usr/bin/install -c ulockmgr_server /home/rpmuser/rpm/BUILDROOT/sony-target-dev-fuse-2.9.3-11000001.x86_64/usr/local/arm-sony-linux-gnueabi/target/armv7a/usr/bin/ulockmgr_server
/bin/mkdir -p /home/rpmuser/rpm/BUILDROOT/sony-target-dev-fuse-2.9.3-11000001.x86_64/usr/local/arm-sony-linux-gnueabi/target/armv7a/usr/sbin
/usr/bin/install -c ./mount.fuse /home/rpmuser/rpm/BUILDROOT/sony-target-dev-fuse-2.9.3-11000001.x86_64/usr/local/arm-sony-linux-gnueabi/target/armv7a/usr/sbin/mount.fuse
/bin/mkdir -p /home/rpmuser/rpm/BUILDROOT/sony-target-dev-fuse-2.9.3-11000001.x86_64/usr/local/arm-sony-linux-gnueabi/target/armv7a/etc/init.d
/usr/bin/install -c ./init_script /home/rpmuser/rpm/BUILDROOT/sony-target-dev-fuse-2.9.3-11000001.x86_64/usr/local/arm-sony-linux-gnueabi/target/armv7a/etc/init.d/fuse
/usr/sbin/update-rc.d fuse start 34 S . start 41 0 6 . || true
make  install-exec-hook
make[4]: Entering directory `/home/rpmuser/rpm/BUILD/fuse-2.9.3/util'
make[5]: Entering directory `/home/rpmuser/rpm/BUILD/fuse-2.9.3'
CDPATH="${ZSH_VERSION+.}:" && cd . && /bin/sh /home/rpmuser/rpm/BUILD/fuse-2.9.3/missing --run autoconf
make[5]: Leaving directory `/home/rpmuser/rpm/BUILD/fuse-2.9.3'
cd .. && make  am--refresh
make[5]: Entering directory `/home/rpmuser/rpm/BUILD/fuse-2.9.3'
CDPATH="${ZSH_VERSION+.}:" && cd . && /bin/sh /home/rpmuser/rpm/BUILD/fuse-2.9.3/missing --run autoconf
make[5]: Leaving directory `/home/rpmuser/rpm/BUILD/fuse-2.9.3'
chmod u+s /home/rpmuser/rpm/BUILDROOT/sony-target-dev-fuse-2.9.3-11000001.x86_64/usr/local/arm-sony-linux-gnueabi/target/armv7a/usr/bin/fusermount
mknod /home/rpmuser/rpm/BUILDROOT/sony-target-dev-fuse-2.9.3-11000001.x86_64/usr/local/arm-sony-linux-gnueabi/target/armv7a/dev/fuse -m 0666 c 10 229 || true
make[4]: Leaving directory `/home/rpmuser/rpm/BUILD/fuse-2.9.3/util'
/bin/mkdir -p /home/rpmuser/rpm/BUILDROOT/sony-target-dev-fuse-2.9.3-11000001.x86_64/usr/local/arm-sony-linux-gnueabi/target/armv7a/etc/udev/rules.d
/usr/bin/install -c -m 644 ./udev.rules /home/rpmuser/rpm/BUILDROOT/sony-target-dev-fuse-2.9.3-11000001.x86_64/usr/local/arm-sony-linux-gnueabi/target/armv7a/etc/udev/rules.d/99-fuse.rules
make[3]: Leaving directory `/home/rpmuser/rpm/BUILD/fuse-2.9.3/util'
make[2]: Leaving directory `/home/rpmuser/rpm/BUILD/fuse-2.9.3/util'
make[1]: Leaving directory `/home/rpmuser/rpm/BUILD/fuse-2.9.3/util'
Making install in example
make[1]: Entering directory `/home/rpmuser/rpm/BUILD/fuse-2.9.3/example'
make[2]: Entering directory `/home/rpmuser/rpm/BUILD/fuse-2.9.3'
CDPATH="${ZSH_VERSION+.}:" && cd . && /bin/sh /home/rpmuser/rpm/BUILD/fuse-2.9.3/missing --run autoconf
make[2]: Leaving directory `/home/rpmuser/rpm/BUILD/fuse-2.9.3'
cd .. && make  am--refresh
make[2]: Entering directory `/home/rpmuser/rpm/BUILD/fuse-2.9.3'
CDPATH="${ZSH_VERSION+.}:" && cd . && /bin/sh /home/rpmuser/rpm/BUILD/fuse-2.9.3/missing --run autoconf
make[2]: Leaving directory `/home/rpmuser/rpm/BUILD/fuse-2.9.3'
make[2]: Entering directory `/home/rpmuser/rpm/BUILD/fuse-2.9.3/example'
make[3]: Entering directory `/home/rpmuser/rpm/BUILD/fuse-2.9.3'
CDPATH="${ZSH_VERSION+.}:" && cd . && /bin/sh /home/rpmuser/rpm/BUILD/fuse-2.9.3/missing --run autoconf
make[3]: Leaving directory `/home/rpmuser/rpm/BUILD/fuse-2.9.3'
cd .. && make  am--refresh
make[3]: Entering directory `/home/rpmuser/rpm/BUILD/fuse-2.9.3'
CDPATH="${ZSH_VERSION+.}:" && cd . && /bin/sh /home/rpmuser/rpm/BUILD/fuse-2.9.3/missing --run autoconf
make[3]: Leaving directory `/home/rpmuser/rpm/BUILD/fuse-2.9.3'
make[2]: Nothing to be done for `install-exec-am'.
make[2]: Nothing to be done for `install-data-am'.
make[2]: Leaving directory `/home/rpmuser/rpm/BUILD/fuse-2.9.3/example'
make[1]: Leaving directory `/home/rpmuser/rpm/BUILD/fuse-2.9.3/example'
Making install in doc
make[1]: Entering directory `/home/rpmuser/rpm/BUILD/fuse-2.9.3/doc'
make[2]: Entering directory `/home/rpmuser/rpm/BUILD/fuse-2.9.3'
CDPATH="${ZSH_VERSION+.}:" && cd . && /bin/sh /home/rpmuser/rpm/BUILD/fuse-2.9.3/missing --run autoconf
make[2]: Leaving directory `/home/rpmuser/rpm/BUILD/fuse-2.9.3'
cd .. && make  am--refresh
make[2]: Entering directory `/home/rpmuser/rpm/BUILD/fuse-2.9.3'
CDPATH="${ZSH_VERSION+.}:" && cd . && /bin/sh /home/rpmuser/rpm/BUILD/fuse-2.9.3/missing --run autoconf
make[2]: Leaving directory `/home/rpmuser/rpm/BUILD/fuse-2.9.3'
make[2]: Entering directory `/home/rpmuser/rpm/BUILD/fuse-2.9.3/doc'
make[3]: Entering directory `/home/rpmuser/rpm/BUILD/fuse-2.9.3'
CDPATH="${ZSH_VERSION+.}:" && cd . && /bin/sh /home/rpmuser/rpm/BUILD/fuse-2.9.3/missing --run autoconf
make[3]: Leaving directory `/home/rpmuser/rpm/BUILD/fuse-2.9.3'
cd .. && make  am--refresh
make[3]: Entering directory `/home/rpmuser/rpm/BUILD/fuse-2.9.3'
CDPATH="${ZSH_VERSION+.}:" && cd . && /bin/sh /home/rpmuser/rpm/BUILD/fuse-2.9.3/missing --run autoconf
make[3]: Leaving directory `/home/rpmuser/rpm/BUILD/fuse-2.9.3'
make[2]: Nothing to be done for `install-exec-am'.
 /bin/mkdir -p '/home/rpmuser/rpm/BUILDROOT/sony-target-dev-fuse-2.9.3-11000001.x86_64/usr/local/arm-sony-linux-gnueabi/target/armv7a/usr/share/man/man1'
 /usr/bin/install -c -m 644 fusermount.1 ulockmgr_server.1 '/home/rpmuser/rpm/BUILDROOT/sony-target-dev-fuse-2.9.3-11000001.x86_64/usr/local/arm-sony-linux-gnueabi/target/armv7a/usr/share/man/man1'
 /bin/mkdir -p '/home/rpmuser/rpm/BUILDROOT/sony-target-dev-fuse-2.9.3-11000001.x86_64/usr/local/arm-sony-linux-gnueabi/target/armv7a/usr/share/man/man8'
 /usr/bin/install -c -m 644 mount.fuse.8 '/home/rpmuser/rpm/BUILDROOT/sony-target-dev-fuse-2.9.3-11000001.x86_64/usr/local/arm-sony-linux-gnueabi/target/armv7a/usr/share/man/man8'
make[2]: Leaving directory `/home/rpmuser/rpm/BUILD/fuse-2.9.3/doc'
make[1]: Leaving directory `/home/rpmuser/rpm/BUILD/fuse-2.9.3/doc'
make[1]: Entering directory `/home/rpmuser/rpm/BUILD/fuse-2.9.3'
CDPATH="${ZSH_VERSION+.}:" && cd . && /bin/sh /home/rpmuser/rpm/BUILD/fuse-2.9.3/missing --run autoconf
make[2]: Entering directory `/home/rpmuser/rpm/BUILD/fuse-2.9.3'
CDPATH="${ZSH_VERSION+.}:" && cd . && /bin/sh /home/rpmuser/rpm/BUILD/fuse-2.9.3/missing --run autoconf
make[2]: Nothing to be done for `install-exec-am'.
 /bin/mkdir -p '/home/rpmuser/rpm/BUILDROOT/sony-target-dev-fuse-2.9.3-11000001.x86_64/usr/local/arm-sony-linux-gnueabi/target/armv7a/usr/lib/pkgconfig'
 /usr/bin/install -c -m 644 fuse.pc '/home/rpmuser/rpm/BUILDROOT/sony-target-dev-fuse-2.9.3-11000001.x86_64/usr/local/arm-sony-linux-gnueabi/target/armv7a/usr/lib/pkgconfig'
make[2]: Leaving directory `/home/rpmuser/rpm/BUILD/fuse-2.9.3'
make[1]: Leaving directory `/home/rpmuser/rpm/BUILD/fuse-2.9.3'
Preparing libtool libraries for cross-compilation: /home/rpmuser/rpm/BUILDROOT/sony-target-dev-fuse-2.9.3-11000001.x86_64/usr/local/arm-sony-linux-gnueabi/target/armv7a/usr/lib/libulockmgr.la /home/rpmuser/rpm/BUILDROOT/sony-target-dev-fuse-2.9.3-11000001.x86_64/usr/local/arm-sony-linux-gnueabi/target/armv7a/usr/lib/libfuse.la ... complete.
Processing files: arm-sony-linux-gnueabi-armv7a-dev-fuse-2.9.3-11000001.arm
Checking for unpackaged file(s): /usr/lib/rpm/check-files /home/rpmuser/rpm/BUILDROOT/sony-target-dev-fuse-2.9.3-11000001.x86_64
Wrote: /home/rpmuser/rpm/SRPMS/sony-target-dev-fuse-2.9.3-11000001.src.rpm
Wrote: /home/rpmuser/rpm/RPMS/arm/arm-sony-linux-gnueabi-armv7a-dev-fuse-2.9.3-11000001.arm.rpm
Executing(%clean): /bin/sh -e /home/rpmuser/rpm/tmp/rpm-tmp.Zoa8Sq
