RPM Package building for Sony CE Linux 11.0
Building target platforms: arm-sony-linux
Building for target arm-sony-linux
Executing(%prep): /bin/sh -e /home/rpmuser/rpm/tmp/rpm-tmp.Z95YqZ
lsof_4.87_src/
lsof_4.87_src/00.README.FIRST
lsof_4.87_src/00CREDITS
lsof_4.87_src/00DCACHE
lsof_4.87_src/00DIALECTS
lsof_4.87_src/00DIST
lsof_4.87_src/00FAQ
lsof_4.87_src/00LSOF-L
lsof_4.87_src/00MANIFEST
lsof_4.87_src/00PORTING
lsof_4.87_src/00QUICKSTART
lsof_4.87_src/00README
lsof_4.87_src/00TEST
lsof_4.87_src/00XCONFIG
lsof_4.87_src/AFSConfig
lsof_4.87_src/ChangeLog
lsof_4.87_src/Configure
lsof_4.87_src/Customize
lsof_4.87_src/Inventory
lsof_4.87_src/dialects/
lsof_4.87_src/dialects/n+os/
lsof_4.87_src/dialects/n+os/dnode.c
lsof_4.87_src/dialects/n+os/dnode1.c
lsof_4.87_src/dialects/n+os/Mksrc
lsof_4.87_src/dialects/n+os/dproc.c
lsof_4.87_src/dialects/n+os/dproto.h
lsof_4.87_src/dialects/n+os/dstore.c
lsof_4.87_src/dialects/n+os/Makefile
lsof_4.87_src/dialects/n+os/dlsof.h
lsof_4.87_src/dialects/n+os/dsock.c
lsof_4.87_src/dialects/n+os/machine.h
lsof_4.87_src/dialects/darwin/
lsof_4.87_src/dialects/darwin/libproc/
lsof_4.87_src/dialects/darwin/libproc/dproc.c
lsof_4.87_src/dialects/darwin/libproc/dfile.c
lsof_4.87_src/dialects/darwin/libproc/dproto.h
lsof_4.87_src/dialects/darwin/libproc/Makefile
lsof_4.87_src/dialects/darwin/libproc/Mksrc
lsof_4.87_src/dialects/darwin/libproc/dmnt.c
lsof_4.87_src/dialects/darwin/libproc/machine.h
lsof_4.87_src/dialects/darwin/libproc/dsock.c
lsof_4.87_src/dialects/darwin/libproc/dlsof.h
lsof_4.87_src/dialects/darwin/libproc/dstore.c
lsof_4.87_src/dialects/darwin/libproc/ddev.c
lsof_4.87_src/dialects/darwin/kmem/
lsof_4.87_src/dialects/darwin/kmem/ddev.c
lsof_4.87_src/dialects/darwin/kmem/dnode.c
lsof_4.87_src/dialects/darwin/kmem/Mksrc
lsof_4.87_src/dialects/darwin/kmem/machine.h
lsof_4.87_src/dialects/darwin/kmem/dlsof.h
lsof_4.87_src/dialects/darwin/kmem/dmnt.c
lsof_4.87_src/dialects/darwin/kmem/dnode1.c
lsof_4.87_src/dialects/darwin/kmem/dproc.c
lsof_4.87_src/dialects/darwin/kmem/dproto.h
lsof_4.87_src/dialects/darwin/kmem/dsock.c
lsof_4.87_src/dialects/darwin/kmem/dstore.c
lsof_4.87_src/dialects/darwin/kmem/Makefile
lsof_4.87_src/dialects/darwin/kmem/dfile.c
lsof_4.87_src/dialects/darwin/get-hdr-loc.sh
lsof_4.87_src/dialects/aix/
lsof_4.87_src/dialects/aix/aix5/
lsof_4.87_src/dialects/aix/aix5/j2/
lsof_4.87_src/dialects/aix/aix5/j2/j2_lock.h
lsof_4.87_src/dialects/aix/aix5/j2/private_j2_snapshot.h
lsof_4.87_src/dialects/aix/aix5/README
lsof_4.87_src/dialects/aix/machine.h
lsof_4.87_src/dialects/aix/dnode1.c
lsof_4.87_src/dialects/aix/dstore.c
lsof_4.87_src/dialects/aix/ddev.c
lsof_4.87_src/dialects/aix/dproto.h
lsof_4.87_src/dialects/aix/dmnt.c
lsof_4.87_src/dialects/aix/Makefile
lsof_4.87_src/dialects/aix/Mksrc
lsof_4.87_src/dialects/aix/dproc.c
lsof_4.87_src/dialects/aix/dlsof.h
lsof_4.87_src/dialects/aix/dnode.c
lsof_4.87_src/dialects/aix/dfile.c
lsof_4.87_src/dialects/aix/dnode2.c
lsof_4.87_src/dialects/aix/dsock.c
lsof_4.87_src/dialects/sun/
lsof_4.87_src/dialects/sun/dsock.c
lsof_4.87_src/dialects/sun/dnode.c
lsof_4.87_src/dialects/sun/dlsof.h
lsof_4.87_src/dialects/sun/dnode1.c
lsof_4.87_src/dialects/sun/dproc.c
lsof_4.87_src/dialects/sun/solaris_kaddr_filters
lsof_4.87_src/dialects/sun/Mksrc
lsof_4.87_src/dialects/sun/Makefile
lsof_4.87_src/dialects/sun/dmnt.c
lsof_4.87_src/dialects/sun/dstore.c
lsof_4.87_src/dialects/sun/dnode2.c
lsof_4.87_src/dialects/sun/machine.h
lsof_4.87_src/dialects/sun/ddev.c
lsof_4.87_src/dialects/sun/dfile.c
lsof_4.87_src/dialects/sun/dproto.h
lsof_4.87_src/dialects/freebsd/
lsof_4.87_src/dialects/freebsd/include/
lsof_4.87_src/dialects/freebsd/include/procfs/
lsof_4.87_src/dialects/freebsd/include/procfs/pfsnode.h
lsof_4.87_src/dialects/freebsd/dnode2.c
lsof_4.87_src/dialects/freebsd/dlsof.h
lsof_4.87_src/dialects/freebsd/machine.h
lsof_4.87_src/dialects/freebsd/dproc.c
lsof_4.87_src/dialects/freebsd/dsock.c
lsof_4.87_src/dialects/freebsd/dproto.h
lsof_4.87_src/dialects/freebsd/Makefile.zfs
lsof_4.87_src/dialects/freebsd/dstore.c
lsof_4.87_src/dialects/freebsd/dmnt.c
lsof_4.87_src/dialects/freebsd/dzfs.h
lsof_4.87_src/dialects/freebsd/Mksrc
lsof_4.87_src/dialects/freebsd/Makefile
lsof_4.87_src/dialects/freebsd/dnode.c
lsof_4.87_src/dialects/freebsd/dnode1.c
lsof_4.87_src/dialects/hpux/
lsof_4.87_src/dialects/hpux/pstat/
lsof_4.87_src/dialects/hpux/pstat/dproc.c
lsof_4.87_src/dialects/hpux/pstat/dlsof.h
lsof_4.87_src/dialects/hpux/pstat/dfile.c
lsof_4.87_src/dialects/hpux/pstat/Mksrc
lsof_4.87_src/dialects/hpux/pstat/Makefile
lsof_4.87_src/dialects/hpux/pstat/dstore.c
lsof_4.87_src/dialects/hpux/pstat/dproto.h
lsof_4.87_src/dialects/hpux/pstat/machine.h
lsof_4.87_src/dialects/hpux/pstat/dsock.c
lsof_4.87_src/dialects/hpux/kmem/
lsof_4.87_src/dialects/hpux/kmem/hpux11/
lsof_4.87_src/dialects/hpux/kmem/hpux11/proc.h
lsof_4.87_src/dialects/hpux/kmem/hpux11/tcp_s.h
lsof_4.87_src/dialects/hpux/kmem/hpux11/rnode.h
lsof_4.87_src/dialects/hpux/kmem/hpux11/vnode.h
lsof_4.87_src/dialects/hpux/kmem/hpux11/kernbits.h
lsof_4.87_src/dialects/hpux/kmem/hpux11/nfs_clnt.h
lsof_4.87_src/dialects/hpux/kmem/hpux11/lla.h
lsof_4.87_src/dialects/hpux/kmem/hpux11/sth.h
lsof_4.87_src/dialects/hpux/kmem/hpux11/ipc_s.h
lsof_4.87_src/dialects/hpux/kmem/hpux11/udp_s.h
lsof_4.87_src/dialects/hpux/kmem/dproc.c
lsof_4.87_src/dialects/hpux/kmem/dstore.c
lsof_4.87_src/dialects/hpux/kmem/dsock.c
lsof_4.87_src/dialects/hpux/kmem/dnode2.c
lsof_4.87_src/dialects/hpux/kmem/Makefile
lsof_4.87_src/dialects/hpux/kmem/Mksrc
lsof_4.87_src/dialects/hpux/kmem/dfile.c
lsof_4.87_src/dialects/hpux/kmem/dmnt.c
lsof_4.87_src/dialects/hpux/kmem/dnode1.c
lsof_4.87_src/dialects/hpux/kmem/dproto.h
lsof_4.87_src/dialects/hpux/kmem/machine.h
lsof_4.87_src/dialects/hpux/kmem/dnode.c
lsof_4.87_src/dialects/hpux/kmem/dlsof.h
lsof_4.87_src/dialects/linux/
lsof_4.87_src/dialects/linux/machine.h
lsof_4.87_src/dialects/linux/Makefile
lsof_4.87_src/dialects/linux/dproc.c
lsof_4.87_src/dialects/linux/dproto.h
lsof_4.87_src/dialects/linux/Mksrc
lsof_4.87_src/dialects/linux/dmnt.c
lsof_4.87_src/dialects/linux/dfile.c
lsof_4.87_src/dialects/linux/dlsof.h
lsof_4.87_src/dialects/linux/dsock.c
lsof_4.87_src/dialects/linux/dnode.c
lsof_4.87_src/dialects/linux/dstore.c
lsof_4.87_src/dialects/n+obsd/
lsof_4.87_src/dialects/n+obsd/dnode1.c
lsof_4.87_src/dialects/n+obsd/dstore.c
lsof_4.87_src/dialects/n+obsd/dproc.c
lsof_4.87_src/dialects/n+obsd/dproto.h
lsof_4.87_src/dialects/n+obsd/machine.h
lsof_4.87_src/dialects/n+obsd/Mksrc
lsof_4.87_src/dialects/n+obsd/Makefile
lsof_4.87_src/dialects/n+obsd/dlsof.h
lsof_4.87_src/dialects/n+obsd/dsock.c
lsof_4.87_src/dialects/n+obsd/dmnt.c
lsof_4.87_src/dialects/n+obsd/dnode.c
lsof_4.87_src/dialects/du/
lsof_4.87_src/dialects/du/dlsof.h
lsof_4.87_src/dialects/du/machine.h
lsof_4.87_src/dialects/du/dnode.c
lsof_4.87_src/dialects/du/ddev.c
lsof_4.87_src/dialects/du/dsock.c
lsof_4.87_src/dialects/du/dmnt.c
lsof_4.87_src/dialects/du/dproc.c
lsof_4.87_src/dialects/du/Mksrc
lsof_4.87_src/dialects/du/dstore.c
lsof_4.87_src/dialects/du/dproto.h
lsof_4.87_src/dialects/du/dfile.c
lsof_4.87_src/dialects/du/Makefile
lsof_4.87_src/dialects/osr/
lsof_4.87_src/dialects/osr/include/
lsof_4.87_src/dialects/osr/include/sys/
lsof_4.87_src/dialects/osr/include/sys/cdefs.h
lsof_4.87_src/dialects/osr/include/netdb.h
lsof_4.87_src/dialects/osr/dnode.c
lsof_4.87_src/dialects/osr/machine.h
lsof_4.87_src/dialects/osr/dmnt.c
lsof_4.87_src/dialects/osr/dsock.c
lsof_4.87_src/dialects/osr/dlsof.h
lsof_4.87_src/dialects/osr/Mksrc
lsof_4.87_src/dialects/osr/dstore.c
lsof_4.87_src/dialects/osr/dfile.c
lsof_4.87_src/dialects/osr/Makefile
lsof_4.87_src/dialects/osr/dproto.h
lsof_4.87_src/dialects/osr/dproc.c
lsof_4.87_src/dialects/uw/
lsof_4.87_src/dialects/uw/uw7/
lsof_4.87_src/dialects/uw/uw7/vm/
lsof_4.87_src/dialects/uw/uw7/sys/
lsof_4.87_src/dialects/uw/uw7/sys/fs/
lsof_4.87_src/dialects/uw/uw7/sys/fs/namenode.h
lsof_4.87_src/dialects/uw/uw7/sys/fs/fifonode.h
lsof_4.87_src/dialects/uw/uw7/sys/fs/README
lsof_4.87_src/dialects/uw/uw7/fs/
lsof_4.87_src/dialects/uw/uw7/fs/procfs/
lsof_4.87_src/dialects/uw/uw7/fs/procfs/prdata.h
lsof_4.87_src/dialects/uw/uw7/fs/procfs/README
lsof_4.87_src/dialects/uw/uw7/fs/nsc_cfs/
lsof_4.87_src/dialects/uw/uw7/fs/nsc_cfs/cnode.h
lsof_4.87_src/dialects/uw/uw7/README
lsof_4.87_src/dialects/uw/Makefile
lsof_4.87_src/dialects/uw/dmnt.c
lsof_4.87_src/dialects/uw/dnode1.c
lsof_4.87_src/dialects/uw/machine.h
lsof_4.87_src/dialects/uw/dnode2.c
lsof_4.87_src/dialects/uw/dnode3.c
lsof_4.87_src/dialects/uw/dsock.c
lsof_4.87_src/dialects/uw/dnode.c
lsof_4.87_src/dialects/uw/Mksrc
lsof_4.87_src/dialects/uw/dfile.c
lsof_4.87_src/dialects/uw/dstore.c
lsof_4.87_src/dialects/uw/dproc.c
lsof_4.87_src/dialects/uw/dproto.h
lsof_4.87_src/dialects/uw/dlsof.h
lsof_4.87_src/arg.c
lsof_4.87_src/lib/
lsof_4.87_src/lib/rdev.c
lsof_4.87_src/lib/ptti.c
lsof_4.87_src/lib/rnch.c
lsof_4.87_src/lib/prfp.c
lsof_4.87_src/lib/dvch.c
lsof_4.87_src/lib/lkud.c
lsof_4.87_src/lib/regex.c
lsof_4.87_src/lib/pdvn.c
lsof_4.87_src/lib/rnmh.c
lsof_4.87_src/lib/fino.c
lsof_4.87_src/lib/rnam.c
lsof_4.87_src/lib/isfn.c
lsof_4.87_src/lib/snpf.c
lsof_4.87_src/lib/cvfs.c
lsof_4.87_src/lib/rmnt.c
lsof_4.87_src/lib/ckkv.c
lsof_4.87_src/lib/Makefile.skel
lsof_4.87_src/lsof.h
lsof_4.87_src/lsof_fields.h
lsof_4.87_src/main.c
lsof_4.87_src/misc.c
lsof_4.87_src/node.c
lsof_4.87_src/print.c
lsof_4.87_src/proc.c
lsof_4.87_src/proto.h
lsof_4.87_src/regex.h
lsof_4.87_src/scripts/
lsof_4.87_src/scripts/sort_res.perl5
lsof_4.87_src/scripts/00MANIFEST
lsof_4.87_src/scripts/list_fields.awk
lsof_4.87_src/scripts/idrlogin.perl
lsof_4.87_src/scripts/count_pf.perl5
lsof_4.87_src/scripts/watch_a_file.perl
lsof_4.87_src/scripts/00README
lsof_4.87_src/scripts/list_NULf.perl5
lsof_4.87_src/scripts/list_fields.perl
lsof_4.87_src/scripts/count_pf.perl
lsof_4.87_src/scripts/xusers.awk
lsof_4.87_src/scripts/identd.perl5
lsof_4.87_src/scripts/shared.perl5
lsof_4.87_src/scripts/big_brother.perl5
lsof_4.87_src/scripts/idrlogin.perl5
lsof_4.87_src/store.c
lsof_4.87_src/tests/
lsof_4.87_src/tests/LTnlink.c
lsof_4.87_src/tests/LTnfs.c
lsof_4.87_src/tests/LTunix.c
lsof_4.87_src/tests/TestDB
lsof_4.87_src/tests/LTbigf.c
lsof_4.87_src/tests/LTlib.c
lsof_4.87_src/tests/LTbasic.c
lsof_4.87_src/tests/Makefile
lsof_4.87_src/tests/LTdnlc.c
lsof_4.87_src/tests/LTlock.c
lsof_4.87_src/tests/LsofTest.h
lsof_4.87_src/tests/LTszoff.c
lsof_4.87_src/tests/LTsock.c
lsof_4.87_src/tests/00README
lsof_4.87_src/tests/Add2TestDB
lsof_4.87_src/tests/CkTestDB
lsof_4.87_src/usage.c
lsof_4.87_src/util.c
lsof_4.87_src/version
lsof_4.87_src/lsof.8
lsof_4.87_src/lsof.man
Executing(%build): /bin/sh -e /home/rpmuser/rpm/tmp/rpm-tmp.4saJDX
Testing C library type with cc ... done
The C library type is glibc, version "-DGLIBCV=215".
rm -f ddev.c dfile.c dlsof.h dmnt.c dnode*.c dproc.c dproto.h dsock.c dstore.c dzfs.h kernelbase.h machine.h machine.h.old new_machine.h __lseek.s Makefile Makefile.zfs ./tests/config.cflags
rm -f ./tests/config.cc ./tests/config.xobj ./tests/config.ldflags
Testing C library for localtime() and strftime(), using cc ... present
ln -s dialects/linux/dfile.c dfile.c
ln -s dialects/linux/dlsof.h dlsof.h
ln -s dialects/linux/dmnt.c dmnt.c
ln -s dialects/linux/dnode.c dnode.c
ln -s dialects/linux/dproc.c dproc.c
ln -s dialects/linux/dproto.h dproto.h
ln -s dialects/linux/dsock.c dsock.c
ln -s dialects/linux/dstore.c dstore.c
ln -s dialects/linux/machine.h machine.h
Makefile and lib/Makefile created.
./tests/config.cc created
./tests/config.cflags created
./tests/config.ldflags created
./tests/config.xobj created
(cd lib; make DEBUG="-O" CFGF="-DLINUXV=22016 -DGLIBCV=215 -DHASNORPC_H -D_FILE_OFFSET_BITS=64 -D_LARGEFILE64_SOURCE -DHAS_STRFTIME -DLSOF_VSTR=\"3.2.53\"")
make[1]: Entering directory `/home/rpmuser/rpm/BUILD/lsof_4.87/lsof_4.87_src/lib'
arm-sony-linux-gnueabi-gcc -tarmv7a  -DLINUXV=22016 -DGLIBCV=215 -DHASNORPC_H -D_FILE_OFFSET_BITS=64 -D_LARGEFILE64_SOURCE -DHAS_STRFTIME -DLSOF_VSTR="3.2.53" -I/usr/local/arm-sony-linux-gnueabi/cross/target/tool//usr/include -O   -c -o ckkv.o ckkv.c
arm-sony-linux-gnueabi-gcc -tarmv7a  -DLINUXV=22016 -DGLIBCV=215 -DHASNORPC_H -D_FILE_OFFSET_BITS=64 -D_LARGEFILE64_SOURCE -DHAS_STRFTIME -DLSOF_VSTR="3.2.53" -I/usr/local/arm-sony-linux-gnueabi/cross/target/tool//usr/include -O   -c -o cvfs.o cvfs.c
arm-sony-linux-gnueabi-gcc -tarmv7a  -DLINUXV=22016 -DGLIBCV=215 -DHASNORPC_H -D_FILE_OFFSET_BITS=64 -D_LARGEFILE64_SOURCE -DHAS_STRFTIME -DLSOF_VSTR="3.2.53" -I/usr/local/arm-sony-linux-gnueabi/cross/target/tool//usr/include -O   -c -o dvch.o dvch.c
arm-sony-linux-gnueabi-gcc -tarmv7a  -DLINUXV=22016 -DGLIBCV=215 -DHASNORPC_H -D_FILE_OFFSET_BITS=64 -D_LARGEFILE64_SOURCE -DHAS_STRFTIME -DLSOF_VSTR="3.2.53" -I/usr/local/arm-sony-linux-gnueabi/cross/target/tool//usr/include -O   -c -o fino.o fino.c
arm-sony-linux-gnueabi-gcc -tarmv7a  -DLINUXV=22016 -DGLIBCV=215 -DHASNORPC_H -D_FILE_OFFSET_BITS=64 -D_LARGEFILE64_SOURCE -DHAS_STRFTIME -DLSOF_VSTR="3.2.53" -I/usr/local/arm-sony-linux-gnueabi/cross/target/tool//usr/include -O   -c -o isfn.o isfn.c
arm-sony-linux-gnueabi-gcc -tarmv7a  -DLINUXV=22016 -DGLIBCV=215 -DHASNORPC_H -D_FILE_OFFSET_BITS=64 -D_LARGEFILE64_SOURCE -DHAS_STRFTIME -DLSOF_VSTR="3.2.53" -I/usr/local/arm-sony-linux-gnueabi/cross/target/tool//usr/include -O   -c -o lkud.o lkud.c
arm-sony-linux-gnueabi-gcc -tarmv7a  -DLINUXV=22016 -DGLIBCV=215 -DHASNORPC_H -D_FILE_OFFSET_BITS=64 -D_LARGEFILE64_SOURCE -DHAS_STRFTIME -DLSOF_VSTR="3.2.53" -I/usr/local/arm-sony-linux-gnueabi/cross/target/tool//usr/include -O   -c -o pdvn.o pdvn.c
arm-sony-linux-gnueabi-gcc -tarmv7a  -DLINUXV=22016 -DGLIBCV=215 -DHASNORPC_H -D_FILE_OFFSET_BITS=64 -D_LARGEFILE64_SOURCE -DHAS_STRFTIME -DLSOF_VSTR="3.2.53" -I/usr/local/arm-sony-linux-gnueabi/cross/target/tool//usr/include -O   -c -o prfp.o prfp.c
arm-sony-linux-gnueabi-gcc -tarmv7a  -DLINUXV=22016 -DGLIBCV=215 -DHASNORPC_H -D_FILE_OFFSET_BITS=64 -D_LARGEFILE64_SOURCE -DHAS_STRFTIME -DLSOF_VSTR="3.2.53" -I/usr/local/arm-sony-linux-gnueabi/cross/target/tool//usr/include -O   -c -o ptti.o ptti.c
arm-sony-linux-gnueabi-gcc -tarmv7a  -DLINUXV=22016 -DGLIBCV=215 -DHASNORPC_H -D_FILE_OFFSET_BITS=64 -D_LARGEFILE64_SOURCE -DHAS_STRFTIME -DLSOF_VSTR="3.2.53" -I/usr/local/arm-sony-linux-gnueabi/cross/target/tool//usr/include -O   -c -o rdev.o rdev.c
arm-sony-linux-gnueabi-gcc -tarmv7a  -DLINUXV=22016 -DGLIBCV=215 -DHASNORPC_H -D_FILE_OFFSET_BITS=64 -D_LARGEFILE64_SOURCE -DHAS_STRFTIME -DLSOF_VSTR="3.2.53" -I/usr/local/arm-sony-linux-gnueabi/cross/target/tool//usr/include -O   -c -o regex.o regex.c
arm-sony-linux-gnueabi-gcc -tarmv7a  -DLINUXV=22016 -DGLIBCV=215 -DHASNORPC_H -D_FILE_OFFSET_BITS=64 -D_LARGEFILE64_SOURCE -DHAS_STRFTIME -DLSOF_VSTR="3.2.53" -I/usr/local/arm-sony-linux-gnueabi/cross/target/tool//usr/include -O   -c -o rmnt.o rmnt.c
arm-sony-linux-gnueabi-gcc -tarmv7a  -DLINUXV=22016 -DGLIBCV=215 -DHASNORPC_H -D_FILE_OFFSET_BITS=64 -D_LARGEFILE64_SOURCE -DHAS_STRFTIME -DLSOF_VSTR="3.2.53" -I/usr/local/arm-sony-linux-gnueabi/cross/target/tool//usr/include -O   -c -o rnam.o rnam.c
arm-sony-linux-gnueabi-gcc -tarmv7a  -DLINUXV=22016 -DGLIBCV=215 -DHASNORPC_H -D_FILE_OFFSET_BITS=64 -D_LARGEFILE64_SOURCE -DHAS_STRFTIME -DLSOF_VSTR="3.2.53" -I/usr/local/arm-sony-linux-gnueabi/cross/target/tool//usr/include -O   -c -o rnch.o rnch.c
arm-sony-linux-gnueabi-gcc -tarmv7a  -DLINUXV=22016 -DGLIBCV=215 -DHASNORPC_H -D_FILE_OFFSET_BITS=64 -D_LARGEFILE64_SOURCE -DHAS_STRFTIME -DLSOF_VSTR="3.2.53" -I/usr/local/arm-sony-linux-gnueabi/cross/target/tool//usr/include -O   -c -o rnmh.o rnmh.c
arm-sony-linux-gnueabi-gcc -tarmv7a  -DLINUXV=22016 -DGLIBCV=215 -DHASNORPC_H -D_FILE_OFFSET_BITS=64 -D_LARGEFILE64_SOURCE -DHAS_STRFTIME -DLSOF_VSTR="3.2.53" -I/usr/local/arm-sony-linux-gnueabi/cross/target/tool//usr/include -O   -c -o snpf.o snpf.c
ar cr liblsof.a ckkv.o cvfs.o dvch.o fino.o isfn.o lkud.o pdvn.o prfp.o ptti.o rdev.o regex.o rmnt.o rnam.o rnch.o rnmh.o snpf.o
arm-sony-linux-gnueabi-ranlib liblsof.a
make[1]: Leaving directory `/home/rpmuser/rpm/BUILD/lsof_4.87/lsof_4.87_src/lib'
arm-sony-linux-gnueabi-gcc -tarmv7a  -DLINUXV=22016 -DGLIBCV=215 -DHASNORPC_H -D_FILE_OFFSET_BITS=64 -D_LARGEFILE64_SOURCE -DHAS_STRFTIME -DLSOF_VSTR=\"3.2.53\" -I/usr/local/arm-sony-linux-gnueabi/cross/target/tool//usr/include   -O   -c -o dfile.o dfile.c
arm-sony-linux-gnueabi-gcc -tarmv7a  -DLINUXV=22016 -DGLIBCV=215 -DHASNORPC_H -D_FILE_OFFSET_BITS=64 -D_LARGEFILE64_SOURCE -DHAS_STRFTIME -DLSOF_VSTR=\"3.2.53\" -I/usr/local/arm-sony-linux-gnueabi/cross/target/tool//usr/include   -O   -c -o dmnt.o dmnt.c
arm-sony-linux-gnueabi-gcc -tarmv7a  -DLINUXV=22016 -DGLIBCV=215 -DHASNORPC_H -D_FILE_OFFSET_BITS=64 -D_LARGEFILE64_SOURCE -DHAS_STRFTIME -DLSOF_VSTR=\"3.2.53\" -I/usr/local/arm-sony-linux-gnueabi/cross/target/tool//usr/include   -O   -c -o dnode.o dnode.c
arm-sony-linux-gnueabi-gcc -tarmv7a  -DLINUXV=22016 -DGLIBCV=215 -DHASNORPC_H -D_FILE_OFFSET_BITS=64 -D_LARGEFILE64_SOURCE -DHAS_STRFTIME -DLSOF_VSTR=\"3.2.53\" -I/usr/local/arm-sony-linux-gnueabi/cross/target/tool//usr/include   -O   -c -o dproc.o dproc.c
arm-sony-linux-gnueabi-gcc -tarmv7a  -DLINUXV=22016 -DGLIBCV=215 -DHASNORPC_H -D_FILE_OFFSET_BITS=64 -D_LARGEFILE64_SOURCE -DHAS_STRFTIME -DLSOF_VSTR=\"3.2.53\" -I/usr/local/arm-sony-linux-gnueabi/cross/target/tool//usr/include   -O   -c -o dsock.o dsock.c
arm-sony-linux-gnueabi-gcc -tarmv7a  -DLINUXV=22016 -DGLIBCV=215 -DHASNORPC_H -D_FILE_OFFSET_BITS=64 -D_LARGEFILE64_SOURCE -DHAS_STRFTIME -DLSOF_VSTR=\"3.2.53\" -I/usr/local/arm-sony-linux-gnueabi/cross/target/tool//usr/include   -O   -c -o dstore.o dstore.c
arm-sony-linux-gnueabi-gcc -tarmv7a  -DLINUXV=22016 -DGLIBCV=215 -DHASNORPC_H -D_FILE_OFFSET_BITS=64 -D_LARGEFILE64_SOURCE -DHAS_STRFTIME -DLSOF_VSTR=\"3.2.53\" -I/usr/local/arm-sony-linux-gnueabi/cross/target/tool//usr/include   -O   -c -o arg.o arg.c
arm-sony-linux-gnueabi-gcc -tarmv7a  -DLINUXV=22016 -DGLIBCV=215 -DHASNORPC_H -D_FILE_OFFSET_BITS=64 -D_LARGEFILE64_SOURCE -DHAS_STRFTIME -DLSOF_VSTR=\"3.2.53\" -I/usr/local/arm-sony-linux-gnueabi/cross/target/tool//usr/include   -O   -c -o main.o main.c
arm-sony-linux-gnueabi-gcc -tarmv7a  -DLINUXV=22016 -DGLIBCV=215 -DHASNORPC_H -D_FILE_OFFSET_BITS=64 -D_LARGEFILE64_SOURCE -DHAS_STRFTIME -DLSOF_VSTR=\"3.2.53\" -I/usr/local/arm-sony-linux-gnueabi/cross/target/tool//usr/include   -O   -c -o misc.o misc.c
arm-sony-linux-gnueabi-gcc -tarmv7a  -DLINUXV=22016 -DGLIBCV=215 -DHASNORPC_H -D_FILE_OFFSET_BITS=64 -D_LARGEFILE64_SOURCE -DHAS_STRFTIME -DLSOF_VSTR=\"3.2.53\" -I/usr/local/arm-sony-linux-gnueabi/cross/target/tool//usr/include   -O   -c -o node.o node.c
arm-sony-linux-gnueabi-gcc -tarmv7a  -DLINUXV=22016 -DGLIBCV=215 -DHASNORPC_H -D_FILE_OFFSET_BITS=64 -D_LARGEFILE64_SOURCE -DHAS_STRFTIME -DLSOF_VSTR=\"3.2.53\" -I/usr/local/arm-sony-linux-gnueabi/cross/target/tool//usr/include   -O   -c -o print.o print.c
arm-sony-linux-gnueabi-gcc -tarmv7a  -DLINUXV=22016 -DGLIBCV=215 -DHASNORPC_H -D_FILE_OFFSET_BITS=64 -D_LARGEFILE64_SOURCE -DHAS_STRFTIME -DLSOF_VSTR=\"3.2.53\" -I/usr/local/arm-sony-linux-gnueabi/cross/target/tool//usr/include   -O   -c -o proc.o proc.c
arm-sony-linux-gnueabi-gcc -tarmv7a  -DLINUXV=22016 -DGLIBCV=215 -DHASNORPC_H -D_FILE_OFFSET_BITS=64 -D_LARGEFILE64_SOURCE -DHAS_STRFTIME -DLSOF_VSTR=\"3.2.53\" -I/usr/local/arm-sony-linux-gnueabi/cross/target/tool//usr/include   -O   -c -o store.o store.c
Constructing version.h
arm-sony-linux-gnueabi-gcc -tarmv7a  -DLINUXV=22016 -DGLIBCV=215 -DHASNORPC_H -D_FILE_OFFSET_BITS=64 -D_LARGEFILE64_SOURCE -DHAS_STRFTIME -DLSOF_VSTR=\"3.2.53\" -I/usr/local/arm-sony-linux-gnueabi/cross/target/tool//usr/include   -O   -c -o usage.o usage.c
arm-sony-linux-gnueabi-gcc -tarmv7a  -DLINUXV=22016 -DGLIBCV=215 -DHASNORPC_H -D_FILE_OFFSET_BITS=64 -D_LARGEFILE64_SOURCE -DHAS_STRFTIME -DLSOF_VSTR=\"3.2.53\" -I/usr/local/arm-sony-linux-gnueabi/cross/target/tool//usr/include   -O   -c -o util.o util.c
arm-sony-linux-gnueabi-gcc -tarmv7a -o lsof dfile.o dmnt.o dnode.o dproc.o dsock.o dstore.o arg.o main.o misc.o node.o print.o proc.o store.o usage.o util.o -L./lib -llsof 
Executing(%install): /bin/sh -e /home/rpmuser/rpm/tmp/rpm-tmp.sNYt46
Processing files: arm-sony-linux-gnueabi-armv7a-dev-lsof-4.87-11000002.arm
Checking for unpackaged file(s): /usr/lib/rpm/check-files /home/rpmuser/rpm/BUILDROOT/sony-target-dev-lsof-4.87-11000002.x86_64
Wrote: /home/rpmuser/rpm/SRPMS/sony-target-dev-lsof-4.87-11000002.src.rpm
Wrote: /home/rpmuser/rpm/RPMS/arm/arm-sony-linux-gnueabi-armv7a-dev-lsof-4.87-11000002.arm.rpm
Executing(%clean): /bin/sh -e /home/rpmuser/rpm/tmp/rpm-tmp.0mwt0z
