RPM Package building for Sony CE Linux 11.0
Building target platforms: arm-sony-linux
Building for target arm-sony-linux
Executing(%prep): /bin/sh -e /home/rpmuser/rpm/tmp/rpm-tmp.r9K4hG
drwxrwxrwx 1000/1000         0 2007-10-10 22:48 which-2.18/
-rw-r--r-- 1000/1000      3727 2007-10-10 22:48 which-2.18/EXAMPLES
-rw-r--r-- 1000/1000      4577 2005-04-21 19:59 which-2.18/posixstat.h
-rw-r--r-- 1000/1000      3610 2007-10-10 22:47 which-2.18/which.1
-rw-r--r-- 1000/1000        93 2007-10-10 22:47 which-2.18/stamp-vti
-rw-r--r-- 1000/1000      4611 2005-04-21 19:59 which-2.18/getopt1.c
drwxrwxrwx 1000/1000         0 2007-10-10 22:48 which-2.18/tilde/
-rw-r--r-- 1000/1000     11473 2005-04-21 19:59 which-2.18/tilde/tilde.c
-rw-r--r-- 1000/1000      2724 2005-04-21 19:59 which-2.18/tilde/tilde.h
-rw-r--r-- 1000/1000       444 2005-04-21 19:59 which-2.18/tilde/README
-rw-r--r-- 1000/1000      1809 2005-04-21 19:59 which-2.18/tilde/shell.c
-rw-r--r-- 1000/1000       184 2007-10-09 19:33 which-2.18/tilde/Makefile.am
-rw-r--r-- 1000/1000     11937 2007-10-10 22:45 which-2.18/tilde/Makefile.in
-rw-r--r-- 1000/1000      1320 2005-04-21 19:59 which-2.18/tilde/ansi_stdlib.h
-rw-r--r-- 1000/1000      7831 2005-04-21 19:59 which-2.18/INSTALL
-rw-r--r-- 1000/1000      7773 2007-10-10 22:22 which-2.18/maintMakefile.in
-rw-r--r-- 1000/1000      7646 2005-04-21 19:59 which-2.18/which.texinfo
-rw-r--r-- 1000/1000     34309 2007-10-10 22:45 which-2.18/aclocal.m4
-rw-r--r-- 1000/1000      4433 2007-10-10 22:47 which-2.18/README
-rw-r--r-- 1000/1000     30245 2005-04-21 19:59 which-2.18/getopt.c
-rw-r--r-- 1000/1000       928 2007-10-10 05:39 which-2.18/Makefile.am
-rw-r--r-- 1000/1000       982 2005-04-21 19:59 which-2.18/sys.h
-rw-r--r-- 1000/1000       744 2005-04-21 19:59 which-2.18/README.alias
-rw-r--r-- 1000/1000       245 2005-04-21 19:59 which-2.18/AUTHORS
-rwxr-xr-x 1000/1000    195119 2007-10-10 22:45 which-2.18/configure
-rw-r--r-- 1000/1000     31484 2007-10-10 22:45 which-2.18/Makefile.in
-rw-r--r-- 1000/1000      3172 2007-10-09 20:47 which-2.18/NEWS
-rw-r--r-- 1000/1000      2515 2006-02-02 09:36 which-2.18/acinclude.m4
-rwxr-xr-x 1000/1000      2679 2005-04-21 19:59 which-2.18/mdate-sh
-rw-r--r-- 1000/1000     11821 2005-04-21 19:59 which-2.18/bash.c
-rwxr-xr-x 1000/1000      9233 2006-11-27 08:21 which-2.18/install-sh
-rw-r--r-- 1000/1000       424 2005-04-21 19:59 which-2.18/bash.h
-rw-r--r-- 1000/1000        93 2007-10-10 22:30 which-2.18/version.texi
-rw-r--r-- 1000/1000      4588 2005-04-21 19:59 which-2.18/getopt.h
-rwxr-xr-x 1000/1000      2851 2007-10-10 22:45 which-2.18/depcomp
-rw-r--r-- 1000/1000      2774 2007-10-10 22:47 which-2.18/config.h.in
-rw-r--r-- 1000/1000     16207 2007-10-09 19:49 which-2.18/which.c
-rw-r--r-- 1000/1000      7378 2007-10-10 22:48 which-2.18/which.info
-rwxr-xr-x 1000/1000     11014 2006-11-27 08:21 which-2.18/missing
-rw-r--r-- 1000/1000      1258 2007-10-10 22:39 which-2.18/configure.ac
-rw-r--r-- 1000/1000     17987 2007-10-09 19:36 which-2.18/COPYING
Executing(%build): /bin/sh -e /home/rpmuser/rpm/tmp/rpm-tmp.L4P0cw
checking for a BSD-compatible install... /usr/bin/install -c
checking whether build environment is sane... yes
checking for gawk... no
checking for mawk... mawk
checking whether make sets $(MAKE)... yes
checking for arm-sony-linux-gnueabi-strip... true
checking whether to enable maintainer-specific portions of Makefiles... no
checking for arm-sony-linux-gnueabi-gcc... arm-sony-linux-gnueabi-gcc -tarmv7a
checking for C compiler default output file name... a.out
checking whether the C compiler works... yes
checking whether we are cross compiling... yes
checking for suffix of executables... 
checking for suffix of object files... o
checking whether we are using the GNU C compiler... yes
checking whether arm-sony-linux-gnueabi-gcc -tarmv7a accepts -g... yes
checking for arm-sony-linux-gnueabi-gcc -tarmv7a option to accept ISO C89... none needed
checking for style of include used by make... GNU
checking dependency style of arm-sony-linux-gnueabi-gcc -tarmv7a... pch
checking for a BSD-compatible install... /usr/bin/install -c
checking how to run the C preprocessor... arm-sony-linux-gnueabi-cpp -tarmv7a
checking for grep that handles long lines and -e... /bin/grep
checking for egrep... /bin/grep -E
checking for ANSI C header files... yes
checking for sys/types.h... yes
checking for sys/stat.h... yes
checking for stdlib.h... yes
checking for string.h... yes
checking for memory.h... yes
checking for strings.h... yes
checking for inttypes.h... yes
checking for stdint.h... yes
checking for unistd.h... yes
checking minix/config.h usability... no
checking minix/config.h presence... no
checking for minix/config.h... no
checking for ANSI C header files... (cached) yes
checking for strchr... yes
checking for memcpy... yes
checking for getopt_long... yes
checking for unistd.h... (cached) yes
checking for string.h... (cached) yes
checking libiberty.h usability... no
checking libiberty.h presence... no
checking for libiberty.h... no
checking whether stat file-mode macros are broken... no
checking for an ANSI C-conforming const... yes
checking for size_t... yes
checking for uid_t in sys/types.h... yes
checking type of array argument to getgroups... gid_t
checking for getcwd... yes
checking for getwd... yes
checking for ar... arm-sony-linux-gnueabi-ar
checking for arm-sony-linux-gnueabi-ranlib... arm-sony-linux-gnueabi-ranlib
checking for stdlib.h... (cached) yes
checking whether programs are able to redeclare getpw functions... yes
configure: creating ./config.status
config.status: creating Makefile
config.status: creating maintMakefile
config.status: creating tilde/Makefile
config.status: creating config.h
config.status: executing depfiles commands
make  all-recursive
make[1]: Entering directory `/home/rpmuser/rpm/BUILD/which-2.18/objdir'
Making all in tilde
make[2]: Entering directory `/home/rpmuser/rpm/BUILD/which-2.18/objdir/tilde'
source='../../tilde/tilde.c' object='tilde.o' libtool=no \
	DEPDIR=.deps depmode=pch /bin/sh ../../depcomp \
	arm-sony-linux-gnueabi-gcc -tarmv7a -DHAVE_CONFIG_H -I. -I../../tilde -I..     -O2 -c ../../tilde/tilde.c
source='../../tilde/shell.c' object='shell.o' libtool=no \
	DEPDIR=.deps depmode=pch /bin/sh ../../depcomp \
	arm-sony-linux-gnueabi-gcc -tarmv7a -DHAVE_CONFIG_H -I. -I../../tilde -I..     -O2 -c ../../tilde/shell.c
rm -f libtilde.a
arm-sony-linux-gnueabi-ar cru libtilde.a tilde.o shell.o 
arm-sony-linux-gnueabi-ranlib libtilde.a
make[2]: Leaving directory `/home/rpmuser/rpm/BUILD/which-2.18/objdir/tilde'
Making all in .
make[2]: Entering directory `/home/rpmuser/rpm/BUILD/which-2.18/objdir'
source='../getopt.c' object='getopt.o' libtool=no \
	DEPDIR=.deps depmode=pch /bin/sh ../depcomp \
	arm-sony-linux-gnueabi-gcc -tarmv7a -DHAVE_CONFIG_H -I. -I.. -I.     -O2 -c ../getopt.c
source='../getopt1.c' object='getopt1.o' libtool=no \
	DEPDIR=.deps depmode=pch /bin/sh ../depcomp \
	arm-sony-linux-gnueabi-gcc -tarmv7a -DHAVE_CONFIG_H -I. -I.. -I.     -O2 -c ../getopt1.c
source='../bash.c' object='bash.o' libtool=no \
	DEPDIR=.deps depmode=pch /bin/sh ../depcomp \
	arm-sony-linux-gnueabi-gcc -tarmv7a -DHAVE_CONFIG_H -I. -I.. -I.     -O2 -c ../bash.c
source='../which.c' object='which.o' libtool=no \
	DEPDIR=.deps depmode=pch /bin/sh ../depcomp \
	arm-sony-linux-gnueabi-gcc -tarmv7a -DHAVE_CONFIG_H -I. -I.. -I.     -O2 -c ../which.c
arm-sony-linux-gnueabi-gcc -tarmv7a  -O2   -o which  getopt.o getopt1.o bash.o which.o ./tilde/libtilde.a 
make[2]: Leaving directory `/home/rpmuser/rpm/BUILD/which-2.18/objdir'
make[1]: Leaving directory `/home/rpmuser/rpm/BUILD/which-2.18/objdir'
Executing(%install): /bin/sh -e /home/rpmuser/rpm/tmp/rpm-tmp.BRimMw
make  install-recursive
make[1]: Entering directory `/home/rpmuser/rpm/BUILD/which-2.18/objdir'
Making install in tilde
make[2]: Entering directory `/home/rpmuser/rpm/BUILD/which-2.18/objdir/tilde'
make[3]: Entering directory `/home/rpmuser/rpm/BUILD/which-2.18/objdir/tilde'
make[3]: Nothing to be done for `install-exec-am'.
make[3]: Nothing to be done for `install-data-am'.
make[3]: Leaving directory `/home/rpmuser/rpm/BUILD/which-2.18/objdir/tilde'
make[2]: Leaving directory `/home/rpmuser/rpm/BUILD/which-2.18/objdir/tilde'
Making install in .
make[2]: Entering directory `/home/rpmuser/rpm/BUILD/which-2.18/objdir'
make[3]: Entering directory `/home/rpmuser/rpm/BUILD/which-2.18/objdir'
test -z "/usr/bin" || mkdir -p -- "/home/rpmuser/rpm/BUILDROOT/sony-target-dev-which-2.18-11000001.x86_64/usr/local/arm-sony-linux-gnueabi/target/armv7a/usr/bin"
  /usr/bin/install -c 'which' '/home/rpmuser/rpm/BUILDROOT/sony-target-dev-which-2.18-11000001.x86_64/usr/local/arm-sony-linux-gnueabi/target/armv7a/usr/bin/which'
test -z "/usr/share/info" || mkdir -p -- "/home/rpmuser/rpm/BUILDROOT/sony-target-dev-which-2.18-11000001.x86_64/usr/local/arm-sony-linux-gnueabi/target/armv7a/usr/share/info"
 /usr/bin/install -c -m 644 '../which.info' '/home/rpmuser/rpm/BUILDROOT/sony-target-dev-which-2.18-11000001.x86_64/usr/local/arm-sony-linux-gnueabi/target/armv7a/usr/share/info/which.info'
 install-info --info-dir='/home/rpmuser/rpm/BUILDROOT/sony-target-dev-which-2.18-11000001.x86_64/usr/local/arm-sony-linux-gnueabi/target/armv7a/usr/share/info' '/home/rpmuser/rpm/BUILDROOT/sony-target-dev-which-2.18-11000001.x86_64/usr/local/arm-sony-linux-gnueabi/target/armv7a/usr/share/info/which.info'
test -z "/usr/share/man/man1" || mkdir -p -- "/home/rpmuser/rpm/BUILDROOT/sony-target-dev-which-2.18-11000001.x86_64/usr/local/arm-sony-linux-gnueabi/target/armv7a/usr/share/man/man1"
 /usr/bin/install -c -m 644 '../which.1' '/home/rpmuser/rpm/BUILDROOT/sony-target-dev-which-2.18-11000001.x86_64/usr/local/arm-sony-linux-gnueabi/target/armv7a/usr/share/man/man1/which.1'
make[3]: Leaving directory `/home/rpmuser/rpm/BUILD/which-2.18/objdir'
make[2]: Leaving directory `/home/rpmuser/rpm/BUILD/which-2.18/objdir'
make[1]: Leaving directory `/home/rpmuser/rpm/BUILD/which-2.18/objdir'
Processing files: arm-sony-linux-gnueabi-armv7a-dev-which-2.18-11000001.arm
Checking for unpackaged file(s): /usr/lib/rpm/check-files /home/rpmuser/rpm/BUILDROOT/sony-target-dev-which-2.18-11000001.x86_64
Wrote: /home/rpmuser/rpm/SRPMS/sony-target-dev-which-2.18-11000001.src.rpm
Wrote: /home/rpmuser/rpm/RPMS/arm/arm-sony-linux-gnueabi-armv7a-dev-which-2.18-11000001.arm.rpm
Executing(%clean): /bin/sh -e /home/rpmuser/rpm/tmp/rpm-tmp.8WoYoz
